2024-02-22 14:07:40,656 [INFO] Activator:176 - 


2024-02-22 14:07:40,671 [INFO] Activator:177 - !SESSION log4j initialized
2024-02-22 14:07:54,248 [INFO] LogOutputStream:77 - [STDOUT_REDIRECT] 
2024-02-22 14:07:57,008 [INFO] ApplicationProperties:184 - Using Application install path: /opt/st/stm32cubeide_1.13.2/plugins/com.st.stm32cube.common.mx_6.9.2.202309101412
2024-02-22 14:07:57,077 [INFO] DbMcusXml:78 - Set database path to: /opt/st/stm32cubeide_1.13.2/plugins/com.st.stm32cube.common.mx_6.9.2.202309101412//db//mcu/
2024-02-22 14:07:57,078 [INFO] ApiDb:274 - Set plugin database path to: /opt/st/stm32cubeide_1.13.2/plugins/com.st.stm32cube.common.mx_6.9.2.202309101412//db//plugins/boardmanager/
2024-02-22 14:07:57,079 [WARN] ApiDb:259 - Overriding images path with different value:  => /opt/st/stm32cubeide_1.13.2/plugins/com.st.stm32cube.common.mx_6.9.2.202309101412//db//plugins/mcufinder/images/
2024-02-22 14:07:57,150 [INFO] ApiDb:250 - Set database path to: /home/sayeed/.stmcufinder/plugins/mcufinder//mcu/
2024-02-22 14:07:57,153 [INFO] DbMcusAds:125 - Set database path to: /home/sayeed/.stmcufinder/plugins/mcufinder//mcu/
2024-02-22 14:07:57,159 [INFO] CrossReferenceDbSqlite:203 - Set database path to: /home/sayeed/.stmcufinder/plugins/mcufinder//mcu/cs/
2024-02-22 14:07:57,439 [INFO] RulesReader:64 - Compatibility file has been processed (293 Rules)
2024-02-22 14:07:57,709 [INFO] DbMcusXml:78 - Set database path to: /opt/st/stm32cubeide_1.13.2/plugins/com.st.stm32cube.common.mx_6.9.2.202309101412//db//mcu/
2024-02-22 14:07:57,709 [INFO] ApiDb:274 - Set plugin database path to: /opt/st/stm32cubeide_1.13.2/plugins/com.st.stm32cube.common.mx_6.9.2.202309101412//db//plugins/boardmanager/
2024-02-22 14:07:57,709 [INFO] ApiDb:261 - Set plugin images path to: /opt/st/stm32cubeide_1.13.2/plugins/com.st.stm32cube.common.mx_6.9.2.202309101412//db//plugins/mcufinder/images/
2024-02-22 14:07:57,710 [WARN] DbFile:41 - Overriding database path with different value: /home/sayeed/.stmcufinder/plugins/mcufinder/ => /home/sayeed/.stmcufinder/plugins/mcufinder
2024-02-22 14:07:57,710 [INFO] ApiDb:250 - Set database path to: /home/sayeed/.stmcufinder/plugins/mcufinder//mcu/
2024-02-22 14:07:57,710 [WARN] DbFile:41 - Overriding database path with different value: /home/sayeed/.stmcufinder/plugins/mcufinder/ => /home/sayeed/.stmcufinder/plugins/mcufinder
2024-02-22 14:07:57,710 [INFO] DbMcusAds:125 - Set database path to: /home/sayeed/.stmcufinder/plugins/mcufinder//mcu/
2024-02-22 14:07:57,711 [WARN] DbFile:41 - Overriding database path with different value: /home/sayeed/.stmcufinder/plugins/mcufinder/ => /home/sayeed/.stmcufinder/plugins/mcufinder
2024-02-22 14:07:57,711 [WARN] DbFile:41 - Overriding database path with different value: /home/sayeed/.stmcufinder/plugins/mcufinder/ => /home/sayeed/.stmcufinder/plugins/mcufinder
2024-02-22 14:07:57,711 [INFO] CrossReferenceDbSqlite:203 - Set database path to: /home/sayeed/.stmcufinder/plugins/mcufinder//mcu/cs/
2024-02-22 14:07:57,940 [INFO] MainPanel:262 - HeapMemory: 268435456
2024-02-22 14:07:58,224 [INFO] DbMcusXml:78 - Set database path to: /opt/st/stm32cubeide_1.13.2/plugins/com.st.stm32cube.common.mx_6.9.2.202309101412//db//mcu/
2024-02-22 14:07:58,224 [INFO] ApiDb:274 - Set plugin database path to: /opt/st/stm32cubeide_1.13.2/plugins/com.st.stm32cube.common.mx_6.9.2.202309101412//db//plugins/boardmanager/
2024-02-22 14:07:58,224 [INFO] ApiDb:261 - Set plugin images path to: /opt/st/stm32cubeide_1.13.2/plugins/com.st.stm32cube.common.mx_6.9.2.202309101412//db//plugins/mcufinder/images/
2024-02-22 14:07:58,237 [WARN] DbFile:41 - Overriding database path with different value: /home/sayeed/.stmcufinder/plugins/mcufinder/ => /home/sayeed/.stmcufinder/plugins/mcufinder
2024-02-22 14:07:58,237 [INFO] ApiDb:250 - Set database path to: /home/sayeed/.stmcufinder/plugins/mcufinder//mcu/
2024-02-22 14:07:58,237 [WARN] DbFile:41 - Overriding database path with different value: /home/sayeed/.stmcufinder/plugins/mcufinder/ => /home/sayeed/.stmcufinder/plugins/mcufinder
2024-02-22 14:07:58,237 [INFO] DbMcusAds:125 - Set database path to: /home/sayeed/.stmcufinder/plugins/mcufinder//mcu/
2024-02-22 14:07:58,237 [WARN] DbFile:41 - Overriding database path with different value: /home/sayeed/.stmcufinder/plugins/mcufinder/ => /home/sayeed/.stmcufinder/plugins/mcufinder
2024-02-22 14:07:58,237 [WARN] DbFile:41 - Overriding database path with different value: /home/sayeed/.stmcufinder/plugins/mcufinder/ => /home/sayeed/.stmcufinder/plugins/mcufinder
2024-02-22 14:07:58,238 [INFO] CrossReferenceDbSqlite:203 - Set database path to: /home/sayeed/.stmcufinder/plugins/mcufinder//mcu/cs/
2024-02-22 14:07:58,292 [INFO] ApplicationProperties:184 - Using Application install path: /opt/st/stm32cubeide_1.13.2/plugins/com.st.stm32cube.common.mx_6.9.2.202309101412
2024-02-22 14:07:58,294 [INFO] PluginManage:196 - Search for loadable plugins [exclusion list=, ]
2024-02-22 14:07:58,302 [INFO] PluginManage:310 - Check plugin analytics
2024-02-22 14:07:58,649 [INFO] AnalyticsPlugin:253 - Accepted Software Licenses: 
2024-02-22 14:07:58,649 [INFO] AnalyticsPlugin:255 - Accepted CMSIS Pack Licenses: 
2024-02-22 14:07:58,650 [INFO] AnalyticsPlugin:257 - Accepted Firmware Licenses: FW.F4.1.27.0,FW.G4.1.5.0
2024-02-22 14:07:58,654 [INFO] PluginManage:359 - Loaded plugin analytics (category:tool,tabindex:-1)
2024-02-22 14:07:58,656 [INFO] PluginManage:310 - Check plugin cadmodel
2024-02-22 14:07:59,145 [INFO] CADModel:105 - Init CAD model plugin
2024-02-22 14:07:59,145 [INFO] PluginManage:359 - Loaded plugin cadmodel (category:power,tabindex:5)
2024-02-22 14:07:59,146 [INFO] PluginManage:310 - Check plugin clock
2024-02-22 14:07:59,693 [INFO] PluginManage:359 - Loaded plugin clock (category:base,tabindex:2)
2024-02-22 14:07:59,694 [INFO] PluginManage:310 - Check plugin ddr
2024-02-22 14:07:59,781 [INFO] PluginManage:359 - Loaded plugin ddr (category:tool,tabindex:6)
2024-02-22 14:07:59,782 [INFO] PluginManage:310 - Check plugin filemanager
2024-02-22 14:08:01,384 [INFO] PluginManage:359 - Loaded plugin filemanager (category:base,tabindex:10)
2024-02-22 14:08:01,384 [INFO] PluginManage:310 - Check plugin ipmanager
2024-02-22 14:08:01,502 [INFO] PluginManage:359 - Loaded plugin ipmanager (category:base,tabindex:5)
2024-02-22 14:08:01,503 [INFO] PluginManage:310 - Check plugin lpbam
2024-02-22 14:08:01,647 [INFO] PluginManage:359 - Loaded plugin lpbam (category:base,tabindex:0)
2024-02-22 14:08:01,648 [INFO] PluginManage:310 - Check plugin memorymap
2024-02-22 14:08:02,074 [INFO] PluginManage:359 - Loaded plugin memorymap (category:base,tabindex:4)
2024-02-22 14:08:02,075 [INFO] PluginManage:310 - Check plugin pinoutandconfiguration
2024-02-22 14:08:02,335 [INFO] PluginManage:359 - Loaded plugin pinoutandconfiguration (category:base,tabindex:1)
2024-02-22 14:08:02,336 [INFO] PluginManage:310 - Check plugin pinoutconfig
2024-02-22 14:08:02,955 [WARN] SupportedApi:132 - Cannot load RTOS API schema: s4s-elt-must-match.1: The content of 'definitions' must match (annotation?, (simpleType | complexType)?, (unique | key | keyref)*)). A problem was found starting at: attribute.
2024-02-22 14:08:04,439 [INFO] PluginManage:359 - Loaded plugin pinoutconfig (category:base,tabindex:0)
2024-02-22 14:08:04,439 [INFO] PluginManage:310 - Check plugin power
2024-02-22 14:08:04,758 [INFO] PluginManage:359 - Loaded plugin power (category:power,tabindex:4)
2024-02-22 14:08:04,758 [INFO] PluginManage:310 - Check plugin projectmanager
2024-02-22 14:08:04,852 [INFO] PluginManage:359 - Loaded plugin projectmanager (category:projectmanager,tabindex:3)
2024-02-22 14:08:04,852 [INFO] PluginManage:310 - Check plugin thirdparty
2024-02-22 14:08:05,979 [INFO] PluginManage:359 - Loaded plugin thirdparty (category:base,tabindex:-1)
2024-02-22 14:08:05,980 [INFO] PluginManage:310 - Check plugin tools
2024-02-22 14:08:05,979 [WARN] IntegrityCheckThread:84 - waiting for thirdparty lock release [integrity check]
2024-02-22 14:08:05,981 [INFO] IntegrityCheckThread:86 - entering critical section [integrity check]
2024-02-22 14:08:05,981 [INFO] ThirdPartyUpdaterWithRetryManager:70 - Updater plugin not ready yet. [1/15]
2024-02-22 14:08:06,011 [INFO] PluginManage:359 - Loaded plugin tools (category:base,tabindex:7)
2024-02-22 14:08:06,011 [INFO] PluginManage:310 - Check plugin tutovideos
2024-02-22 14:08:06,326 [INFO] PluginManage:359 - Loaded plugin tutovideos (category:base,tabindex:-1)
2024-02-22 14:08:06,327 [INFO] PluginManage:310 - Check plugin updater
2024-02-22 14:08:06,366 [INFO] PluginManage:359 - Loaded plugin updater (category:base,tabindex:12)
2024-02-22 14:08:06,366 [INFO] PluginManage:310 - Check plugin userauth
2024-02-22 14:08:06,385 [INFO] UserAuth:113 - Init User Auth plugin
2024-02-22 14:08:06,386 [INFO] PluginManage:359 - Loaded plugin userauth (category:base,tabindex:14)
2024-02-22 14:08:06,386 [INFO] PluginManage:283 - PluginManage : Loaded plugins [17]
2024-02-22 14:08:06,878 [INFO] PinOutPanel:1499 - setPackage(No Configuration,No Configuration)
2024-02-22 14:08:07,041 [INFO] CADModel:165 - CPN selected for project level
2024-02-22 14:08:07,041 [INFO] CADModel:114 - Register for checkConnection events
2024-02-22 14:08:07,086 [INFO] IPUIPlugin:80 - create IPUIPlugin
2024-02-22 14:08:07,087 [INFO] PluginManager:220 - loadIPPluginJar : add aes
2024-02-22 14:08:07,112 [INFO] IPUIPlugin:80 - create IPUIPlugin
2024-02-22 14:08:07,112 [INFO] PluginManager:220 - loadIPPluginJar : add fmc
2024-02-22 14:08:07,134 [INFO] IPUIPlugin:80 - create IPUIPlugin
2024-02-22 14:08:07,134 [INFO] PluginManager:220 - loadIPPluginJar : add openamp
2024-02-22 14:08:07,137 [INFO] IPUIPlugin:80 - create IPUIPlugin
2024-02-22 14:08:07,137 [INFO] PluginManager:220 - loadIPPluginJar : add spi
2024-02-22 14:08:07,141 [INFO] IPUIPlugin:80 - create IPUIPlugin
2024-02-22 14:08:07,141 [INFO] PluginManager:220 - loadIPPluginJar : add i2s
2024-02-22 14:08:07,144 [INFO] IPUIPlugin:80 - create IPUIPlugin
2024-02-22 14:08:07,145 [INFO] PluginManager:220 - loadIPPluginJar : add dma3
2024-02-22 14:08:07,158 [INFO] IPUIPlugin:80 - create IPUIPlugin
2024-02-22 14:08:07,158 [INFO] PluginManager:220 - loadIPPluginJar : add i2c
2024-02-22 14:08:07,171 [INFO] IPUIPlugin:80 - create IPUIPlugin
2024-02-22 14:08:07,171 [INFO] PluginManager:220 - loadIPPluginJar : add ipddr
2024-02-22 14:08:07,173 [INFO] IPUIPlugin:80 - create IPUIPlugin
2024-02-22 14:08:07,173 [INFO] PluginManager:220 - loadIPPluginJar : add ltdc
2024-02-22 14:08:07,177 [INFO] IPUIPlugin:80 - create IPUIPlugin
2024-02-22 14:08:07,177 [INFO] PluginManager:220 - loadIPPluginJar : add nvic
2024-02-22 14:08:07,189 [INFO] IPUIPlugin:80 - create IPUIPlugin
2024-02-22 14:08:07,189 [INFO] PluginManager:220 - loadIPPluginJar : add hash
2024-02-22 14:08:07,191 [INFO] IPUIPlugin:80 - create IPUIPlugin
2024-02-22 14:08:07,191 [INFO] PluginManager:220 - loadIPPluginJar : add comp
2024-02-22 14:08:07,214 [INFO] IPUIPlugin:80 - create IPUIPlugin
2024-02-22 14:08:07,215 [INFO] PluginManager:220 - loadIPPluginJar : add mdma
2024-02-22 14:08:07,218 [INFO] IPUIPlugin:80 - create IPUIPlugin
2024-02-22 14:08:07,218 [INFO] PluginManager:220 - loadIPPluginJar : add opamp
2024-02-22 14:08:07,224 [INFO] IPUIPlugin:80 - create IPUIPlugin
2024-02-22 14:08:07,225 [INFO] PluginManager:220 - loadIPPluginJar : add gic
2024-02-22 14:08:07,227 [INFO] IPUIPlugin:80 - create IPUIPlugin
2024-02-22 14:08:07,227 [INFO] PluginManager:220 - loadIPPluginJar : add ucpd
2024-02-22 14:08:07,230 [INFO] IPUIPlugin:80 - create IPUIPlugin
2024-02-22 14:08:07,230 [INFO] PluginManager:220 - loadIPPluginJar : add pdm2pcm
2024-02-22 14:08:07,232 [INFO] IPUIPlugin:80 - create IPUIPlugin
2024-02-22 14:08:07,232 [INFO] PluginManager:220 - loadIPPluginJar : add fatfs
2024-02-22 14:08:07,234 [INFO] IPUIPlugin:80 - create IPUIPlugin
2024-02-22 14:08:07,234 [INFO] PluginManager:220 - loadIPPluginJar : add genericplugin
2024-02-22 14:08:07,237 [INFO] IPUIPlugin:80 - create IPUIPlugin
2024-02-22 14:08:07,237 [INFO] PluginManager:220 - loadIPPluginJar : add cryp
2024-02-22 14:08:07,239 [INFO] IPUIPlugin:80 - create IPUIPlugin
2024-02-22 14:08:07,239 [INFO] PluginManager:220 - loadIPPluginJar : add ts
2024-02-22 14:08:07,241 [INFO] IPUIPlugin:80 - create IPUIPlugin
2024-02-22 14:08:07,242 [INFO] PluginManager:220 - loadIPPluginJar : add tim
2024-02-22 14:08:07,258 [INFO] IPUIPlugin:80 - create IPUIPlugin
2024-02-22 14:08:07,258 [INFO] PluginManager:220 - loadIPPluginJar : add can
2024-02-22 14:08:07,270 [INFO] IPUIPlugin:80 - create IPUIPlugin
2024-02-22 14:08:07,271 [INFO] PluginManager:220 - loadIPPluginJar : add adc
2024-02-22 14:08:07,279 [INFO] IPUIPlugin:80 - create IPUIPlugin
2024-02-22 14:08:07,279 [INFO] PluginManager:220 - loadIPPluginJar : add linkedlist
2024-02-22 14:08:07,311 [INFO] IPUIPlugin:80 - create IPUIPlugin
2024-02-22 14:08:07,311 [INFO] PluginManager:220 - loadIPPluginJar : add resmgrutility
2024-02-22 14:08:07,315 [INFO] IPUIPlugin:80 - create IPUIPlugin
2024-02-22 14:08:07,315 [INFO] PluginManager:220 - loadIPPluginJar : add usbx
2024-02-22 14:08:07,318 [INFO] IPUIPlugin:80 - create IPUIPlugin
2024-02-22 14:08:07,319 [INFO] PluginManager:220 - loadIPPluginJar : add usart
2024-02-22 14:08:07,340 [INFO] IPUIPlugin:80 - create IPUIPlugin
2024-02-22 14:08:07,341 [INFO] PluginManager:220 - loadIPPluginJar : add gpio
2024-02-22 14:08:07,348 [INFO] IPUIPlugin:80 - create IPUIPlugin
2024-02-22 14:08:07,348 [INFO] PluginManager:220 - loadIPPluginJar : add touchsensing
2024-02-22 14:08:07,353 [INFO] IPUIPlugin:80 - create IPUIPlugin
2024-02-22 14:08:07,353 [INFO] PluginManager:220 - loadIPPluginJar : add lorawan
2024-02-22 14:08:07,357 [INFO] IPUIPlugin:80 - create IPUIPlugin
2024-02-22 14:08:07,357 [INFO] PluginManager:220 - loadIPPluginJar : add tsc
2024-02-22 14:08:07,361 [INFO] IPUIPlugin:80 - create IPUIPlugin
2024-02-22 14:08:07,361 [INFO] PluginManager:220 - loadIPPluginJar : add tracer_emb
2024-02-22 14:08:07,366 [INFO] IPUIPlugin:80 - create IPUIPlugin
2024-02-22 14:08:07,366 [INFO] PluginManager:220 - loadIPPluginJar : add dfsdm
2024-02-22 14:08:07,370 [INFO] IPUIPlugin:80 - create IPUIPlugin
2024-02-22 14:08:07,370 [INFO] PluginManager:220 - loadIPPluginJar : add gfxmmu
2024-02-22 14:08:07,373 [INFO] IPUIPlugin:80 - create IPUIPlugin
2024-02-22 14:08:07,373 [INFO] PluginManager:220 - loadIPPluginJar : add quadspi
2024-02-22 14:08:07,390 [INFO] IPUIPlugin:80 - create IPUIPlugin
2024-02-22 14:08:07,391 [INFO] PluginManager:220 - loadIPPluginJar : add freertos
2024-02-22 14:08:07,397 [INFO] IPUIPlugin:80 - create IPUIPlugin
2024-02-22 14:08:07,397 [INFO] PluginManager:220 - loadIPPluginJar : add sai
2024-02-22 14:08:07,402 [INFO] IPUIPlugin:80 - create IPUIPlugin
2024-02-22 14:08:07,402 [INFO] PluginManager:220 - loadIPPluginJar : add gtzc
2024-02-22 14:08:07,410 [INFO] IPUIPlugin:80 - create IPUIPlugin
2024-02-22 14:08:07,411 [INFO] PluginManager:220 - loadIPPluginJar : add stm32_wpan
2024-02-22 14:08:07,429 [INFO] IPUIPlugin:80 - create IPUIPlugin
2024-02-22 14:08:07,429 [INFO] PluginManager:220 - loadIPPluginJar : add dma
2024-02-22 14:08:07,433 [INFO] IPUIPlugin:80 - create IPUIPlugin
2024-02-22 14:08:07,433 [INFO] PluginManager:220 - loadIPPluginJar : add i3c
2024-02-22 14:08:07,447 [INFO] IPUIPlugin:80 - create IPUIPlugin
2024-02-22 14:08:07,451 [INFO] PluginManager:220 - loadIPPluginJar : add plateformsettings
2024-02-22 14:08:07,573 [INFO] CADModel:165 - CPN selected for project level
2024-02-22 14:08:07,573 [INFO] CADModel:114 - Register for checkConnection events
2024-02-22 14:08:07,573 [FATAL] Updater:308 - Updater called before beeing initialized
2024-02-22 14:08:07,573 [ERROR] CADModel:125 - Updater not yet initialized, retry later 
2024-02-22 14:08:07,851 [INFO] CADModel:165 - CPN selected for project level
2024-02-22 14:08:07,851 [INFO] CADModel:114 - Register for checkConnection events
2024-02-22 14:08:07,852 [FATAL] Updater:308 - Updater called before beeing initialized
2024-02-22 14:08:07,852 [ERROR] CADModel:125 - Updater not yet initialized, retry later 
2024-02-22 14:08:07,856 [FATAL] Updater:308 - Updater called before beeing initialized
2024-02-22 14:08:08,007 [FATAL] Updater:308 - Updater called before beeing initialized
2024-02-22 14:08:08,029 [INFO] DbMcusAds:53 - JSON generation date=Wed Nov 29 16:22:27 IST 2023 (1701255147349)
2024-02-22 14:08:08,029 [FATAL] Updater:308 - Updater called before beeing initialized
2024-02-22 14:08:08,323 [WARN] DetailPanel:346 - Failed to get advertising image, set to default
2024-02-22 14:08:08,486 [FATAL] Updater:308 - Updater called before beeing initialized
2024-02-22 14:08:08,491 [FATAL] Updater:308 - Updater called before beeing initialized
2024-02-22 14:08:08,491 [FATAL] Updater:308 - Updater called before beeing initialized
2024-02-22 14:08:08,491 [WARN] DetailPanel:346 - Failed to get advertising image, set to default
2024-02-22 14:08:08,493 [FATAL] Updater:308 - Updater called before beeing initialized
2024-02-22 14:08:08,593 [ERROR] Updater:1120 - MainUpdater not yet initialized. External WinMGr cannot be set.
2024-02-22 14:08:08,595 [INFO] Updater:1056 - Updater Version found : 6.9.2
2024-02-22 14:08:08,626 [INFO] ApplicationProperties:184 - Using Application install path: /opt/st/stm32cubeide_1.13.2/plugins/com.st.stm32cube.common.mx_6.9.2.202309101412
2024-02-22 14:08:08,982 [INFO] ThirdPartyUpdaterWithRetryManager:70 - Updater plugin not ready yet. [2/15]
2024-02-22 14:08:09,055 [INFO] MainUpdater:2868 - connection check result : 10
2024-02-22 14:08:09,056 [INFO] MainUpdater:3562 - Updater definition file requires update
2024-02-22 14:08:09,057 [INFO] MainUpdater:285 - Updater Check For Update Now.
2024-02-22 14:08:09,057 [INFO] MicroXplorer:498 - Change Database Version : DB.6.0.92
2024-02-22 14:08:09,078 [INFO] McuFinderGlobals:63 - Set McuFinder mode to 2 (CubeIDE integrated)
2024-02-22 14:08:10,616 [INFO] ServerAccessManage:473 - Download File updaters.zip
2024-02-22 14:08:10,832 [INFO] FileExtend:240 - Unzip File : updaters.zip
2024-02-22 14:08:10,832 [INFO] FileExtend:255 - Standard Zip Deflate
2024-02-22 14:08:11,780 [INFO] ServerAccessManage:473 - Download File PacksControlFlags.xml
2024-02-22 14:08:11,983 [WARN] MainUpdater:1189 - Updater busy. Cannot search thirdparties
2024-02-22 14:08:11,983 [INFO] ThirdPartyUpdaterWithRetryManager:96 - Updater plugin is busy. [1/15]
2024-02-22 14:08:12,670 [INFO] ServerAccessManage:473 - Download File cubemx.pidx
2024-02-22 14:08:12,969 [INFO] LoadServerUpdatesThread:373 - End of LoadServerUpdate Thread
2024-02-22 14:08:13,194 [INFO] CheckServerUpdateThread:120 - End of CheckServer Thread
2024-02-22 14:08:15,453 [WARN] PackLoader:240 - Cannot read IP mode file for STMicroelectronics.X-CUBE-SMBUS.2.1.0
2024-02-22 14:08:15,475 [WARN] PackLoader:240 - Cannot read IP mode file for STMicroelectronics.X-CUBE-TOUCHGFX.4.23.0
2024-02-22 14:08:15,562 [WARN] PackLoader:240 - Cannot read IP mode file for STMicroelectronics.X-CUBE-AZRTOS-F7.1.1.0
2024-02-22 14:08:15,605 [WARN] PackLoader:240 - Cannot read IP mode file for STMicroelectronics.FP-SNS-MOTENV1.4.3.2
2024-02-22 14:08:15,627 [WARN] PackLoader:240 - Cannot read IP mode file for STMicroelectronics.FP-SNS-FLIGHT1.5.0.2
2024-02-22 14:08:15,643 [WARN] PackLoader:240 - Cannot read IP mode file for STMicroelectronics.X-CUBE-DISPLAY.3.0.0
2024-02-22 14:08:15,673 [WARN] PackLoader:240 - Cannot read IP mode file for STMicroelectronics.X-CUBE-BLE1.7.0.0
2024-02-22 14:08:15,682 [WARN] PackLoader:240 - Cannot read IP mode file for emotas.I-CUBE-CANOPEN.1.3.0
2024-02-22 14:08:15,687 [WARN] PackLoader:240 - Cannot read IP mode file for STMicroelectronics.X-CUBE-TOUCHGFX.4.22.0
2024-02-22 14:08:15,701 [WARN] PackLoader:240 - Cannot read IP mode file for STMicroelectronics.X-CUBE-TOUCHGFX.4.22.1
2024-02-22 14:08:15,716 [WARN] PackLoader:240 - Cannot read IP mode file for STMicroelectronics.FP-SNS-SMARTAG2.1.2.0
2024-02-22 14:08:15,739 [INFO] LogOutputStream:77 - [STDOUT_REDIRECT] 1 : Invalid condition id : UX_CORESTACK_Condition cause : null
2024-02-22 14:08:15,741 [INFO] LogOutputStream:77 - [STDOUT_REDIRECT] 1 : Invalid condition id : UX_CORESTACK_Condition cause : null
2024-02-22 14:08:15,741 [INFO] LogOutputStream:77 - [STDOUT_REDIRECT] 1 : Invalid condition id : UX_CORESTACK_Condition cause : null
2024-02-22 14:08:15,742 [INFO] LogOutputStream:77 - [STDOUT_REDIRECT] 1 : Invalid condition id : UX_CORESTACK_Condition cause : null
2024-02-22 14:08:15,743 [INFO] LogOutputStream:77 - [STDOUT_REDIRECT] 1 : Invalid condition id : UX_CORESTACK_Condition cause : null
2024-02-22 14:08:15,753 [WARN] PackLoader:240 - Cannot read IP mode file for STMicroelectronics.X-CUBE-AZRTOS-WL.2.0.0
2024-02-22 14:08:15,770 [WARN] PackLoader:240 - Cannot read IP mode file for WES.I-CUBE-Cesium.1.3.0
2024-02-22 14:08:15,778 [WARN] PackLoader:240 - Cannot read IP mode file for STMicroelectronics.X-CUBE-BLE2.3.3.0
2024-02-22 14:08:15,801 [WARN] PackLoader:240 - Cannot read IP mode file for STMicroelectronics.X-CUBE-ALGOBUILD.1.3.0
2024-02-22 14:08:15,844 [WARN] PackLoader:240 - Cannot read IP mode file for STMicroelectronics.X-CUBE-AZRTOS-G0.1.1.0
2024-02-22 14:08:15,858 [WARN] PackLoader:240 - Cannot read IP mode file for STMicroelectronics.X-CUBE-NFC4.3.0.0
2024-02-22 14:08:15,885 [WARN] PackLoader:240 - Cannot read IP mode file for STMicroelectronics.X-CUBE-BLEMGR.3.0.0
2024-02-22 14:08:15,901 [WARN] PackLoader:240 - Cannot read IP mode file for STMicroelectronics.FP-ATR-SIGFOX1.3.2.0
2024-02-22 14:08:15,915 [WARN] PackLoader:240 - Cannot read IP mode file for STMicroelectronics.X-CUBE-EEPRMA1.5.1.0
2024-02-22 14:08:16,002 [WARN] PackLoader:240 - Cannot read IP mode file for SEGGER.I-CUBE-embOS.1.3.1
2024-02-22 14:08:16,080 [WARN] PackLoader:240 - Cannot read IP mode file for STMicroelectronics.X-CUBE-GNSS1.6.0.0
2024-02-22 14:08:16,115 [WARN] PackLoader:240 - Cannot read IP mode file for STMicroelectronics.X-CUBE-AZRTOS-F4.1.1.0
2024-02-22 14:08:16,125 [WARN] PackLoader:240 - Cannot read IP mode file for wolfSSL.I-CUBE-wolfSSL.5.6.3
2024-02-22 14:08:16,162 [WARN] PackLoader:240 - Cannot read IP mode file for STMicroelectronics.X-CUBE-AZRTOS-L5.2.0.0
2024-02-22 14:08:16,281 [WARN] PackLoader:240 - Cannot read IP mode file for STMicroelectronics.X-CUBE-MEMS1.9.6.0
2024-02-22 14:08:16,658 [WARN] PackLoader:240 - Cannot read IP mode file for STMicroelectronics.X-CUBE-EEPRMA1.4.2.0
2024-02-22 14:08:16,672 [WARN] PackLoader:240 - Cannot read IP mode file for ITTIA_DB.I-CUBE-ITTIADB.8.8.0
2024-02-22 14:08:16,695 [WARN] PackLoader:240 - Cannot read IP mode file for STMicroelectronics.X-CUBE-BLEMGR.2.0.0
2024-02-22 14:08:16,733 [WARN] ConditionMgr:438 - getConditionDescription Invalid condition id : UX DEVICE CLASS RTOS Condition cause : null
2024-02-22 14:08:16,733 [WARN] ConditionMgr:438 - getConditionDescription Invalid condition id : UX DEVICE CLASS RTOS Condition cause : null
2024-02-22 14:08:16,738 [WARN] PackLoader:240 - Cannot read IP mode file for STMicroelectronics.X-CUBE-AZRTOS-H7.3.1.0
2024-02-22 14:08:16,740 [WARN] ConditionMgr:1039 - genDependencies : Invalid condition id : UX DEVICE CLASS RTOS Condition cause : null
2024-02-22 14:08:16,740 [WARN] ConditionMgr:1039 - genDependencies : Invalid condition id : UX DEVICE CLASS RTOS Condition cause : null
2024-02-22 14:08:16,741 [WARN] ConditionMgr:1039 - genDependencies : Invalid condition id : UX DEVICE CLASS RTOS Condition cause : null
2024-02-22 14:08:16,742 [WARN] ConditionMgr:1039 - genDependencies : Invalid condition id : UX DEVICE CLASS RTOS Condition cause : null
2024-02-22 14:08:16,742 [WARN] ConditionMgr:1039 - genDependencies : Invalid condition id : UX DEVICE CLASS RTOS Condition cause : null
2024-02-22 14:08:16,758 [WARN] PackLoader:240 - Cannot read IP mode file for STMicroelectronics.X-CUBE-NFC7.1.0.1
2024-02-22 14:08:16,774 [WARN] PackLoader:240 - Cannot read IP mode file for STMicroelectronics.X-CUBE-NFC6.3.0.0
2024-02-22 14:08:16,791 [WARN] PackLoader:240 - Cannot read IP mode file for STMicroelectronics.X-CUBE-EEPRMA1.4.1.0
2024-02-22 14:08:16,802 [WARN] PackLoader:240 - Cannot read IP mode file for STMicroelectronics.X-CUBE-AI.8.1.0
2024-02-22 14:08:16,839 [WARN] ConditionMgr:438 - getConditionDescription Invalid condition id : LAN8742 Phy interface Condition cause : null
2024-02-22 14:08:16,840 [WARN] PackLoader:240 - Cannot read IP mode file for STMicroelectronics.X-CUBE-AZRTOS-L4.2.0.0
2024-02-22 14:08:16,842 [WARN] ConditionMgr:1039 - genDependencies : Invalid condition id : LAN8742 Phy interface Condition cause : null
2024-02-22 14:08:16,843 [WARN] ConditionMgr:1039 - genDependencies : Invalid condition id : LAN8742 Phy interface Condition cause : null
2024-02-22 14:08:16,844 [WARN] ConditionMgr:1039 - genDependencies : Invalid condition id : LAN8742 Phy interface Condition cause : null
2024-02-22 14:08:16,853 [WARN] PackLoader:240 - Cannot read IP mode file for STMicroelectronics.X-CUBE-SFXS2LP1.4.0.0
2024-02-22 14:08:16,859 [WARN] PackLoader:240 - Cannot read IP mode file for STMicroelectronics.X-CUBE-ISPU.1.1.0
2024-02-22 14:08:16,884 [WARN] ConditionMgr:438 - getConditionDescription Invalid condition id : UX DEVICE CLASS RTOS Condition cause : null
2024-02-22 14:08:16,884 [WARN] ConditionMgr:438 - getConditionDescription Invalid condition id : UX DEVICE CLASS RTOS Condition cause : null
2024-02-22 14:08:16,887 [WARN] PackLoader:240 - Cannot read IP mode file for STMicroelectronics.X-CUBE-AZRTOS-WB.2.0.0
2024-02-22 14:08:16,888 [WARN] ConditionMgr:1039 - genDependencies : Invalid condition id : UX DEVICE CLASS RTOS Condition cause : null
2024-02-22 14:08:16,889 [WARN] ConditionMgr:1039 - genDependencies : Invalid condition id : UX DEVICE CLASS RTOS Condition cause : null
2024-02-22 14:08:16,889 [WARN] ConditionMgr:1039 - genDependencies : Invalid condition id : UX DEVICE CLASS RTOS Condition cause : null
2024-02-22 14:08:16,890 [WARN] ConditionMgr:1039 - genDependencies : Invalid condition id : UX DEVICE CLASS RTOS Condition cause : null
2024-02-22 14:08:16,890 [WARN] ConditionMgr:1039 - genDependencies : Invalid condition id : UX DEVICE CLASS RTOS Condition cause : null
2024-02-22 14:08:16,906 [WARN] PackLoader:240 - Cannot read IP mode file for STMicroelectronics.X-CUBE-SUBG2.5.0.0
2024-02-22 14:08:16,924 [WARN] PackLoader:240 - Cannot read IP mode file for STMicroelectronics.X-CUBE-TOF1.3.3.1
2024-02-22 14:08:16,965 [WARN] PackLoader:240 - Cannot read IP mode file for STMicroelectronics.X-CUBE-AZRTOS-G4.2.0.0
2024-02-22 14:08:16,993 [WARN] PackLoader:240 - Cannot read IP mode file for Infineon.AIROC-Wi-Fi-Bluetooth-STM32.1.5.1
2024-02-22 14:08:17,012 [WARN] PackLoader:240 - Cannot read IP mode file for STMicroelectronics.FP-SNS-MOTENVWB1.1.3.1
2024-02-22 14:08:17,018 [WARN] PackLoader:240 - Cannot read IP mode file for STMicroelectronics.X-CUBE-ISPU.2.0.0
2024-02-22 14:08:17,089 [WARN] PackLoader:240 - Cannot read IP mode file for STMicroelectronics.X-CUBE-MEMS1.10.0.0
2024-02-22 14:08:17,261 [WARN] PackLoader:240 - Cannot read IP mode file for STMicroelectronics.X-CUBE-FREERTOS.1.1.0
2024-02-22 14:08:17,281 [WARN] PackLoader:240 - Cannot read IP mode file for portGmbH.I-Cube-SoM-uGOAL.1.1.0
2024-02-22 14:08:17,290 [WARN] PackLoader:240 - Cannot read IP mode file for STMicroelectronics.X-CUBE-ALS.1.0.1
2024-02-22 14:08:17,306 [WARN] PackLoader:240 - Cannot read IP mode file for STMicroelectronics.FP-ATR-ASTRA1.2.0.0
2024-02-22 14:08:17,332 [WARN] PackLoader:240 - Cannot read IP mode file for STMicroelectronics.X-CUBE-TOF1.3.4.0
2024-02-22 14:08:17,483 [WARN] PackLoader:240 - Cannot read IP mode file for STMicroelectronics.X-CUBE-AZRTOS-H7.3.2.0
2024-02-22 14:08:17,499 [INFO] ThirdParty:978 - Integrity check success = true
2024-02-22 14:08:17,500 [INFO] IntegrityCheckThread:100 - exiting critical section [integrity check]
2024-02-22 14:08:17,500 [INFO] IntegrityCheckThread:103 - End integrity checks thread
2024-02-22 14:08:30,492 [ERROR] LogOutputStream:75 - [STDERR_REDIRECT] SLF4J: Failed to load class "org.slf4j.impl.StaticLoggerBinder".
2024-02-22 14:08:30,493 [ERROR] LogOutputStream:75 - [STDERR_REDIRECT] SLF4J: Defaulting to no-operation (NOP) logger implementation
2024-02-22 14:08:30,493 [ERROR] LogOutputStream:75 - [STDERR_REDIRECT] SLF4J: See http://www.slf4j.org/codes.html#StaticLoggerBinder for further details.
2024-02-22 14:08:35,576 [INFO] McuFinderGlobals:63 - Set McuFinder mode to 2 (CubeIDE integrated)
2024-02-22 14:08:35,584 [INFO] MainUpdater:2868 - connection check result : 10
2024-02-22 14:08:35,585 [INFO] MainUpdater:2868 - connection check result : 10
2024-02-22 14:08:35,701 [INFO] MicroXplorer:468 - Change Database Path : 
2024-02-22 14:08:35,702 [INFO] MicroXplorer:498 - Change Database Version : DB.6.0.92
2024-02-22 14:08:35,708 [WARN] ThirdParty:871 - waiting for thirdparty lock release [close project]
2024-02-22 14:08:35,708 [INFO] ThirdParty:873 - entering critical section [close project]
2024-02-22 14:08:35,709 [INFO] ThirdParty:883 - exiting critical section [close project]
2024-02-22 14:08:35,713 [INFO] PinOutPanel:1499 - setPackage(No Configuration,No Configuration)
2024-02-22 14:08:35,723 [INFO] UtilMem:75 - Begin LoadConfig() Used Memory: 529555360 Bytes (591396864)
2024-02-22 14:08:35,730 [INFO] MicroXplorer:468 - Change Database Path : /home/sayeed/.stm32cubemx/databases/DB.6.0.60/db/
2024-02-22 14:08:35,731 [INFO] MicroXplorer:498 - Change Database Version : DB.6.0.60
2024-02-22 14:08:47,590 [INFO] MicroXplorer:468 - Change Database Path : 
2024-02-22 14:08:47,590 [INFO] MicroXplorer:498 - Change Database Version : DB.6.0.92
2024-02-22 14:08:47,590 [INFO] OpenFileManager:308 - Change cursor
2024-02-22 14:08:47,718 [INFO] Mcu:1946 - Initializing MCU STM32F407V(E-G)Tx STM32F407VGTx STM32F407VGT6
2024-02-22 14:08:51,830 [INFO] Context:659 - Trying to add GPIOservice into a context  which must be forbidden
2024-02-22 14:08:52,782 [INFO] Rule:228 - rule WakeUp0 Mode is applicable
2024-02-22 14:08:52,782 [INFO] Rule:228 - rule WakeUp0 SIGNAL is applicable
2024-02-22 14:08:52,782 [INFO] Rule:228 - rule WakeUp1 Mode is applicable
2024-02-22 14:08:52,783 [INFO] Rule:228 - rule WakeUp1 SIGNAL is applicable
2024-02-22 14:08:52,783 [INFO] Rule:228 - rule WakeUp2 Mode is applicable
2024-02-22 14:08:52,783 [INFO] Rule:228 - rule WakeUp2 SIGNAL is applicable
2024-02-22 14:08:52,783 [INFO] Rule:228 - rule WakeUp4 Mode is applicable
2024-02-22 14:08:52,783 [INFO] Rule:228 - rule WakeUp4 SIGNAL is applicable
2024-02-22 14:08:52,783 [INFO] Rule:228 - rule WakeUp5 Mode is applicable
2024-02-22 14:08:52,783 [INFO] Rule:228 - rule WakeUp5 SIGNAL is applicable
2024-02-22 14:08:52,783 [INFO] Rule:228 - rule Change Default Value for LSE Drive Capability for WB family is applicable
2024-02-22 14:08:52,785 [INFO] DbConfProperties:307 - Apply Compatibility (0/11 Rules)
2024-02-22 14:08:53,304 [INFO] RtosManager:555 - Registered RTOS mode: class=CMSIS, group=RTOS, mode=CMSIS_V1, owner=FREERTOS
2024-02-22 14:08:53,304 [INFO] RtosManager:555 - Registered RTOS mode: class=CMSIS, group=RTOS2, mode=CMSIS_V2, owner=FREERTOS
2024-02-22 14:08:53,304 [INFO] RtosManager:555 - Registered RTOS mode: class=RTOS, group=Core, mode=CMSIS_V1, owner=FREERTOS
2024-02-22 14:08:53,305 [INFO] RtosManager:555 - Registered RTOS mode: class=RTOS, group=Core, mode=CMSIS_V2, owner=FREERTOS
2024-02-22 14:08:53,305 [WARN] ModelIntegratedComponent:184 - Missing modes for component STMicroelectronics:FreeRTOS:0.0.1:STMicroelectronics:RTOS:FreeRTOS:Core:::10.2.0:
2024-02-22 14:08:53,389 [WARN] ModelIntegratedComponent:63 - No mode defined for component null
2024-02-22 14:08:53,389 [WARN] ModelIntegratedComponent:63 - No mode defined for component null
2024-02-22 14:08:53,390 [WARN] ModelIntegratedComponent:63 - No mode defined for component null
2024-02-22 14:08:53,390 [WARN] ModelIntegratedComponent:63 - No mode defined for component null
2024-02-22 14:08:53,390 [WARN] ModelIntegratedComponent:63 - No mode defined for component null
2024-02-22 14:08:53,390 [WARN] ModelIntegratedComponent:63 - No mode defined for component null
2024-02-22 14:08:53,390 [WARN] ModelIntegratedComponent:63 - No mode defined for component null
2024-02-22 14:08:53,390 [WARN] ModelIntegratedComponent:63 - No mode defined for component null
2024-02-22 14:08:53,390 [WARN] ModelIntegratedComponent:63 - No mode defined for component null
2024-02-22 14:08:53,390 [WARN] ModelIntegratedComponent:63 - No mode defined for component null
2024-02-22 14:08:53,390 [WARN] ModelIntegratedComponent:63 - No mode defined for component null
2024-02-22 14:08:53,391 [WARN] ModelIntegratedComponent:63 - No mode defined for component null
2024-02-22 14:08:53,391 [WARN] ModelIntegratedComponent:63 - No mode defined for component null
2024-02-22 14:08:53,391 [WARN] ModelIntegratedComponent:63 - No mode defined for component null
2024-02-22 14:08:53,391 [WARN] ModelIntegratedComponent:63 - No mode defined for component null
2024-02-22 14:08:53,391 [WARN] ModelIntegratedComponent:63 - No mode defined for component null
2024-02-22 14:08:53,391 [WARN] ModelIntegratedComponent:63 - No mode defined for component null
2024-02-22 14:08:53,391 [WARN] ModelIntegratedComponent:63 - No mode defined for component null
2024-02-22 14:08:53,391 [WARN] ModelIntegratedComponent:63 - No mode defined for component null
2024-02-22 14:08:53,391 [WARN] ModelIntegratedComponent:63 - No mode defined for component null
2024-02-22 14:08:53,392 [WARN] ModelIntegratedComponent:63 - No mode defined for component null
2024-02-22 14:08:53,392 [WARN] ModelIntegratedComponent:63 - No mode defined for component null
2024-02-22 14:08:53,392 [WARN] ModelIntegratedComponent:63 - No mode defined for component null
2024-02-22 14:08:53,392 [WARN] ModelIntegratedComponent:63 - No mode defined for component null
2024-02-22 14:08:53,392 [WARN] ModelIntegratedComponent:63 - No mode defined for component null
2024-02-22 14:08:53,392 [WARN] ModelIntegratedComponent:63 - No mode defined for component null
2024-02-22 14:08:53,393 [WARN] ModelIntegratedComponent:63 - No mode defined for component null
2024-02-22 14:08:53,393 [WARN] ModelIntegratedComponent:63 - No mode defined for component null
2024-02-22 14:08:53,393 [WARN] ModelIntegratedComponent:63 - No mode defined for component null
2024-02-22 14:08:53,393 [WARN] ModelIntegratedComponent:63 - No mode defined for component null
2024-02-22 14:08:53,393 [WARN] ModelIntegratedComponent:63 - No mode defined for component null
2024-02-22 14:08:53,393 [WARN] ModelIntegratedComponent:63 - No mode defined for component null
2024-02-22 14:08:53,393 [WARN] ModelIntegratedComponent:63 - No mode defined for component null
2024-02-22 14:08:53,777 [INFO] ThirdPartyModel:298 - Start build external matchings
2024-02-22 14:08:54,896 [INFO] ThirdPartyModel:316 - End build external matchings
2024-02-22 14:08:55,624 [INFO] UtilMem:75 - End LoadConfig() Used Memory: 219546592 Bytes (591396864)
2024-02-22 14:08:55,916 [INFO] ApiDb:581 - Connected to CubeFinder SQLite database (/home/sayeed/.stmcufinder/plugins/mcufinder/mcu/cube-finder-db.db)
2024-02-22 14:08:56,179 [INFO] ApiDb:668 - CubeFinder database Data Model version=2.1
2024-02-22 14:08:56,180 [INFO] ApiDb:669 - CubeFinder database Configuration version=3.0.39
2024-02-22 14:08:56,180 [INFO] ApiDb:670 - CubeFinder database generation date=2023-12-08 (1702028721)
2024-02-22 14:08:56,180 [INFO] ApiDb:671 - CubeFinder database FW Pack versions=[FP-ATR-ASTRA1_V2.0.0, FP-SNS-FLIGHT1_V5.0.1, FP-SNS-FLIGHT1_V5.0.2, FP-SNS-MOTENV1_V4.3.1, FP-SNS-MOTENV1_V4.3.2, FP-SNS-MOTENVWB1_V1.3.1, FP-SNS-SMARTAG2_V1.2.0, STM32Cube_FW_C0_V1.1.0, STM32Cube_FW_F4_V1.28.0, STM32Cube_FW_F7_V1.17.0, STM32Cube_FW_G0_V1.6.1, STM32Cube_FW_G4_V1.5.1, STM32Cube_FW_H5_V0.5.1, STM32Cube_FW_H5_V1.1.1, STM32Cube_FW_H5_V1.2.0RC2, STM32Cube_FW_H7_V1.11.0, STM32Cube_FW_L0_V1.12.2, STM32Cube_FW_L5_V1.5.0, STM32Cube_FW_U5_V1.3.0RC4, STM32Cube_FW_U5_V1.4.0, STM32Cube_FW_WBA_V1.0.0RC1, STM32Cube_FW_WBA_V1.1.0RC1, STM32Cube_FW_WBA_V1.2.0, STM32Cube_FW_WBA_V1.2.0RC2, STM32Cube_FW_WB_V1.15.0RC1, STM32Cube_FW_WB_V1.16.0, STM32Cube_FW_WB_V1.16.0RC2, STM32Cube_FW_WB_V1.18.0, STM32Cube_FW_WL_V1.3.0, X-CUBE-ALGOBUILD_V1.3.0, X-CUBE-ALS_V1.0.1, X-CUBE-AZRTOS-F4_V1.1.0, X-CUBE-AZRTOS-F7_V1.1.0, X-CUBE-AZRTOS-G0_V1.1.0, X-CUBE-AZRTOS-G4_V2.0.0, X-CUBE-AZRTOS-H7_V3.1.0, X-CUBE-AZRTOS-L4_V1.0.0, X-CUBE-AZRTOS-L4_V2.0.0, X-CUBE-AZRTOS-L5_V1.1.0, X-CUBE-AZRTOS-WB_V2.0.0, X-CUBE-AZRTOS-WL_V2.0.0, X-CUBE-BLE1_V7.0.0, X-CUBE-BLE2_V3.3.0, X-CUBE-BLEMGR_V3.0.0, X-CUBE-EEPRMA1_V4.1.0, X-CUBE-EEPRMA1_V4.2.0, X-CUBE-FREERTOS_V1.1.0, X-CUBE-GNSS1_V6.0.0, X-CUBE-MEMS1_V10.0.0, X-CUBE-MEMS1_V9.1.0, X-CUBE-MEMS1_V9.4.0, X-CUBE-MEMS1_V9.6.0, X-CUBE-NFC4_V3.0.0, X-CUBE-NFC7_V1.0.1, X-CUBE-SFXS2LP1_V4.0.0, X-CUBE-SUBG2_V5.0.0, X-CUBE-TOF1_V3.4.0]
2024-02-22 14:09:01,113 [INFO] ApiDb:240 - Found 323 in-development CPN: [B-G473E-ZEST1S, B-WB1M-WPAN1, B-WL5M-SUBG1, NUCLEO-C031C6, NUCLEO-H503RB, NUCLEO-H563ZI, NUCLEO-U545RE-Q, NUCLEO-U5A5ZJ-Q, NUCLEO-WBA52CG, STEVAL-PROTEUS1, STEVAL-SMARTAG2, STEVAL-STWINBX1, STM320518-EVAL, STM32C0116-DK, STM32C011D6Y3TR, STM32C011D6Y6TR, STM32C011F4P3, STM32C011F4P6, STM32C011F4U3, STM32C011F4U6TR, STM32C011F6P3, STM32C011F6P6, STM32C011F6U3, STM32C011F6U6TR, STM32C011J4M3, STM32C011J4M6, STM32C011J6M3, STM32C011J6M6, STM32C0316-DK, STM32C031C4T3, STM32C031C4T6, STM32C031C4U3, STM32C031C4U6, STM32C031C6T3, STM32C031C6T6, STM32C031C6U3, STM32C031C6U6, STM32C031F4P3, STM32C031F4P6, STM32C031F6P3, STM32C031F6P6, STM32C031G4U3, STM32C031G4U6, STM32C031G6U3, STM32C031G6U6, STM32C031K4T3, STM32C031K4T6, STM32C031K4U3, STM32C031K4U6, STM32C031K6T3, STM32C031K6T6, STM32C031K6U3, STM32C031K6U6, STM32G071K8TXN, STM32G071K8UXN, STM32G081GBU6N, STM32G081KBT6N, STM32G081KBUXN, STM32G0B1CCT6N, STM32G0B1KCT6, STM32G0B1NEY6TR, STM32G0B1RCT6N, STM32G0C1CCT6, STM32G0C1CCT6N, STM32G0C1CCU6N, STM32G0C1CET6N, STM32G0C1CEU6N, STM32G0C1KCT6, STM32G0C1NEY6TR, STM32G0C1RCI6N, STM32G0C1RCT6N, STM32G0C1REI6N, STM32G0C1RET6N, STM32G0C1VCI6, STM32G0C1VEI6, STM32G471CCT6, STM32G471CCU6, STM32G471CET3, STM32G471CET6, STM32G471CEU3, STM32G471CEU6, STM32G471MCT6, STM32G471MET3, STM32G471MET6, STM32G471MEY6TR, STM32G471QCT6, STM32G471QET3, STM32G471RCT6, STM32G471RET3, STM32G471RET6, STM32G471VCH6, STM32G471VCI6, STM32G471VCT6, STM32G471VEH3, STM32G471VEH6, STM32G471VEI3, STM32G471VEI6, STM32G471VET3, STM32G471VET6, STM32G474CCT6, STM32H503CBT6, STM32H503CBU6, STM32H503EBY6TR, STM32H503KBU6, STM32H503RBT6, STM32H562AGI6, STM32H562AII6, STM32H562IGK6, STM32H562IGT6, STM32H562IIK6, STM32H562IIT6, STM32H562RGT6, STM32H562RGV6, STM32H562RIT6, STM32H562RIV6, STM32H562VGT6, STM32H562VIT6, STM32H562ZGT6, STM32H562ZIT6, STM32H563AGI6, STM32H563AII3Q, STM32H563AII6, STM32H563IGK6, STM32H563IGT6, STM32H563IIK3Q, STM32H563IIK6, STM32H563IIT3Q, STM32H563IIT6, STM32H563MIY3QTR, STM32H563RGT6, STM32H563RGV6, STM32H563RIT6, STM32H563RIV6, STM32H563VGT6, STM32H563VIT3Q, STM32H563VIT6, STM32H563ZGT6, STM32H563ZIT3Q, STM32H563ZIT6, STM32H573AII3Q, STM32H573AII6, STM32H573I-DK, STM32H573IIK3Q, STM32H573IIK6, STM32H573IIT3Q, STM32H573IIT6, STM32H573MIY3QTR, STM32H573RIT6, STM32H573RIV6, STM32H573VIT3Q, STM32H573VIT6, STM32H573ZIT3Q, STM32H573ZIT6, STM32L4R5QGI6STR, STM32MP131AAE3, STM32MP131AAF3, STM32MP131AAG3, STM32MP131CAE3, STM32MP131CAF3, STM32MP131CAG3, STM32MP131DAE7, STM32MP131DAF7, STM32MP131DAG7, STM32MP131FAE7, STM32MP131FAF7, STM32MP131FAG7, STM32MP133AAE3, STM32MP133AAF3, STM32MP133AAG3, STM32MP133CAE3, STM32MP133CAF3, STM32MP133CAG3, STM32MP133DAE7, STM32MP133DAF7, STM32MP133DAG7, STM32MP133FAE7, STM32MP133FAF7, STM32MP133FAG7, STM32MP135AAE3, STM32MP135AAF3, STM32MP135AAG3, STM32MP135CAE3, STM32MP135CAF3, STM32MP135CAG3, STM32MP135DAE7, STM32MP135DAF7, STM32MP135DAG7, STM32MP135F-DK, STM32MP135FAE7, STM32MP135FAF7, STM32MP135FAF7T, STM32MP135FAF7U, STM32MP135FAG7, STM32U535CBT6, STM32U535CBT6Q, STM32U535CBU6, STM32U535CBU6Q, STM32U535CCT6, STM32U535CCT6Q, STM32U535CCU6, STM32U535CCU6Q, STM32U535CET6, STM32U535CET6Q, STM32U535CEU6, STM32U535CEU6Q, STM32U535JEY6QTR, STM32U535NCY6QTR, STM32U535NEY6QTR, STM32U535RBI6, STM32U535RBI6Q, STM32U535RBT6, STM32U535RBT6Q, STM32U535RCI6, STM32U535RCI6Q, STM32U535RCT6, STM32U535RCT6Q, STM32U535REI6, STM32U535REI6Q, STM32U535RET6, STM32U535RET6Q, STM32U535VCI6, STM32U535VCI6Q, STM32U535VCT6, STM32U535VCT6Q, STM32U535VEI6, STM32U535VEI6Q, STM32U535VET6, STM32U535VET6Q, STM32U545CET6, STM32U545CET6Q, STM32U545CEU6, STM32U545CEU6Q, STM32U545JEY6QTR, STM32U545NEY6QTR, STM32U545REI6, STM32U545REI6Q, STM32U545RET6, STM32U545RET6Q, STM32U545VEI6, STM32U545VEI6Q, STM32U545VET6, STM32U545VET6Q, STM32U595AIH6, STM32U595AIH6Q, STM32U595AJH6, STM32U595AJH6Q, STM32U595QII6, STM32U595QII6Q, STM32U595QJI6, STM32U595QJI6Q, STM32U595RIT6, STM32U595RIT6Q, STM32U595RJT6, STM32U595RJT6Q, STM32U595VIT6, STM32U595VIT6Q, STM32U595VJT6, STM32U595VJT6Q, STM32U595ZIT6, STM32U595ZIT6Q, STM32U595ZIY6QTR, STM32U595ZJT6, STM32U595ZJT6Q, STM32U595ZJY6QTR, STM32U599BJY6QTR, STM32U599NIH6Q, STM32U599NJH6Q, STM32U599VIT6Q, STM32U599VJT6, STM32U599VJT6Q, STM32U599ZIT6Q, STM32U599ZIY6QTR, STM32U599ZJT6Q, STM32U599ZJY6QTR, STM32U5A5AJH6, STM32U5A5AJH6Q, STM32U5A5QJI6, STM32U5A5QJI6Q, STM32U5A5RJT6, STM32U5A5RJT6Q, STM32U5A5VJT6, STM32U5A5VJT6Q, STM32U5A5ZJT6, STM32U5A5ZJT6Q, STM32U5A5ZJY6QTR, STM32U5A9BJY6QTR, STM32U5A9J-DK, STM32U5A9NJH6Q, STM32U5A9VJT6Q, STM32U5A9ZJT6Q, STM32U5A9ZJY6QTR, STM32U5F7VIT6, STM32U5F7VIT6Q, STM32U5F7VJT6, STM32U5F7VJT6Q, STM32U5F9BJY6QTR, STM32U5F9NJH6Q, STM32U5F9VIT6Q, STM32U5F9VJT6Q, STM32U5F9ZIJ6QTR, STM32U5F9ZIT6Q, STM32U5F9ZJJ6QTR, STM32U5F9ZJT6Q, STM32U5G7VJT6, STM32U5G7VJT6Q, STM32U5G9BJY6QTR, STM32U5G9J-DK1, STM32U5G9J-DK2, STM32U5G9NJH6Q, STM32U5G9VJT6Q, STM32U5G9ZJJ6QTR, STM32U5G9ZJT6Q, STM32WB1MMCH6, STM32WBA52CEU6, STM32WBA52CEU6T, STM32WBA52CGU6, STM32WBA52CGU6T, STM32WBA52KEU6, STM32WBA52KEU6T, STM32WBA52KGU6, STM32WBA52KGU6T, STM32WL5MOCH6, STM32WL5MOCH6TR]
2024-02-22 14:09:01,123 [INFO] DbMcus:217 - Found 3882 MCUs, 3882 are supported
2024-02-22 14:09:01,139 [INFO] ApiDb:423 - Load user favorites file /home/sayeed/.stm32cubeide/favorites.mcus.txt: 0 item(s)
2024-02-22 14:09:01,140 [INFO] ApiDb:427 - User favorites MCUs=[]
2024-02-22 14:09:01,140 [INFO] DbMcus:223 - Set 0 / 0 favorites MCUs
2024-02-22 14:09:01,779 [WARN] ThirdParty:833 - waiting for thirdparty lock release [change project]
2024-02-22 14:09:01,779 [INFO] ThirdParty:835 - entering critical section [change project]
2024-02-22 14:09:01,779 [INFO] ThirdParty:1030 - CMSIS Pack Vendor :STMicroelectronics X-CUBE-ISPU 1.1.0
2024-02-22 14:09:01,779 [INFO] ThirdParty:1030 - CMSIS Pack Vendor :STMicroelectronics USBPD 4.1
2024-02-22 14:09:01,779 [INFO] ThirdParty:1030 - CMSIS Pack Vendor :STMicroelectronics X-CUBE-GNSS1 6.0.0
2024-02-22 14:09:01,780 [INFO] ThirdParty:1030 - CMSIS Pack Vendor :STMicroelectronics USB_HOST 2.0.0
2024-02-22 14:09:01,780 [INFO] ThirdParty:1030 - CMSIS Pack Vendor :STMicroelectronics X-CUBE-AZRTOS-F4 1.1.0
2024-02-22 14:09:01,780 [INFO] ThirdParty:1030 - CMSIS Pack Vendor :STMicroelectronics LIBJPEG 8.0.0
2024-02-22 14:09:01,780 [INFO] ThirdParty:1030 - CMSIS Pack Vendor :wolfSSL I-CUBE-wolfSSL 5.6.3
2024-02-22 14:09:01,780 [INFO] ThirdParty:1030 - CMSIS Pack Vendor :STMicroelectronics X-CUBE-SMBUS 2.1.0
2024-02-22 14:09:01,780 [INFO] ThirdParty:1030 - CMSIS Pack Vendor :STMicroelectronics USB_DEVICE 3.0.0
2024-02-22 14:09:01,780 [INFO] ThirdParty:1030 - CMSIS Pack Vendor :STMicroelectronics X-CUBE-AZRTOS-WB 2.0.0
2024-02-22 14:09:01,780 [INFO] ThirdParty:1030 - CMSIS Pack Vendor :STMicroelectronics X-CUBE-TOUCHGFX 4.23.0
2024-02-22 14:09:01,780 [INFO] ThirdParty:1030 - CMSIS Pack Vendor :STMicroelectronics X-CUBE-AZRTOS-F7 1.1.0
2024-02-22 14:09:01,780 [INFO] ThirdParty:1030 - CMSIS Pack Vendor :STMicroelectronics X-CUBE-AZRTOS-L5 2.0.0
2024-02-22 14:09:01,780 [INFO] ThirdParty:1030 - CMSIS Pack Vendor :STMicroelectronics USB_DEVICE 2.0.0
2024-02-22 14:09:01,780 [INFO] ThirdParty:1030 - CMSIS Pack Vendor :STMicroelectronics X-CUBE-MEMS1 9.6.0
2024-02-22 14:09:01,780 [INFO] ThirdParty:1030 - CMSIS Pack Vendor :STMicroelectronics X-CUBE-EEPRMA1 4.2.0
2024-02-22 14:09:01,780 [INFO] ThirdParty:1030 - CMSIS Pack Vendor :ITTIA_DB I-CUBE-ITTIADB 8.8.0
2024-02-22 14:09:01,780 [INFO] ThirdParty:1030 - CMSIS Pack Vendor :STMicroelectronics FP-SNS-MOTENV1 4.3.2
2024-02-22 14:09:01,781 [INFO] ThirdParty:1030 - CMSIS Pack Vendor :STMicroelectronics X-CUBE-ALGOBUILD 1.3.0
2024-02-22 14:09:01,781 [INFO] ThirdParty:1030 - CMSIS Pack Vendor :STMicroelectronics FreeRTOS 0.0.1
2024-02-22 14:09:01,781 [INFO] ThirdParty:1030 - CMSIS Pack Vendor :STMicroelectronics X-CUBE-AZRTOS-G0 1.1.0
2024-02-22 14:09:01,781 [INFO] ThirdParty:1030 - CMSIS Pack Vendor :STMicroelectronics X-CUBE-BLEMGR 2.0.0
2024-02-22 14:09:01,781 [INFO] ThirdParty:1030 - CMSIS Pack Vendor :STMicroelectronics X-CUBE-NFC4 3.0.0
2024-02-22 14:09:01,781 [INFO] ThirdParty:1030 - CMSIS Pack Vendor :STMicroelectronics X-CUBE-SUBG2 5.0.0
2024-02-22 14:09:01,781 [INFO] ThirdParty:1030 - CMSIS Pack Vendor :STMicroelectronics STM32_WPAN 1.0.0
2024-02-22 14:09:01,781 [INFO] ThirdParty:1030 - CMSIS Pack Vendor :STMicroelectronics lwIP 2.0.3
2024-02-22 14:09:01,781 [INFO] ThirdParty:1030 - CMSIS Pack Vendor :STMicroelectronics FP-SNS-FLIGHT1 5.0.2
2024-02-22 14:09:01,781 [INFO] ThirdParty:1030 - CMSIS Pack Vendor :STMicroelectronics USB_HOST 1.0.0
2024-02-22 14:09:01,781 [INFO] ThirdParty:1030 - CMSIS Pack Vendor :STMicroelectronics X-CUBE-TOF1 3.3.1
2024-02-22 14:09:01,781 [INFO] ThirdParty:1030 - CMSIS Pack Vendor :STMicroelectronics X-CUBE-AZRTOS-G4 2.0.0
2024-02-22 14:09:01,782 [INFO] ThirdParty:1030 - CMSIS Pack Vendor :STMicroelectronics PDM2PCM 3.1.0
2024-02-22 14:09:01,782 [INFO] ThirdParty:1030 - CMSIS Pack Vendor :STMicroelectronics X-CUBE-AZRTOS-H7 3.1.0
2024-02-22 14:09:01,782 [INFO] ThirdParty:1030 - CMSIS Pack Vendor :Infineon AIROC-Wi-Fi-Bluetooth-STM32 1.5.1
2024-02-22 14:09:01,782 [INFO] ThirdParty:1030 - CMSIS Pack Vendor :STMicroelectronics X-CUBE-BLEMGR 3.0.0
2024-02-22 14:09:01,782 [INFO] ThirdParty:1030 - CMSIS Pack Vendor :STMicroelectronics PDM2PCM 3.3.0
2024-02-22 14:09:01,782 [INFO] ThirdParty:1030 - CMSIS Pack Vendor :STMicroelectronics X-CUBE-DISPLAY 3.0.0
2024-02-22 14:09:01,782 [INFO] ThirdParty:1030 - CMSIS Pack Vendor :STMicroelectronics FP-SNS-MOTENVWB1 1.3.1
2024-02-22 14:09:01,782 [INFO] ThirdParty:1030 - CMSIS Pack Vendor :STMicroelectronics X-CUBE-BLE1 7.0.0
2024-02-22 14:09:01,782 [INFO] ThirdParty:1030 - CMSIS Pack Vendor :STMicroelectronics FP-ATR-SIGFOX1 3.2.0
2024-02-22 14:09:01,782 [INFO] ThirdParty:1030 - CMSIS Pack Vendor :STMicroelectronics X-CUBE-ISPU 2.0.0
2024-02-22 14:09:01,782 [INFO] ThirdParty:1030 - CMSIS Pack Vendor :STMicroelectronics X-CUBE-EEPRMA1 5.1.0
2024-02-22 14:09:01,782 [INFO] ThirdParty:1030 - CMSIS Pack Vendor :STMicroelectronics HAL Drivers 0.0.0
2024-02-22 14:09:01,782 [INFO] ThirdParty:1030 - CMSIS Pack Vendor :STMicroelectronics MBEDTLS 2.16.2
2024-02-22 14:09:01,782 [INFO] ThirdParty:1030 - CMSIS Pack Vendor :emotas I-CUBE-CANOPEN 1.3.0
2024-02-22 14:09:01,783 [INFO] ThirdParty:1030 - CMSIS Pack Vendor :STMicroelectronics X-CUBE-MEMS1 10.0.0
2024-02-22 14:09:01,783 [INFO] ThirdParty:1030 - CMSIS Pack Vendor :STMicroelectronics X-CUBE-FREERTOS 1.1.0
2024-02-22 14:09:01,783 [INFO] ThirdParty:1030 - CMSIS Pack Vendor :STMicroelectronics X-CUBE-TOUCHGFX 4.22.0
2024-02-22 14:09:01,783 [INFO] ThirdParty:1030 - CMSIS Pack Vendor :STMicroelectronics X-CUBE-NFC7 1.0.1
2024-02-22 14:09:01,783 [INFO] ThirdParty:1030 - CMSIS Pack Vendor :STMicroelectronics MBEDTLS 2.14.1
2024-02-22 14:09:01,783 [INFO] ThirdParty:1030 - CMSIS Pack Vendor :STMicroelectronics X-CUBE-TOUCHGFX 4.22.1
2024-02-22 14:09:01,783 [INFO] ThirdParty:1030 - CMSIS Pack Vendor :STMicroelectronics X-CUBE-NFC6 3.0.0
2024-02-22 14:09:01,783 [INFO] ThirdParty:1030 - CMSIS Pack Vendor :STMicroelectronics X-CUBE-EEPRMA1 4.1.0
2024-02-22 14:09:01,783 [INFO] ThirdParty:1030 - CMSIS Pack Vendor :portGmbH I-Cube-SoM-uGOAL 1.1.0
2024-02-22 14:09:01,783 [INFO] ThirdParty:1030 - CMSIS Pack Vendor :STMicroelectronics X-CUBE-ALS 1.0.1
2024-02-22 14:09:01,783 [INFO] ThirdParty:1030 - CMSIS Pack Vendor :STMicroelectronics ThreadX 1.0.0
2024-02-22 14:09:01,783 [INFO] ThirdParty:1030 - CMSIS Pack Vendor :STMicroelectronics FP-SNS-SMARTAG2 1.2.0
2024-02-22 14:09:01,783 [INFO] ThirdParty:1030 - CMSIS Pack Vendor :STMicroelectronics X-CUBE-AZRTOS-WL 2.0.0
2024-02-22 14:09:01,783 [INFO] ThirdParty:1030 - CMSIS Pack Vendor :SEGGER I-CUBE-embOS 1.3.1
2024-02-22 14:09:01,784 [INFO] ThirdParty:1030 - CMSIS Pack Vendor :STMicroelectronics USB_DEVICE 1.0.0
2024-02-22 14:09:01,784 [INFO] ThirdParty:1030 - CMSIS Pack Vendor :STMicroelectronics X-CUBE-AI 8.1.0
2024-02-22 14:09:01,784 [INFO] ThirdParty:1030 - CMSIS Pack Vendor :STMicroelectronics X-CUBE-AZRTOS-L4 2.0.0
2024-02-22 14:09:01,784 [INFO] ThirdParty:1030 - CMSIS Pack Vendor :STMicroelectronics ThreadX 0.0.2
2024-02-22 14:09:01,784 [INFO] ThirdParty:1030 - CMSIS Pack Vendor :WES I-CUBE-Cesium 1.3.0
2024-02-22 14:09:01,784 [INFO] ThirdParty:1030 - CMSIS Pack Vendor :STMicroelectronics FP-ATR-ASTRA1 2.0.0
2024-02-22 14:09:01,784 [INFO] ThirdParty:1030 - CMSIS Pack Vendor :STMicroelectronics lwIP 2.1.2
2024-02-22 14:09:01,784 [INFO] ThirdParty:1030 - CMSIS Pack Vendor :STMicroelectronics X-CUBE-SFXS2LP1 4.0.0
2024-02-22 14:09:01,784 [INFO] ThirdParty:1030 - CMSIS Pack Vendor :STMicroelectronics X-CUBE-BLE2 3.3.0
2024-02-22 14:09:01,784 [INFO] ThirdParty:1030 - CMSIS Pack Vendor :STMicroelectronics X-CUBE-TOF1 3.4.0
2024-02-22 14:09:01,784 [INFO] ThirdParty:1030 - CMSIS Pack Vendor :STMicroelectronics X-CUBE-AZRTOS-H7 3.2.0
2024-02-22 14:09:01,784 [INFO] ThirdParty:1030 - CMSIS Pack Vendor :STMicroelectronics PDM2PCM 3.2.0
2024-02-22 14:09:01,785 [INFO] ThirdParty:841 - exiting critical section [change project]
2024-02-22 14:09:03,029 [INFO] PinOutPanel:1499 - setPackage(No Configuration,No Configuration)
2024-02-22 14:09:03,031 [INFO] PinOutPanel:1499 - setPackage(STM32F407VGTx,LQFP100)
2024-02-22 14:09:03,923 [INFO] UtilMem:75 - Before build in PCC Used Memory: 328856576 Bytes (591396864)
2024-02-22 14:09:05,713 [INFO] UtilMem:75 - After build in PCC Used Memory: 372632952 Bytes (591396864)
2024-02-22 14:09:05,795 [INFO] IPUIPlugin:80 - create IPUIPlugin
2024-02-22 14:09:05,795 [INFO] IPUIPlugin:80 - create IPUIPlugin
2024-02-22 14:09:05,796 [INFO] IPUIPlugin:80 - create IPUIPlugin
2024-02-22 14:09:05,796 [INFO] IPUIPlugin:80 - create IPUIPlugin
2024-02-22 14:09:05,796 [INFO] IPUIPlugin:80 - create IPUIPlugin
2024-02-22 14:09:05,797 [INFO] IPUIPlugin:80 - create IPUIPlugin
2024-02-22 14:09:05,797 [INFO] IPUIPlugin:80 - create IPUIPlugin
2024-02-22 14:09:05,797 [INFO] IPUIPlugin:80 - create IPUIPlugin
2024-02-22 14:09:05,798 [INFO] IPUIPlugin:80 - create IPUIPlugin
2024-02-22 14:09:05,798 [INFO] IPUIPlugin:80 - create IPUIPlugin
2024-02-22 14:09:05,799 [INFO] IPUIPlugin:80 - create IPUIPlugin
2024-02-22 14:09:05,799 [INFO] IPUIPlugin:80 - create IPUIPlugin
2024-02-22 14:09:05,799 [INFO] IPUIPlugin:80 - create IPUIPlugin
2024-02-22 14:09:05,800 [INFO] IPUIPlugin:80 - create IPUIPlugin
2024-02-22 14:09:05,800 [INFO] IPUIPlugin:80 - create IPUIPlugin
2024-02-22 14:09:05,800 [INFO] IPUIPlugin:80 - create IPUIPlugin
2024-02-22 14:09:05,800 [INFO] IPUIPlugin:80 - create IPUIPlugin
2024-02-22 14:09:05,800 [INFO] IPUIPlugin:80 - create IPUIPlugin
2024-02-22 14:09:05,801 [INFO] IPUIPlugin:80 - create IPUIPlugin
2024-02-22 14:09:05,801 [INFO] IPUIPlugin:80 - create IPUIPlugin
2024-02-22 14:09:05,802 [INFO] IPUIPlugin:80 - create IPUIPlugin
2024-02-22 14:09:05,803 [INFO] IPUIPlugin:80 - create IPUIPlugin
2024-02-22 14:09:05,803 [INFO] IPUIPlugin:80 - create IPUIPlugin
2024-02-22 14:09:05,804 [INFO] IPUIPlugin:80 - create IPUIPlugin
2024-02-22 14:09:05,804 [INFO] IPUIPlugin:80 - create IPUIPlugin
2024-02-22 14:09:05,805 [INFO] IPUIPlugin:80 - create IPUIPlugin
2024-02-22 14:09:05,806 [INFO] IPUIPlugin:80 - create IPUIPlugin
2024-02-22 14:09:05,806 [INFO] IPUIPlugin:80 - create IPUIPlugin
2024-02-22 14:09:05,807 [INFO] IPUIPlugin:80 - create IPUIPlugin
2024-02-22 14:09:05,807 [INFO] IPUIPlugin:80 - create IPUIPlugin
2024-02-22 14:09:05,807 [INFO] IPUIPlugin:80 - create IPUIPlugin
2024-02-22 14:09:05,808 [INFO] IPUIPlugin:80 - create IPUIPlugin
2024-02-22 14:09:05,808 [INFO] IPUIPlugin:80 - create IPUIPlugin
2024-02-22 14:09:05,809 [INFO] IPUIPlugin:80 - create IPUIPlugin
2024-02-22 14:09:05,809 [INFO] IPUIPlugin:80 - create IPUIPlugin
2024-02-22 14:09:05,810 [INFO] IPUIPlugin:80 - create IPUIPlugin
2024-02-22 14:09:05,810 [INFO] IPUIPlugin:80 - create IPUIPlugin
2024-02-22 14:09:05,811 [INFO] IPUIPlugin:80 - create IPUIPlugin
2024-02-22 14:09:05,811 [INFO] IPUIPlugin:80 - create IPUIPlugin
2024-02-22 14:09:05,812 [INFO] IPUIPlugin:80 - create IPUIPlugin
2024-02-22 14:09:05,813 [INFO] IPUIPlugin:80 - create IPUIPlugin
2024-02-22 14:09:05,813 [INFO] IPUIPlugin:80 - create IPUIPlugin
2024-02-22 14:09:05,814 [INFO] IPUIPlugin:80 - create IPUIPlugin
2024-02-22 14:09:05,814 [INFO] IPUIPlugin:80 - create IPUIPlugin
2024-02-22 14:09:05,815 [INFO] IPUIPlugin:80 - create IPUIPlugin
2024-02-22 14:09:05,815 [INFO] IPUIPlugin:80 - create IPUIPlugin
2024-02-22 14:09:05,816 [INFO] IPUIPlugin:80 - create IPUIPlugin
2024-02-22 14:09:05,817 [INFO] IPUIPlugin:80 - create IPUIPlugin
2024-02-22 14:09:05,817 [INFO] IPUIPlugin:80 - create IPUIPlugin
2024-02-22 14:09:05,818 [INFO] IPUIPlugin:80 - create IPUIPlugin
2024-02-22 14:09:05,819 [INFO] IPUIPlugin:80 - create IPUIPlugin
2024-02-22 14:09:05,820 [INFO] IPUIPlugin:80 - create IPUIPlugin
2024-02-22 14:09:05,820 [INFO] IPUIPlugin:80 - create IPUIPlugin
2024-02-22 14:09:05,822 [INFO] IPUIPlugin:80 - create IPUIPlugin
2024-02-22 14:09:05,823 [INFO] IPUIPlugin:80 - create IPUIPlugin
2024-02-22 14:09:05,825 [INFO] IPUIPlugin:80 - create IPUIPlugin
2024-02-22 14:09:05,826 [INFO] IPUIPlugin:80 - create IPUIPlugin
2024-02-22 14:09:05,827 [INFO] IPUIPlugin:80 - create IPUIPlugin
2024-02-22 14:09:05,929 [INFO] ApiDbMcu:507 - Load IP Config File for PDM2PCM
2024-02-22 14:09:06,408 [INFO] CADModel:165 - CPN selected for project levelSTM32F407VGT6
2024-02-22 14:09:06,408 [INFO] CADModel:114 - Register for checkConnection events
2024-02-22 14:09:06,452 [INFO] OpenFileManager:328 - Restore cursor
2024-02-22 14:09:23,414 [INFO] UtilMem:75 - End SaveConfig() Used Memory: 599243360 Bytes (734003200)
2024-02-22 14:09:24,904 [INFO] UtilMem:75 - End SaveConfig() Used Memory: 381167728 Bytes (734003200)
2024-02-22 14:09:30,638 [INFO] UtilMem:75 - End SaveConfig() Used Memory: 635362904 Bytes (852492288)
2024-02-22 14:09:31,675 [INFO] BlockDiagram:2759 - set Specific Code input for plugin: SYS
2024-02-22 14:09:31,675 [INFO] BlockDiagram:2759 - set Specific Code input for plugin: RCC
2024-02-22 14:09:31,676 [INFO] BlockDiagram:2759 - set Specific Code input for plugin: NVIC
2024-02-22 14:09:31,676 [INFO] BlockDiagram:2759 - set Specific Code input for plugin: USART
2024-02-22 14:09:31,676 [INFO] BlockDiagram:2759 - set Specific Code input for plugin: GPIO
2024-02-22 14:09:31,690 [INFO] CodeGenerator:799 - code generatio: config db path: /opt/st/stm32cubeide_1.13.2/plugins/com.st.stm32cube.common.mx_6.9.2.202309101412//db/
2024-02-22 14:09:32,417 [INFO] CodeEngine:255 - oldGeneratedFile, /home/sayeed/DESD/sayeed_data/MCPI/Day12/HAL_USART02/MXTmpFiles/license.tmp_save
2024-02-22 14:09:33,123 [INFO] CodeEngine:279 - Generated code: /home/sayeed/DESD/sayeed_data/MCPI/Day12/HAL_USART02/MXTmpFiles/license.tmp
2024-02-22 14:09:33,331 [INFO] CodeEngine:255 - oldGeneratedFile, /home/sayeed/DESD/sayeed_data/MCPI/Day12/HAL_USART02/MXTmpFiles/gpio.tmp_save
2024-02-22 14:09:33,553 [INFO] CodeEngine:279 - Generated code: /home/sayeed/DESD/sayeed_data/MCPI/Day12/HAL_USART02/MXTmpFiles/gpio.tmp
2024-02-22 14:09:33,719 [INFO] CodeEngine:255 - oldGeneratedFile, /home/sayeed/DESD/sayeed_data/MCPI/Day12/HAL_USART02/Core/Src/stm32f4xx_it.c_save
2024-02-22 14:09:34,099 [INFO] CodeEngine:279 - Generated code: /home/sayeed/DESD/sayeed_data/MCPI/Day12/HAL_USART02/Core/Src/stm32f4xx_it.c
2024-02-22 14:09:34,104 [INFO] CodeEngine:255 - oldGeneratedFile, /home/sayeed/DESD/sayeed_data/MCPI/Day12/HAL_USART02/Core/Inc/stm32f4xx_it.h_save
2024-02-22 14:09:34,296 [INFO] CodeEngine:279 - Generated code: /home/sayeed/DESD/sayeed_data/MCPI/Day12/HAL_USART02/Core/Inc/stm32f4xx_it.h
2024-02-22 14:09:34,324 [INFO] CodeEngine:255 - oldGeneratedFile, /home/sayeed/DESD/sayeed_data/MCPI/Day12/HAL_USART02/Core/Src/stm32f4xx_hal_msp.c_save
2024-02-22 14:09:34,846 [INFO] CodeEngine:279 - Generated code: /home/sayeed/DESD/sayeed_data/MCPI/Day12/HAL_USART02/Core/Src/stm32f4xx_hal_msp.c
2024-02-22 14:09:34,849 [INFO] CodeEngine:255 - oldGeneratedFile, /home/sayeed/DESD/sayeed_data/MCPI/Day12/HAL_USART02/MXTmpFiles/system.tmp_save
2024-02-22 14:09:35,074 [INFO] CodeEngine:279 - Generated code: /home/sayeed/DESD/sayeed_data/MCPI/Day12/HAL_USART02/MXTmpFiles/system.tmp
2024-02-22 14:09:35,101 [INFO] CodeEngine:311 - oldGeneratedFile, /home/sayeed/DESD/sayeed_data/MCPI/Day12/HAL_USART02/Core/Inc/stm32f4xx_hal_conf.h_save
2024-02-22 14:09:35,517 [INFO] CodeEngine:335 - Generated code: /home/sayeed/DESD/sayeed_data/MCPI/Day12/HAL_USART02/Core/Inc/stm32f4xx_hal_conf.h
2024-02-22 14:09:35,667 [INFO] CodeEngine:255 - oldGeneratedFile, /home/sayeed/DESD/sayeed_data/MCPI/Day12/HAL_USART02/Core/Inc/main.h_save
2024-02-22 14:09:36,044 [INFO] CodeEngine:279 - Generated code: /home/sayeed/DESD/sayeed_data/MCPI/Day12/HAL_USART02/Core/Inc/main.h
2024-02-22 14:09:36,050 [INFO] CodeEngine:255 - oldGeneratedFile, /home/sayeed/DESD/sayeed_data/MCPI/Day12/HAL_USART02/Core/Src/main.c_save
2024-02-22 14:09:36,661 [INFO] CodeEngine:279 - Generated code: /home/sayeed/DESD/sayeed_data/MCPI/Day12/HAL_USART02/Core/Src/main.c
2024-02-22 14:09:38,278 [INFO] ProjectBuilder:3064 - Time for Copy HAL[1] : 487mS.
2024-02-22 14:09:38,293 [INFO] ProjectBuilder:4404 - Project Generator version: 4.1.0
2024-02-22 14:09:38,662 [INFO] ConfigFileManager:1457 - The Die is : DIE413
2024-02-22 14:09:38,745 [INFO] ApiDbMcu:507 - Load IP Config File for FATFS
2024-02-22 14:09:38,807 [INFO] ApiDbMcu:507 - Load IP Config File for FREERTOS
2024-02-22 14:09:38,819 [INFO] ApiDbMcu:507 - Load IP Config File for LIBJPEG
2024-02-22 14:09:38,864 [INFO] ApiDbMcu:507 - Load IP Config File for LWIP
2024-02-22 14:09:38,888 [INFO] ApiDbMcu:507 - Load IP Config File for MBEDTLS
2024-02-22 14:09:38,947 [INFO] ApiDbMcu:507 - Load IP Config File for USB_DEVICE
2024-02-22 14:09:39,034 [INFO] ApiDbMcu:507 - Load IP Config File for USB_HOST
2024-02-22 14:09:40,704 [INFO] LogOutputStream:77 - [STDOUT_REDIRECT] 
2024-02-22 14:09:42,852 [INFO] ProjectBuilder:4626 - Time for Generating toolchain IDE Files: 4558mS.
2024-02-22 14:09:42,853 [INFO] ProjectBuilder:2935 - Time for Copy CMSIS : 0mS.
2024-02-22 14:09:42,854 [INFO] ProjectBuilder:2935 - Time for Copy CMSIS : 1mS.
