2024-02-19 00:34:58,235 [ERROR] LogOutputStream:75 - [STDERR_REDIRECT] SWT SessionManagerDBus: Failed to UnregisterClient: GDBus.Error:org.freedesktop.DBus.Error.NoReply: Message recipient disconnected from message bus without replying
2024-02-19 00:40:48,179 [INFO] Activator:176 - 


2024-02-19 00:40:48,199 [INFO] Activator:177 - !SESSION log4j initialized
2024-02-19 00:41:01,863 [INFO] LogOutputStream:77 - [STDOUT_REDIRECT] 
2024-02-19 00:41:04,263 [INFO] ApplicationProperties:184 - Using Application install path: /opt/st/stm32cubeide_1.13.2/plugins/com.st.stm32cube.common.mx_6.9.2.202309101412
2024-02-19 00:41:04,334 [INFO] DbMcusXml:78 - Set database path to: /opt/st/stm32cubeide_1.13.2/plugins/com.st.stm32cube.common.mx_6.9.2.202309101412//db//mcu/
2024-02-19 00:41:04,335 [INFO] ApiDb:274 - Set plugin database path to: /opt/st/stm32cubeide_1.13.2/plugins/com.st.stm32cube.common.mx_6.9.2.202309101412//db//plugins/boardmanager/
2024-02-19 00:41:04,335 [WARN] ApiDb:259 - Overriding images path with different value:  => /opt/st/stm32cubeide_1.13.2/plugins/com.st.stm32cube.common.mx_6.9.2.202309101412//db//plugins/mcufinder/images/
2024-02-19 00:41:04,401 [INFO] ApiDb:250 - Set database path to: /home/sayeed/.stmcufinder/plugins/mcufinder//mcu/
2024-02-19 00:41:04,403 [INFO] DbMcusAds:125 - Set database path to: /home/sayeed/.stmcufinder/plugins/mcufinder//mcu/
2024-02-19 00:41:04,406 [INFO] CrossReferenceDbSqlite:203 - Set database path to: /home/sayeed/.stmcufinder/plugins/mcufinder//mcu/cs/
2024-02-19 00:41:04,633 [INFO] RulesReader:64 - Compatibility file has been processed (293 Rules)
2024-02-19 00:41:04,918 [INFO] DbMcusXml:78 - Set database path to: /opt/st/stm32cubeide_1.13.2/plugins/com.st.stm32cube.common.mx_6.9.2.202309101412//db//mcu/
2024-02-19 00:41:04,918 [INFO] ApiDb:274 - Set plugin database path to: /opt/st/stm32cubeide_1.13.2/plugins/com.st.stm32cube.common.mx_6.9.2.202309101412//db//plugins/boardmanager/
2024-02-19 00:41:04,919 [INFO] ApiDb:261 - Set plugin images path to: /opt/st/stm32cubeide_1.13.2/plugins/com.st.stm32cube.common.mx_6.9.2.202309101412//db//plugins/mcufinder/images/
2024-02-19 00:41:04,920 [WARN] DbFile:41 - Overriding database path with different value: /home/sayeed/.stmcufinder/plugins/mcufinder/ => /home/sayeed/.stmcufinder/plugins/mcufinder
2024-02-19 00:41:04,920 [INFO] ApiDb:250 - Set database path to: /home/sayeed/.stmcufinder/plugins/mcufinder//mcu/
2024-02-19 00:41:04,920 [WARN] DbFile:41 - Overriding database path with different value: /home/sayeed/.stmcufinder/plugins/mcufinder/ => /home/sayeed/.stmcufinder/plugins/mcufinder
2024-02-19 00:41:04,921 [INFO] DbMcusAds:125 - Set database path to: /home/sayeed/.stmcufinder/plugins/mcufinder//mcu/
2024-02-19 00:41:04,921 [WARN] DbFile:41 - Overriding database path with different value: /home/sayeed/.stmcufinder/plugins/mcufinder/ => /home/sayeed/.stmcufinder/plugins/mcufinder
2024-02-19 00:41:04,921 [WARN] DbFile:41 - Overriding database path with different value: /home/sayeed/.stmcufinder/plugins/mcufinder/ => /home/sayeed/.stmcufinder/plugins/mcufinder
2024-02-19 00:41:04,922 [INFO] CrossReferenceDbSqlite:203 - Set database path to: /home/sayeed/.stmcufinder/plugins/mcufinder//mcu/cs/
2024-02-19 00:41:05,160 [INFO] MainPanel:262 - HeapMemory: 268435456
2024-02-19 00:41:05,480 [INFO] DbMcusXml:78 - Set database path to: /opt/st/stm32cubeide_1.13.2/plugins/com.st.stm32cube.common.mx_6.9.2.202309101412//db//mcu/
2024-02-19 00:41:05,480 [INFO] ApiDb:274 - Set plugin database path to: /opt/st/stm32cubeide_1.13.2/plugins/com.st.stm32cube.common.mx_6.9.2.202309101412//db//plugins/boardmanager/
2024-02-19 00:41:05,480 [INFO] ApiDb:261 - Set plugin images path to: /opt/st/stm32cubeide_1.13.2/plugins/com.st.stm32cube.common.mx_6.9.2.202309101412//db//plugins/mcufinder/images/
2024-02-19 00:41:05,491 [WARN] DbFile:41 - Overriding database path with different value: /home/sayeed/.stmcufinder/plugins/mcufinder/ => /home/sayeed/.stmcufinder/plugins/mcufinder
2024-02-19 00:41:05,492 [INFO] ApiDb:250 - Set database path to: /home/sayeed/.stmcufinder/plugins/mcufinder//mcu/
2024-02-19 00:41:05,492 [WARN] DbFile:41 - Overriding database path with different value: /home/sayeed/.stmcufinder/plugins/mcufinder/ => /home/sayeed/.stmcufinder/plugins/mcufinder
2024-02-19 00:41:05,492 [INFO] DbMcusAds:125 - Set database path to: /home/sayeed/.stmcufinder/plugins/mcufinder//mcu/
2024-02-19 00:41:05,493 [WARN] DbFile:41 - Overriding database path with different value: /home/sayeed/.stmcufinder/plugins/mcufinder/ => /home/sayeed/.stmcufinder/plugins/mcufinder
2024-02-19 00:41:05,493 [WARN] DbFile:41 - Overriding database path with different value: /home/sayeed/.stmcufinder/plugins/mcufinder/ => /home/sayeed/.stmcufinder/plugins/mcufinder
2024-02-19 00:41:05,494 [INFO] CrossReferenceDbSqlite:203 - Set database path to: /home/sayeed/.stmcufinder/plugins/mcufinder//mcu/cs/
2024-02-19 00:41:05,611 [INFO] ApplicationProperties:184 - Using Application install path: /opt/st/stm32cubeide_1.13.2/plugins/com.st.stm32cube.common.mx_6.9.2.202309101412
2024-02-19 00:41:05,615 [INFO] PluginManage:196 - Search for loadable plugins [exclusion list=, ]
2024-02-19 00:41:05,625 [INFO] PluginManage:310 - Check plugin analytics
2024-02-19 00:41:05,999 [INFO] AnalyticsPlugin:253 - Accepted Software Licenses: 
2024-02-19 00:41:05,999 [INFO] AnalyticsPlugin:255 - Accepted CMSIS Pack Licenses: 
2024-02-19 00:41:05,999 [INFO] AnalyticsPlugin:257 - Accepted Firmware Licenses: FW.F4.1.27.0,FW.G4.1.5.0
2024-02-19 00:41:06,004 [INFO] PluginManage:359 - Loaded plugin analytics (category:tool,tabindex:-1)
2024-02-19 00:41:06,004 [INFO] PluginManage:310 - Check plugin cadmodel
2024-02-19 00:41:06,155 [INFO] CADModel:105 - Init CAD model plugin
2024-02-19 00:41:06,155 [INFO] PluginManage:359 - Loaded plugin cadmodel (category:power,tabindex:5)
2024-02-19 00:41:06,155 [INFO] PluginManage:310 - Check plugin clock
2024-02-19 00:41:06,200 [INFO] PluginManage:359 - Loaded plugin clock (category:base,tabindex:2)
2024-02-19 00:41:06,200 [INFO] PluginManage:310 - Check plugin ddr
2024-02-19 00:41:06,218 [INFO] PluginManage:359 - Loaded plugin ddr (category:tool,tabindex:6)
2024-02-19 00:41:06,218 [INFO] PluginManage:310 - Check plugin filemanager
2024-02-19 00:41:06,556 [INFO] PluginManage:359 - Loaded plugin filemanager (category:base,tabindex:10)
2024-02-19 00:41:06,556 [INFO] PluginManage:310 - Check plugin ipmanager
2024-02-19 00:41:06,588 [INFO] PluginManage:359 - Loaded plugin ipmanager (category:base,tabindex:5)
2024-02-19 00:41:06,588 [INFO] PluginManage:310 - Check plugin lpbam
2024-02-19 00:41:06,612 [INFO] PluginManage:359 - Loaded plugin lpbam (category:base,tabindex:0)
2024-02-19 00:41:06,612 [INFO] PluginManage:310 - Check plugin memorymap
2024-02-19 00:41:06,655 [INFO] PluginManage:359 - Loaded plugin memorymap (category:base,tabindex:4)
2024-02-19 00:41:06,656 [INFO] PluginManage:310 - Check plugin pinoutandconfiguration
2024-02-19 00:41:06,668 [INFO] PluginManage:359 - Loaded plugin pinoutandconfiguration (category:base,tabindex:1)
2024-02-19 00:41:06,668 [INFO] PluginManage:310 - Check plugin pinoutconfig
2024-02-19 00:41:06,809 [WARN] SupportedApi:132 - Cannot load RTOS API schema: s4s-elt-must-match.1: The content of 'definitions' must match (annotation?, (simpleType | complexType)?, (unique | key | keyref)*)). A problem was found starting at: attribute.
2024-02-19 00:41:07,012 [INFO] PluginManage:359 - Loaded plugin pinoutconfig (category:base,tabindex:0)
2024-02-19 00:41:07,012 [INFO] PluginManage:310 - Check plugin power
2024-02-19 00:41:07,070 [INFO] PluginManage:359 - Loaded plugin power (category:power,tabindex:4)
2024-02-19 00:41:07,071 [INFO] PluginManage:310 - Check plugin projectmanager
2024-02-19 00:41:07,114 [INFO] PluginManage:359 - Loaded plugin projectmanager (category:projectmanager,tabindex:3)
2024-02-19 00:41:07,114 [INFO] PluginManage:310 - Check plugin thirdparty
2024-02-19 00:41:07,512 [INFO] PluginManage:359 - Loaded plugin thirdparty (category:base,tabindex:-1)
2024-02-19 00:41:07,512 [WARN] IntegrityCheckThread:84 - waiting for thirdparty lock release [integrity check]
2024-02-19 00:41:07,512 [INFO] PluginManage:310 - Check plugin tools
2024-02-19 00:41:07,513 [INFO] IntegrityCheckThread:86 - entering critical section [integrity check]
2024-02-19 00:41:07,515 [INFO] ThirdPartyUpdaterWithRetryManager:70 - Updater plugin not ready yet. [1/15]
2024-02-19 00:41:07,531 [INFO] PluginManage:359 - Loaded plugin tools (category:base,tabindex:7)
2024-02-19 00:41:07,531 [INFO] PluginManage:310 - Check plugin tutovideos
2024-02-19 00:41:07,900 [INFO] PluginManage:359 - Loaded plugin tutovideos (category:base,tabindex:-1)
2024-02-19 00:41:07,901 [INFO] PluginManage:310 - Check plugin updater
2024-02-19 00:41:07,936 [INFO] PluginManage:359 - Loaded plugin updater (category:base,tabindex:12)
2024-02-19 00:41:07,936 [INFO] PluginManage:310 - Check plugin userauth
2024-02-19 00:41:07,956 [INFO] UserAuth:113 - Init User Auth plugin
2024-02-19 00:41:07,956 [INFO] PluginManage:359 - Loaded plugin userauth (category:base,tabindex:14)
2024-02-19 00:41:07,957 [INFO] PluginManage:283 - PluginManage : Loaded plugins [17]
2024-02-19 00:41:08,464 [INFO] PinOutPanel:1499 - setPackage(No Configuration,No Configuration)
2024-02-19 00:41:08,658 [INFO] CADModel:165 - CPN selected for project level
2024-02-19 00:41:08,659 [INFO] CADModel:114 - Register for checkConnection events
2024-02-19 00:41:08,698 [INFO] IPUIPlugin:80 - create IPUIPlugin
2024-02-19 00:41:08,698 [INFO] PluginManager:220 - loadIPPluginJar : add aes
2024-02-19 00:41:08,725 [INFO] IPUIPlugin:80 - create IPUIPlugin
2024-02-19 00:41:08,725 [INFO] PluginManager:220 - loadIPPluginJar : add fmc
2024-02-19 00:41:08,746 [INFO] IPUIPlugin:80 - create IPUIPlugin
2024-02-19 00:41:08,746 [INFO] PluginManager:220 - loadIPPluginJar : add openamp
2024-02-19 00:41:08,751 [INFO] IPUIPlugin:80 - create IPUIPlugin
2024-02-19 00:41:08,752 [INFO] PluginManager:220 - loadIPPluginJar : add spi
2024-02-19 00:41:08,756 [INFO] IPUIPlugin:80 - create IPUIPlugin
2024-02-19 00:41:08,757 [INFO] PluginManager:220 - loadIPPluginJar : add i2s
2024-02-19 00:41:08,762 [INFO] IPUIPlugin:80 - create IPUIPlugin
2024-02-19 00:41:08,764 [INFO] PluginManager:220 - loadIPPluginJar : add dma3
2024-02-19 00:41:08,771 [INFO] IPUIPlugin:80 - create IPUIPlugin
2024-02-19 00:41:08,772 [INFO] PluginManager:220 - loadIPPluginJar : add i2c
2024-02-19 00:41:08,777 [INFO] IPUIPlugin:80 - create IPUIPlugin
2024-02-19 00:41:08,778 [INFO] PluginManager:220 - loadIPPluginJar : add ipddr
2024-02-19 00:41:08,780 [INFO] IPUIPlugin:80 - create IPUIPlugin
2024-02-19 00:41:08,781 [INFO] PluginManager:220 - loadIPPluginJar : add ltdc
2024-02-19 00:41:08,796 [INFO] IPUIPlugin:80 - create IPUIPlugin
2024-02-19 00:41:08,796 [INFO] PluginManager:220 - loadIPPluginJar : add nvic
2024-02-19 00:41:08,810 [INFO] IPUIPlugin:80 - create IPUIPlugin
2024-02-19 00:41:08,810 [INFO] PluginManager:220 - loadIPPluginJar : add hash
2024-02-19 00:41:08,813 [INFO] IPUIPlugin:80 - create IPUIPlugin
2024-02-19 00:41:08,813 [INFO] PluginManager:220 - loadIPPluginJar : add comp
2024-02-19 00:41:08,836 [INFO] IPUIPlugin:80 - create IPUIPlugin
2024-02-19 00:41:08,837 [INFO] PluginManager:220 - loadIPPluginJar : add mdma
2024-02-19 00:41:08,840 [INFO] IPUIPlugin:80 - create IPUIPlugin
2024-02-19 00:41:08,841 [INFO] PluginManager:220 - loadIPPluginJar : add opamp
2024-02-19 00:41:08,848 [INFO] IPUIPlugin:80 - create IPUIPlugin
2024-02-19 00:41:08,848 [INFO] PluginManager:220 - loadIPPluginJar : add gic
2024-02-19 00:41:08,851 [INFO] IPUIPlugin:80 - create IPUIPlugin
2024-02-19 00:41:08,851 [INFO] PluginManager:220 - loadIPPluginJar : add ucpd
2024-02-19 00:41:08,855 [INFO] IPUIPlugin:80 - create IPUIPlugin
2024-02-19 00:41:08,856 [INFO] PluginManager:220 - loadIPPluginJar : add pdm2pcm
2024-02-19 00:41:08,858 [INFO] IPUIPlugin:80 - create IPUIPlugin
2024-02-19 00:41:08,858 [INFO] PluginManager:220 - loadIPPluginJar : add fatfs
2024-02-19 00:41:08,861 [INFO] IPUIPlugin:80 - create IPUIPlugin
2024-02-19 00:41:08,861 [INFO] PluginManager:220 - loadIPPluginJar : add genericplugin
2024-02-19 00:41:08,865 [INFO] IPUIPlugin:80 - create IPUIPlugin
2024-02-19 00:41:08,865 [INFO] PluginManager:220 - loadIPPluginJar : add cryp
2024-02-19 00:41:08,868 [INFO] IPUIPlugin:80 - create IPUIPlugin
2024-02-19 00:41:08,868 [INFO] PluginManager:220 - loadIPPluginJar : add ts
2024-02-19 00:41:08,871 [INFO] IPUIPlugin:80 - create IPUIPlugin
2024-02-19 00:41:08,871 [INFO] PluginManager:220 - loadIPPluginJar : add tim
2024-02-19 00:41:08,875 [INFO] IPUIPlugin:80 - create IPUIPlugin
2024-02-19 00:41:08,875 [INFO] PluginManager:220 - loadIPPluginJar : add can
2024-02-19 00:41:08,884 [INFO] IPUIPlugin:80 - create IPUIPlugin
2024-02-19 00:41:08,884 [INFO] PluginManager:220 - loadIPPluginJar : add adc
2024-02-19 00:41:08,894 [INFO] IPUIPlugin:80 - create IPUIPlugin
2024-02-19 00:41:08,894 [INFO] PluginManager:220 - loadIPPluginJar : add linkedlist
2024-02-19 00:41:08,912 [INFO] IPUIPlugin:80 - create IPUIPlugin
2024-02-19 00:41:08,912 [INFO] PluginManager:220 - loadIPPluginJar : add resmgrutility
2024-02-19 00:41:08,916 [INFO] IPUIPlugin:80 - create IPUIPlugin
2024-02-19 00:41:08,916 [INFO] PluginManager:220 - loadIPPluginJar : add usbx
2024-02-19 00:41:08,919 [INFO] IPUIPlugin:80 - create IPUIPlugin
2024-02-19 00:41:08,920 [INFO] PluginManager:220 - loadIPPluginJar : add usart
2024-02-19 00:41:08,935 [INFO] IPUIPlugin:80 - create IPUIPlugin
2024-02-19 00:41:08,935 [INFO] PluginManager:220 - loadIPPluginJar : add gpio
2024-02-19 00:41:08,939 [INFO] IPUIPlugin:80 - create IPUIPlugin
2024-02-19 00:41:08,939 [INFO] PluginManager:220 - loadIPPluginJar : add touchsensing
2024-02-19 00:41:08,943 [INFO] IPUIPlugin:80 - create IPUIPlugin
2024-02-19 00:41:08,943 [INFO] PluginManager:220 - loadIPPluginJar : add lorawan
2024-02-19 00:41:08,945 [INFO] IPUIPlugin:80 - create IPUIPlugin
2024-02-19 00:41:08,945 [INFO] PluginManager:220 - loadIPPluginJar : add tsc
2024-02-19 00:41:08,948 [INFO] IPUIPlugin:80 - create IPUIPlugin
2024-02-19 00:41:08,948 [INFO] PluginManager:220 - loadIPPluginJar : add tracer_emb
2024-02-19 00:41:08,951 [INFO] IPUIPlugin:80 - create IPUIPlugin
2024-02-19 00:41:08,951 [INFO] PluginManager:220 - loadIPPluginJar : add dfsdm
2024-02-19 00:41:08,954 [INFO] IPUIPlugin:80 - create IPUIPlugin
2024-02-19 00:41:08,955 [INFO] PluginManager:220 - loadIPPluginJar : add gfxmmu
2024-02-19 00:41:08,958 [INFO] IPUIPlugin:80 - create IPUIPlugin
2024-02-19 00:41:08,958 [INFO] PluginManager:220 - loadIPPluginJar : add quadspi
2024-02-19 00:41:09,014 [INFO] IPUIPlugin:80 - create IPUIPlugin
2024-02-19 00:41:09,015 [INFO] PluginManager:220 - loadIPPluginJar : add freertos
2024-02-19 00:41:09,019 [INFO] IPUIPlugin:80 - create IPUIPlugin
2024-02-19 00:41:09,019 [INFO] PluginManager:220 - loadIPPluginJar : add sai
2024-02-19 00:41:09,023 [INFO] IPUIPlugin:80 - create IPUIPlugin
2024-02-19 00:41:09,023 [INFO] PluginManager:220 - loadIPPluginJar : add gtzc
2024-02-19 00:41:09,029 [INFO] IPUIPlugin:80 - create IPUIPlugin
2024-02-19 00:41:09,029 [INFO] PluginManager:220 - loadIPPluginJar : add stm32_wpan
2024-02-19 00:41:09,056 [INFO] IPUIPlugin:80 - create IPUIPlugin
2024-02-19 00:41:09,056 [INFO] PluginManager:220 - loadIPPluginJar : add dma
2024-02-19 00:41:09,060 [INFO] IPUIPlugin:80 - create IPUIPlugin
2024-02-19 00:41:09,060 [INFO] PluginManager:220 - loadIPPluginJar : add i3c
2024-02-19 00:41:09,076 [INFO] IPUIPlugin:80 - create IPUIPlugin
2024-02-19 00:41:09,080 [INFO] PluginManager:220 - loadIPPluginJar : add plateformsettings
2024-02-19 00:41:09,207 [INFO] CADModel:165 - CPN selected for project level
2024-02-19 00:41:09,207 [INFO] CADModel:114 - Register for checkConnection events
2024-02-19 00:41:09,208 [FATAL] Updater:308 - Updater called before beeing initialized
2024-02-19 00:41:09,208 [ERROR] CADModel:125 - Updater not yet initialized, retry later 
2024-02-19 00:41:09,514 [INFO] CADModel:165 - CPN selected for project level
2024-02-19 00:41:09,515 [INFO] CADModel:114 - Register for checkConnection events
2024-02-19 00:41:09,515 [FATAL] Updater:308 - Updater called before beeing initialized
2024-02-19 00:41:09,515 [ERROR] CADModel:125 - Updater not yet initialized, retry later 
2024-02-19 00:41:09,520 [FATAL] Updater:308 - Updater called before beeing initialized
2024-02-19 00:41:09,757 [FATAL] Updater:308 - Updater called before beeing initialized
2024-02-19 00:41:09,777 [INFO] DbMcusAds:53 - JSON generation date=Wed Nov 29 16:22:27 IST 2023 (1701255147349)
2024-02-19 00:41:09,777 [FATAL] Updater:308 - Updater called before beeing initialized
2024-02-19 00:41:09,904 [WARN] DetailPanel:346 - Failed to get advertising image, set to default
2024-02-19 00:41:10,053 [FATAL] Updater:308 - Updater called before beeing initialized
2024-02-19 00:41:10,062 [FATAL] Updater:308 - Updater called before beeing initialized
2024-02-19 00:41:10,062 [FATAL] Updater:308 - Updater called before beeing initialized
2024-02-19 00:41:10,063 [WARN] DetailPanel:346 - Failed to get advertising image, set to default
2024-02-19 00:41:10,064 [FATAL] Updater:308 - Updater called before beeing initialized
2024-02-19 00:41:10,147 [ERROR] Updater:1120 - MainUpdater not yet initialized. External WinMGr cannot be set.
2024-02-19 00:41:10,149 [INFO] Updater:1056 - Updater Version found : 6.9.2
2024-02-19 00:41:10,183 [INFO] ApplicationProperties:184 - Using Application install path: /opt/st/stm32cubeide_1.13.2/plugins/com.st.stm32cube.common.mx_6.9.2.202309101412
2024-02-19 00:41:10,515 [INFO] ThirdPartyUpdaterWithRetryManager:70 - Updater plugin not ready yet. [2/15]
2024-02-19 00:41:10,754 [INFO] MainUpdater:2868 - connection check result : 10
2024-02-19 00:41:10,756 [INFO] MainUpdater:285 - Updater Check For Update Now.
2024-02-19 00:41:10,756 [INFO] MicroXplorer:498 - Change Database Version : DB.6.0.92
2024-02-19 00:41:10,781 [INFO] McuFinderGlobals:63 - Set McuFinder mode to 2 (CubeIDE integrated)
2024-02-19 00:41:11,162 [INFO] CheckServerUpdateThread:120 - End of CheckServer Thread
2024-02-19 00:41:14,050 [WARN] PackLoader:240 - Cannot read IP mode file for STMicroelectronics.X-CUBE-SMBUS.2.1.0
2024-02-19 00:41:14,070 [WARN] PackLoader:240 - Cannot read IP mode file for STMicroelectronics.X-CUBE-TOUCHGFX.4.23.0
2024-02-19 00:41:14,174 [WARN] PackLoader:240 - Cannot read IP mode file for STMicroelectronics.X-CUBE-AZRTOS-F7.1.1.0
2024-02-19 00:41:14,208 [WARN] PackLoader:240 - Cannot read IP mode file for STMicroelectronics.FP-SNS-MOTENV1.4.3.2
2024-02-19 00:41:14,228 [WARN] PackLoader:240 - Cannot read IP mode file for STMicroelectronics.FP-SNS-FLIGHT1.5.0.2
2024-02-19 00:41:14,243 [WARN] PackLoader:240 - Cannot read IP mode file for STMicroelectronics.X-CUBE-DISPLAY.3.0.0
2024-02-19 00:41:14,296 [WARN] PackLoader:240 - Cannot read IP mode file for STMicroelectronics.X-CUBE-BLE1.7.0.0
2024-02-19 00:41:14,322 [WARN] PackLoader:240 - Cannot read IP mode file for emotas.I-CUBE-CANOPEN.1.3.0
2024-02-19 00:41:14,329 [WARN] PackLoader:240 - Cannot read IP mode file for STMicroelectronics.X-CUBE-TOUCHGFX.4.22.0
2024-02-19 00:41:14,347 [WARN] PackLoader:240 - Cannot read IP mode file for STMicroelectronics.X-CUBE-TOUCHGFX.4.22.1
2024-02-19 00:41:14,362 [WARN] PackLoader:240 - Cannot read IP mode file for STMicroelectronics.FP-SNS-SMARTAG2.1.2.0
2024-02-19 00:41:14,390 [INFO] LogOutputStream:77 - [STDOUT_REDIRECT] 1 : Invalid condition id : UX_CORESTACK_Condition cause : null
2024-02-19 00:41:14,392 [INFO] LogOutputStream:77 - [STDOUT_REDIRECT] 1 : Invalid condition id : UX_CORESTACK_Condition cause : null
2024-02-19 00:41:14,392 [INFO] LogOutputStream:77 - [STDOUT_REDIRECT] 1 : Invalid condition id : UX_CORESTACK_Condition cause : null
2024-02-19 00:41:14,395 [INFO] LogOutputStream:77 - [STDOUT_REDIRECT] 1 : Invalid condition id : UX_CORESTACK_Condition cause : null
2024-02-19 00:41:14,398 [INFO] LogOutputStream:77 - [STDOUT_REDIRECT] 1 : Invalid condition id : UX_CORESTACK_Condition cause : null
2024-02-19 00:41:14,414 [WARN] PackLoader:240 - Cannot read IP mode file for STMicroelectronics.X-CUBE-AZRTOS-WL.2.0.0
2024-02-19 00:41:14,452 [WARN] PackLoader:240 - Cannot read IP mode file for WES.I-CUBE-Cesium.1.3.0
2024-02-19 00:41:14,475 [WARN] PackLoader:240 - Cannot read IP mode file for STMicroelectronics.X-CUBE-BLE2.3.3.0
2024-02-19 00:41:14,497 [WARN] PackLoader:240 - Cannot read IP mode file for STMicroelectronics.X-CUBE-ALGOBUILD.1.3.0
2024-02-19 00:41:14,571 [WARN] PackLoader:240 - Cannot read IP mode file for STMicroelectronics.X-CUBE-AZRTOS-G0.1.1.0
2024-02-19 00:41:14,610 [WARN] PackLoader:240 - Cannot read IP mode file for STMicroelectronics.X-CUBE-NFC4.3.0.0
2024-02-19 00:41:14,658 [WARN] PackLoader:240 - Cannot read IP mode file for STMicroelectronics.X-CUBE-BLEMGR.3.0.0
2024-02-19 00:41:14,670 [WARN] PackLoader:240 - Cannot read IP mode file for STMicroelectronics.FP-ATR-SIGFOX1.3.2.0
2024-02-19 00:41:14,692 [WARN] PackLoader:240 - Cannot read IP mode file for STMicroelectronics.X-CUBE-EEPRMA1.5.1.0
2024-02-19 00:41:14,855 [WARN] PackLoader:240 - Cannot read IP mode file for SEGGER.I-CUBE-embOS.1.3.1
2024-02-19 00:41:14,973 [WARN] PackLoader:240 - Cannot read IP mode file for STMicroelectronics.X-CUBE-GNSS1.6.0.0
2024-02-19 00:41:15,020 [WARN] PackLoader:240 - Cannot read IP mode file for STMicroelectronics.X-CUBE-AZRTOS-F4.1.1.0
2024-02-19 00:41:15,033 [WARN] PackLoader:240 - Cannot read IP mode file for wolfSSL.I-CUBE-wolfSSL.5.6.3
2024-02-19 00:41:15,067 [WARN] PackLoader:240 - Cannot read IP mode file for STMicroelectronics.X-CUBE-AZRTOS-L5.2.0.0
2024-02-19 00:41:15,197 [WARN] PackLoader:240 - Cannot read IP mode file for STMicroelectronics.X-CUBE-MEMS1.9.6.0
2024-02-19 00:41:15,560 [WARN] PackLoader:240 - Cannot read IP mode file for STMicroelectronics.X-CUBE-EEPRMA1.4.2.0
2024-02-19 00:41:15,569 [WARN] PackLoader:240 - Cannot read IP mode file for ITTIA_DB.I-CUBE-ITTIADB.8.8.0
2024-02-19 00:41:15,589 [WARN] PackLoader:240 - Cannot read IP mode file for STMicroelectronics.X-CUBE-BLEMGR.2.0.0
2024-02-19 00:41:15,615 [WARN] ConditionMgr:438 - getConditionDescription Invalid condition id : UX DEVICE CLASS RTOS Condition cause : null
2024-02-19 00:41:15,616 [WARN] ConditionMgr:438 - getConditionDescription Invalid condition id : UX DEVICE CLASS RTOS Condition cause : null
2024-02-19 00:41:15,619 [WARN] PackLoader:240 - Cannot read IP mode file for STMicroelectronics.X-CUBE-AZRTOS-H7.3.1.0
2024-02-19 00:41:15,621 [WARN] ConditionMgr:1039 - genDependencies : Invalid condition id : UX DEVICE CLASS RTOS Condition cause : null
2024-02-19 00:41:15,621 [WARN] ConditionMgr:1039 - genDependencies : Invalid condition id : UX DEVICE CLASS RTOS Condition cause : null
2024-02-19 00:41:15,622 [WARN] ConditionMgr:1039 - genDependencies : Invalid condition id : UX DEVICE CLASS RTOS Condition cause : null
2024-02-19 00:41:15,622 [WARN] ConditionMgr:1039 - genDependencies : Invalid condition id : UX DEVICE CLASS RTOS Condition cause : null
2024-02-19 00:41:15,623 [WARN] ConditionMgr:1039 - genDependencies : Invalid condition id : UX DEVICE CLASS RTOS Condition cause : null
2024-02-19 00:41:15,629 [WARN] PackLoader:240 - Cannot read IP mode file for STMicroelectronics.X-CUBE-NFC7.1.0.1
2024-02-19 00:41:15,645 [WARN] PackLoader:240 - Cannot read IP mode file for STMicroelectronics.X-CUBE-NFC6.3.0.0
2024-02-19 00:41:15,654 [WARN] PackLoader:240 - Cannot read IP mode file for STMicroelectronics.X-CUBE-EEPRMA1.4.1.0
2024-02-19 00:41:15,664 [WARN] PackLoader:240 - Cannot read IP mode file for STMicroelectronics.X-CUBE-AI.8.1.0
2024-02-19 00:41:15,715 [WARN] ConditionMgr:438 - getConditionDescription Invalid condition id : LAN8742 Phy interface Condition cause : null
2024-02-19 00:41:15,716 [WARN] PackLoader:240 - Cannot read IP mode file for STMicroelectronics.X-CUBE-AZRTOS-L4.2.0.0
2024-02-19 00:41:15,719 [WARN] ConditionMgr:1039 - genDependencies : Invalid condition id : LAN8742 Phy interface Condition cause : null
2024-02-19 00:41:15,720 [WARN] ConditionMgr:1039 - genDependencies : Invalid condition id : LAN8742 Phy interface Condition cause : null
2024-02-19 00:41:15,721 [WARN] ConditionMgr:1039 - genDependencies : Invalid condition id : LAN8742 Phy interface Condition cause : null
2024-02-19 00:41:15,738 [WARN] PackLoader:240 - Cannot read IP mode file for STMicroelectronics.X-CUBE-SFXS2LP1.4.0.0
2024-02-19 00:41:15,758 [WARN] PackLoader:240 - Cannot read IP mode file for STMicroelectronics.X-CUBE-ISPU.1.1.0
2024-02-19 00:41:15,793 [WARN] ConditionMgr:438 - getConditionDescription Invalid condition id : UX DEVICE CLASS RTOS Condition cause : null
2024-02-19 00:41:15,795 [WARN] ConditionMgr:438 - getConditionDescription Invalid condition id : UX DEVICE CLASS RTOS Condition cause : null
2024-02-19 00:41:15,800 [WARN] PackLoader:240 - Cannot read IP mode file for STMicroelectronics.X-CUBE-AZRTOS-WB.2.0.0
2024-02-19 00:41:15,802 [WARN] ConditionMgr:1039 - genDependencies : Invalid condition id : UX DEVICE CLASS RTOS Condition cause : null
2024-02-19 00:41:15,802 [WARN] ConditionMgr:1039 - genDependencies : Invalid condition id : UX DEVICE CLASS RTOS Condition cause : null
2024-02-19 00:41:15,803 [WARN] ConditionMgr:1039 - genDependencies : Invalid condition id : UX DEVICE CLASS RTOS Condition cause : null
2024-02-19 00:41:15,804 [WARN] ConditionMgr:1039 - genDependencies : Invalid condition id : UX DEVICE CLASS RTOS Condition cause : null
2024-02-19 00:41:15,804 [WARN] ConditionMgr:1039 - genDependencies : Invalid condition id : UX DEVICE CLASS RTOS Condition cause : null
2024-02-19 00:41:15,823 [WARN] PackLoader:240 - Cannot read IP mode file for STMicroelectronics.X-CUBE-SUBG2.5.0.0
2024-02-19 00:41:15,850 [WARN] PackLoader:240 - Cannot read IP mode file for STMicroelectronics.X-CUBE-TOF1.3.3.1
2024-02-19 00:41:15,898 [WARN] PackLoader:240 - Cannot read IP mode file for STMicroelectronics.X-CUBE-AZRTOS-G4.2.0.0
2024-02-19 00:41:15,927 [WARN] PackLoader:240 - Cannot read IP mode file for Infineon.AIROC-Wi-Fi-Bluetooth-STM32.1.5.1
2024-02-19 00:41:15,960 [WARN] PackLoader:240 - Cannot read IP mode file for STMicroelectronics.FP-SNS-MOTENVWB1.1.3.1
2024-02-19 00:41:15,968 [WARN] PackLoader:240 - Cannot read IP mode file for STMicroelectronics.X-CUBE-ISPU.2.0.0
2024-02-19 00:41:16,087 [WARN] PackLoader:240 - Cannot read IP mode file for STMicroelectronics.X-CUBE-MEMS1.10.0.0
2024-02-19 00:41:16,346 [WARN] PackLoader:240 - Cannot read IP mode file for STMicroelectronics.X-CUBE-FREERTOS.1.1.0
2024-02-19 00:41:16,411 [WARN] PackLoader:240 - Cannot read IP mode file for portGmbH.I-Cube-SoM-uGOAL.1.1.0
2024-02-19 00:41:16,428 [WARN] PackLoader:240 - Cannot read IP mode file for STMicroelectronics.X-CUBE-ALS.1.0.1
2024-02-19 00:41:16,444 [WARN] PackLoader:240 - Cannot read IP mode file for STMicroelectronics.FP-ATR-ASTRA1.2.0.0
2024-02-19 00:41:16,469 [WARN] PackLoader:240 - Cannot read IP mode file for STMicroelectronics.X-CUBE-TOF1.3.4.0
2024-02-19 00:41:16,546 [WARN] PackLoader:240 - Cannot read IP mode file for STMicroelectronics.X-CUBE-AZRTOS-H7.3.2.0
2024-02-19 00:41:16,553 [INFO] ThirdParty:978 - Integrity check success = true
2024-02-19 00:41:16,554 [INFO] IntegrityCheckThread:100 - exiting critical section [integrity check]
2024-02-19 00:41:16,554 [INFO] IntegrityCheckThread:103 - End integrity checks thread
2024-02-19 00:41:32,405 [ERROR] LogOutputStream:75 - [STDERR_REDIRECT] SLF4J: Failed to load class "org.slf4j.impl.StaticLoggerBinder".
2024-02-19 00:41:32,405 [ERROR] LogOutputStream:75 - [STDERR_REDIRECT] SLF4J: Defaulting to no-operation (NOP) logger implementation
2024-02-19 00:41:32,406 [ERROR] LogOutputStream:75 - [STDERR_REDIRECT] SLF4J: See http://www.slf4j.org/codes.html#StaticLoggerBinder for further details.
2024-02-19 14:35:29,675 [INFO] Activator:176 - 


2024-02-19 14:35:29,689 [INFO] Activator:177 - !SESSION log4j initialized
2024-02-19 14:35:44,006 [INFO] LogOutputStream:77 - [STDOUT_REDIRECT] 
2024-02-19 14:35:47,193 [INFO] ApplicationProperties:184 - Using Application install path: /opt/st/stm32cubeide_1.13.2/plugins/com.st.stm32cube.common.mx_6.9.2.202309101412
2024-02-19 14:35:47,244 [INFO] DbMcusXml:78 - Set database path to: /opt/st/stm32cubeide_1.13.2/plugins/com.st.stm32cube.common.mx_6.9.2.202309101412//db//mcu/
2024-02-19 14:35:47,244 [INFO] ApiDb:274 - Set plugin database path to: /opt/st/stm32cubeide_1.13.2/plugins/com.st.stm32cube.common.mx_6.9.2.202309101412//db//plugins/boardmanager/
2024-02-19 14:35:47,245 [WARN] ApiDb:259 - Overriding images path with different value:  => /opt/st/stm32cubeide_1.13.2/plugins/com.st.stm32cube.common.mx_6.9.2.202309101412//db//plugins/mcufinder/images/
2024-02-19 14:35:47,334 [INFO] ApiDb:250 - Set database path to: /home/sayeed/.stmcufinder/plugins/mcufinder//mcu/
2024-02-19 14:35:47,336 [INFO] DbMcusAds:125 - Set database path to: /home/sayeed/.stmcufinder/plugins/mcufinder//mcu/
2024-02-19 14:35:47,345 [INFO] CrossReferenceDbSqlite:203 - Set database path to: /home/sayeed/.stmcufinder/plugins/mcufinder//mcu/cs/
2024-02-19 14:35:47,566 [INFO] RulesReader:64 - Compatibility file has been processed (293 Rules)
2024-02-19 14:35:47,842 [INFO] DbMcusXml:78 - Set database path to: /opt/st/stm32cubeide_1.13.2/plugins/com.st.stm32cube.common.mx_6.9.2.202309101412//db//mcu/
2024-02-19 14:35:47,843 [INFO] ApiDb:274 - Set plugin database path to: /opt/st/stm32cubeide_1.13.2/plugins/com.st.stm32cube.common.mx_6.9.2.202309101412//db//plugins/boardmanager/
2024-02-19 14:35:47,843 [INFO] ApiDb:261 - Set plugin images path to: /opt/st/stm32cubeide_1.13.2/plugins/com.st.stm32cube.common.mx_6.9.2.202309101412//db//plugins/mcufinder/images/
2024-02-19 14:35:47,844 [WARN] DbFile:41 - Overriding database path with different value: /home/sayeed/.stmcufinder/plugins/mcufinder/ => /home/sayeed/.stmcufinder/plugins/mcufinder
2024-02-19 14:35:47,844 [INFO] ApiDb:250 - Set database path to: /home/sayeed/.stmcufinder/plugins/mcufinder//mcu/
2024-02-19 14:35:47,844 [WARN] DbFile:41 - Overriding database path with different value: /home/sayeed/.stmcufinder/plugins/mcufinder/ => /home/sayeed/.stmcufinder/plugins/mcufinder
2024-02-19 14:35:47,845 [INFO] DbMcusAds:125 - Set database path to: /home/sayeed/.stmcufinder/plugins/mcufinder//mcu/
2024-02-19 14:35:47,845 [WARN] DbFile:41 - Overriding database path with different value: /home/sayeed/.stmcufinder/plugins/mcufinder/ => /home/sayeed/.stmcufinder/plugins/mcufinder
2024-02-19 14:35:47,845 [WARN] DbFile:41 - Overriding database path with different value: /home/sayeed/.stmcufinder/plugins/mcufinder/ => /home/sayeed/.stmcufinder/plugins/mcufinder
2024-02-19 14:35:47,846 [INFO] CrossReferenceDbSqlite:203 - Set database path to: /home/sayeed/.stmcufinder/plugins/mcufinder//mcu/cs/
2024-02-19 14:35:48,279 [INFO] MainPanel:262 - HeapMemory: 268435456
2024-02-19 14:35:48,653 [INFO] DbMcusXml:78 - Set database path to: /opt/st/stm32cubeide_1.13.2/plugins/com.st.stm32cube.common.mx_6.9.2.202309101412//db//mcu/
2024-02-19 14:35:48,654 [INFO] ApiDb:274 - Set plugin database path to: /opt/st/stm32cubeide_1.13.2/plugins/com.st.stm32cube.common.mx_6.9.2.202309101412//db//plugins/boardmanager/
2024-02-19 14:35:48,654 [INFO] ApiDb:261 - Set plugin images path to: /opt/st/stm32cubeide_1.13.2/plugins/com.st.stm32cube.common.mx_6.9.2.202309101412//db//plugins/mcufinder/images/
2024-02-19 14:35:48,667 [WARN] DbFile:41 - Overriding database path with different value: /home/sayeed/.stmcufinder/plugins/mcufinder/ => /home/sayeed/.stmcufinder/plugins/mcufinder
2024-02-19 14:35:48,667 [INFO] ApiDb:250 - Set database path to: /home/sayeed/.stmcufinder/plugins/mcufinder//mcu/
2024-02-19 14:35:48,668 [WARN] DbFile:41 - Overriding database path with different value: /home/sayeed/.stmcufinder/plugins/mcufinder/ => /home/sayeed/.stmcufinder/plugins/mcufinder
2024-02-19 14:35:48,668 [INFO] DbMcusAds:125 - Set database path to: /home/sayeed/.stmcufinder/plugins/mcufinder//mcu/
2024-02-19 14:35:48,668 [WARN] DbFile:41 - Overriding database path with different value: /home/sayeed/.stmcufinder/plugins/mcufinder/ => /home/sayeed/.stmcufinder/plugins/mcufinder
2024-02-19 14:35:48,668 [WARN] DbFile:41 - Overriding database path with different value: /home/sayeed/.stmcufinder/plugins/mcufinder/ => /home/sayeed/.stmcufinder/plugins/mcufinder
2024-02-19 14:35:48,668 [INFO] CrossReferenceDbSqlite:203 - Set database path to: /home/sayeed/.stmcufinder/plugins/mcufinder//mcu/cs/
2024-02-19 14:35:48,729 [INFO] ApplicationProperties:184 - Using Application install path: /opt/st/stm32cubeide_1.13.2/plugins/com.st.stm32cube.common.mx_6.9.2.202309101412
2024-02-19 14:35:48,731 [INFO] PluginManage:196 - Search for loadable plugins [exclusion list=, ]
2024-02-19 14:35:48,741 [INFO] PluginManage:310 - Check plugin analytics
2024-02-19 14:35:49,204 [INFO] AnalyticsPlugin:253 - Accepted Software Licenses: 
2024-02-19 14:35:49,205 [INFO] AnalyticsPlugin:255 - Accepted CMSIS Pack Licenses: 
2024-02-19 14:35:49,205 [INFO] AnalyticsPlugin:257 - Accepted Firmware Licenses: FW.F4.1.27.0,FW.G4.1.5.0
2024-02-19 14:35:49,232 [INFO] PluginManage:359 - Loaded plugin analytics (category:tool,tabindex:-1)
2024-02-19 14:35:49,233 [INFO] PluginManage:310 - Check plugin cadmodel
2024-02-19 14:35:49,399 [INFO] CADModel:105 - Init CAD model plugin
2024-02-19 14:35:49,399 [INFO] PluginManage:359 - Loaded plugin cadmodel (category:power,tabindex:5)
2024-02-19 14:35:49,399 [INFO] PluginManage:310 - Check plugin clock
2024-02-19 14:35:49,458 [INFO] PluginManage:359 - Loaded plugin clock (category:base,tabindex:2)
2024-02-19 14:35:49,458 [INFO] PluginManage:310 - Check plugin ddr
2024-02-19 14:35:49,477 [INFO] PluginManage:359 - Loaded plugin ddr (category:tool,tabindex:6)
2024-02-19 14:35:49,478 [INFO] PluginManage:310 - Check plugin filemanager
2024-02-19 14:35:49,792 [INFO] PluginManage:359 - Loaded plugin filemanager (category:base,tabindex:10)
2024-02-19 14:35:49,793 [INFO] PluginManage:310 - Check plugin ipmanager
2024-02-19 14:35:49,823 [INFO] PluginManage:359 - Loaded plugin ipmanager (category:base,tabindex:5)
2024-02-19 14:35:49,823 [INFO] PluginManage:310 - Check plugin lpbam
2024-02-19 14:35:49,845 [INFO] PluginManage:359 - Loaded plugin lpbam (category:base,tabindex:0)
2024-02-19 14:35:49,845 [INFO] PluginManage:310 - Check plugin memorymap
2024-02-19 14:35:49,880 [INFO] PluginManage:359 - Loaded plugin memorymap (category:base,tabindex:4)
2024-02-19 14:35:49,880 [INFO] PluginManage:310 - Check plugin pinoutandconfiguration
2024-02-19 14:35:49,889 [INFO] PluginManage:359 - Loaded plugin pinoutandconfiguration (category:base,tabindex:1)
2024-02-19 14:35:49,889 [INFO] PluginManage:310 - Check plugin pinoutconfig
2024-02-19 14:35:50,020 [WARN] SupportedApi:132 - Cannot load RTOS API schema: s4s-elt-must-match.1: The content of 'definitions' must match (annotation?, (simpleType | complexType)?, (unique | key | keyref)*)). A problem was found starting at: attribute.
2024-02-19 14:35:50,269 [INFO] PluginManage:359 - Loaded plugin pinoutconfig (category:base,tabindex:0)
2024-02-19 14:35:50,269 [INFO] PluginManage:310 - Check plugin power
2024-02-19 14:35:50,314 [INFO] PluginManage:359 - Loaded plugin power (category:power,tabindex:4)
2024-02-19 14:35:50,315 [INFO] PluginManage:310 - Check plugin projectmanager
2024-02-19 14:35:50,353 [INFO] PluginManage:359 - Loaded plugin projectmanager (category:projectmanager,tabindex:3)
2024-02-19 14:35:50,353 [INFO] PluginManage:310 - Check plugin thirdparty
2024-02-19 14:35:50,692 [INFO] PluginManage:359 - Loaded plugin thirdparty (category:base,tabindex:-1)
2024-02-19 14:35:50,692 [INFO] PluginManage:310 - Check plugin tools
2024-02-19 14:35:50,693 [WARN] IntegrityCheckThread:84 - waiting for thirdparty lock release [integrity check]
2024-02-19 14:35:50,695 [INFO] IntegrityCheckThread:86 - entering critical section [integrity check]
2024-02-19 14:35:50,696 [INFO] ThirdPartyUpdaterWithRetryManager:70 - Updater plugin not ready yet. [1/15]
2024-02-19 14:35:50,699 [INFO] PluginManage:359 - Loaded plugin tools (category:base,tabindex:7)
2024-02-19 14:35:50,699 [INFO] PluginManage:310 - Check plugin tutovideos
2024-02-19 14:35:51,053 [INFO] PluginManage:359 - Loaded plugin tutovideos (category:base,tabindex:-1)
2024-02-19 14:35:51,054 [INFO] PluginManage:310 - Check plugin updater
2024-02-19 14:35:51,146 [INFO] PluginManage:359 - Loaded plugin updater (category:base,tabindex:12)
2024-02-19 14:35:51,146 [INFO] PluginManage:310 - Check plugin userauth
2024-02-19 14:35:51,241 [INFO] UserAuth:113 - Init User Auth plugin
2024-02-19 14:35:51,241 [INFO] PluginManage:359 - Loaded plugin userauth (category:base,tabindex:14)
2024-02-19 14:35:51,242 [INFO] PluginManage:283 - PluginManage : Loaded plugins [17]
2024-02-19 14:35:52,268 [INFO] PinOutPanel:1499 - setPackage(No Configuration,No Configuration)
2024-02-19 14:35:52,511 [INFO] CADModel:165 - CPN selected for project level
2024-02-19 14:35:52,512 [INFO] CADModel:114 - Register for checkConnection events
2024-02-19 14:35:52,574 [INFO] IPUIPlugin:80 - create IPUIPlugin
2024-02-19 14:35:52,574 [INFO] PluginManager:220 - loadIPPluginJar : add aes
2024-02-19 14:35:52,600 [INFO] IPUIPlugin:80 - create IPUIPlugin
2024-02-19 14:35:52,600 [INFO] PluginManager:220 - loadIPPluginJar : add fmc
2024-02-19 14:35:52,623 [INFO] IPUIPlugin:80 - create IPUIPlugin
2024-02-19 14:35:52,624 [INFO] PluginManager:220 - loadIPPluginJar : add openamp
2024-02-19 14:35:52,627 [INFO] IPUIPlugin:80 - create IPUIPlugin
2024-02-19 14:35:52,627 [INFO] PluginManager:220 - loadIPPluginJar : add spi
2024-02-19 14:35:52,630 [INFO] IPUIPlugin:80 - create IPUIPlugin
2024-02-19 14:35:52,631 [INFO] PluginManager:220 - loadIPPluginJar : add i2s
2024-02-19 14:35:52,634 [INFO] IPUIPlugin:80 - create IPUIPlugin
2024-02-19 14:35:52,634 [INFO] PluginManager:220 - loadIPPluginJar : add dma3
2024-02-19 14:35:52,645 [INFO] IPUIPlugin:80 - create IPUIPlugin
2024-02-19 14:35:52,646 [INFO] PluginManager:220 - loadIPPluginJar : add i2c
2024-02-19 14:35:52,651 [INFO] IPUIPlugin:80 - create IPUIPlugin
2024-02-19 14:35:52,651 [INFO] PluginManager:220 - loadIPPluginJar : add ipddr
2024-02-19 14:35:52,652 [INFO] IPUIPlugin:80 - create IPUIPlugin
2024-02-19 14:35:52,653 [INFO] PluginManager:220 - loadIPPluginJar : add ltdc
2024-02-19 14:35:52,664 [INFO] IPUIPlugin:80 - create IPUIPlugin
2024-02-19 14:35:52,664 [INFO] PluginManager:220 - loadIPPluginJar : add nvic
2024-02-19 14:35:52,677 [INFO] IPUIPlugin:80 - create IPUIPlugin
2024-02-19 14:35:52,677 [INFO] PluginManager:220 - loadIPPluginJar : add hash
2024-02-19 14:35:52,679 [INFO] IPUIPlugin:80 - create IPUIPlugin
2024-02-19 14:35:52,679 [INFO] PluginManager:220 - loadIPPluginJar : add comp
2024-02-19 14:35:52,702 [INFO] IPUIPlugin:80 - create IPUIPlugin
2024-02-19 14:35:52,703 [INFO] PluginManager:220 - loadIPPluginJar : add mdma
2024-02-19 14:35:52,706 [INFO] IPUIPlugin:80 - create IPUIPlugin
2024-02-19 14:35:52,706 [INFO] PluginManager:220 - loadIPPluginJar : add opamp
2024-02-19 14:35:52,712 [INFO] IPUIPlugin:80 - create IPUIPlugin
2024-02-19 14:35:52,712 [INFO] PluginManager:220 - loadIPPluginJar : add gic
2024-02-19 14:35:52,714 [INFO] IPUIPlugin:80 - create IPUIPlugin
2024-02-19 14:35:52,714 [INFO] PluginManager:220 - loadIPPluginJar : add ucpd
2024-02-19 14:35:52,718 [INFO] IPUIPlugin:80 - create IPUIPlugin
2024-02-19 14:35:52,718 [INFO] PluginManager:220 - loadIPPluginJar : add pdm2pcm
2024-02-19 14:35:52,720 [INFO] IPUIPlugin:80 - create IPUIPlugin
2024-02-19 14:35:52,720 [INFO] PluginManager:220 - loadIPPluginJar : add fatfs
2024-02-19 14:35:52,722 [INFO] IPUIPlugin:80 - create IPUIPlugin
2024-02-19 14:35:52,722 [INFO] PluginManager:220 - loadIPPluginJar : add genericplugin
2024-02-19 14:35:52,724 [INFO] IPUIPlugin:80 - create IPUIPlugin
2024-02-19 14:35:52,725 [INFO] PluginManager:220 - loadIPPluginJar : add cryp
2024-02-19 14:35:52,727 [INFO] IPUIPlugin:80 - create IPUIPlugin
2024-02-19 14:35:52,727 [INFO] PluginManager:220 - loadIPPluginJar : add ts
2024-02-19 14:35:52,729 [INFO] IPUIPlugin:80 - create IPUIPlugin
2024-02-19 14:35:52,729 [INFO] PluginManager:220 - loadIPPluginJar : add tim
2024-02-19 14:35:52,732 [INFO] IPUIPlugin:80 - create IPUIPlugin
2024-02-19 14:35:52,732 [INFO] PluginManager:220 - loadIPPluginJar : add can
2024-02-19 14:35:52,738 [INFO] IPUIPlugin:80 - create IPUIPlugin
2024-02-19 14:35:52,738 [INFO] PluginManager:220 - loadIPPluginJar : add adc
2024-02-19 14:35:52,745 [INFO] IPUIPlugin:80 - create IPUIPlugin
2024-02-19 14:35:52,745 [INFO] PluginManager:220 - loadIPPluginJar : add linkedlist
2024-02-19 14:35:52,763 [INFO] IPUIPlugin:80 - create IPUIPlugin
2024-02-19 14:35:52,763 [INFO] PluginManager:220 - loadIPPluginJar : add resmgrutility
2024-02-19 14:35:52,766 [INFO] IPUIPlugin:80 - create IPUIPlugin
2024-02-19 14:35:52,766 [INFO] PluginManager:220 - loadIPPluginJar : add usbx
2024-02-19 14:35:52,769 [INFO] IPUIPlugin:80 - create IPUIPlugin
2024-02-19 14:35:52,769 [INFO] PluginManager:220 - loadIPPluginJar : add usart
2024-02-19 14:35:52,785 [INFO] IPUIPlugin:80 - create IPUIPlugin
2024-02-19 14:35:52,786 [INFO] PluginManager:220 - loadIPPluginJar : add gpio
2024-02-19 14:35:52,789 [INFO] IPUIPlugin:80 - create IPUIPlugin
2024-02-19 14:35:52,789 [INFO] PluginManager:220 - loadIPPluginJar : add touchsensing
2024-02-19 14:35:52,792 [INFO] IPUIPlugin:80 - create IPUIPlugin
2024-02-19 14:35:52,793 [INFO] PluginManager:220 - loadIPPluginJar : add lorawan
2024-02-19 14:35:52,795 [INFO] IPUIPlugin:80 - create IPUIPlugin
2024-02-19 14:35:52,796 [INFO] PluginManager:220 - loadIPPluginJar : add tsc
2024-02-19 14:35:52,798 [INFO] IPUIPlugin:80 - create IPUIPlugin
2024-02-19 14:35:52,798 [INFO] PluginManager:220 - loadIPPluginJar : add tracer_emb
2024-02-19 14:35:52,803 [INFO] IPUIPlugin:80 - create IPUIPlugin
2024-02-19 14:35:52,803 [INFO] PluginManager:220 - loadIPPluginJar : add dfsdm
2024-02-19 14:35:52,806 [INFO] IPUIPlugin:80 - create IPUIPlugin
2024-02-19 14:35:52,806 [INFO] PluginManager:220 - loadIPPluginJar : add gfxmmu
2024-02-19 14:35:52,808 [INFO] IPUIPlugin:80 - create IPUIPlugin
2024-02-19 14:35:52,808 [INFO] PluginManager:220 - loadIPPluginJar : add quadspi
2024-02-19 14:35:52,823 [INFO] IPUIPlugin:80 - create IPUIPlugin
2024-02-19 14:35:52,823 [INFO] PluginManager:220 - loadIPPluginJar : add freertos
2024-02-19 14:35:52,827 [INFO] IPUIPlugin:80 - create IPUIPlugin
2024-02-19 14:35:52,827 [INFO] PluginManager:220 - loadIPPluginJar : add sai
2024-02-19 14:35:52,830 [INFO] IPUIPlugin:80 - create IPUIPlugin
2024-02-19 14:35:52,830 [INFO] PluginManager:220 - loadIPPluginJar : add gtzc
2024-02-19 14:35:52,835 [INFO] IPUIPlugin:80 - create IPUIPlugin
2024-02-19 14:35:52,835 [INFO] PluginManager:220 - loadIPPluginJar : add stm32_wpan
2024-02-19 14:35:52,847 [INFO] IPUIPlugin:80 - create IPUIPlugin
2024-02-19 14:35:52,848 [INFO] PluginManager:220 - loadIPPluginJar : add dma
2024-02-19 14:35:52,850 [INFO] IPUIPlugin:80 - create IPUIPlugin
2024-02-19 14:35:52,851 [INFO] PluginManager:220 - loadIPPluginJar : add i3c
2024-02-19 14:35:52,866 [INFO] IPUIPlugin:80 - create IPUIPlugin
2024-02-19 14:35:52,869 [INFO] PluginManager:220 - loadIPPluginJar : add plateformsettings
2024-02-19 14:35:52,987 [INFO] CADModel:165 - CPN selected for project level
2024-02-19 14:35:52,987 [INFO] CADModel:114 - Register for checkConnection events
2024-02-19 14:35:52,987 [FATAL] Updater:308 - Updater called before beeing initialized
2024-02-19 14:35:52,988 [ERROR] CADModel:125 - Updater not yet initialized, retry later 
2024-02-19 14:35:53,548 [INFO] CADModel:165 - CPN selected for project level
2024-02-19 14:35:53,548 [INFO] CADModel:114 - Register for checkConnection events
2024-02-19 14:35:53,549 [FATAL] Updater:308 - Updater called before beeing initialized
2024-02-19 14:35:53,549 [ERROR] CADModel:125 - Updater not yet initialized, retry later 
2024-02-19 14:35:53,554 [FATAL] Updater:308 - Updater called before beeing initialized
2024-02-19 14:35:53,696 [INFO] ThirdPartyUpdaterWithRetryManager:70 - Updater plugin not ready yet. [2/15]
2024-02-19 14:35:53,710 [FATAL] Updater:308 - Updater called before beeing initialized
2024-02-19 14:35:53,734 [INFO] DbMcusAds:53 - JSON generation date=Wed Nov 29 16:22:27 IST 2023 (1701255147349)
2024-02-19 14:35:53,734 [FATAL] Updater:308 - Updater called before beeing initialized
2024-02-19 14:35:53,849 [WARN] DetailPanel:346 - Failed to get advertising image, set to default
2024-02-19 14:35:54,018 [FATAL] Updater:308 - Updater called before beeing initialized
2024-02-19 14:35:54,029 [FATAL] Updater:308 - Updater called before beeing initialized
2024-02-19 14:35:54,029 [FATAL] Updater:308 - Updater called before beeing initialized
2024-02-19 14:35:54,030 [WARN] DetailPanel:346 - Failed to get advertising image, set to default
2024-02-19 14:35:54,031 [FATAL] Updater:308 - Updater called before beeing initialized
2024-02-19 14:35:54,114 [ERROR] Updater:1120 - MainUpdater not yet initialized. External WinMGr cannot be set.
2024-02-19 14:35:54,116 [INFO] Updater:1056 - Updater Version found : 6.9.2
2024-02-19 14:35:54,158 [INFO] ApplicationProperties:184 - Using Application install path: /opt/st/stm32cubeide_1.13.2/plugins/com.st.stm32cube.common.mx_6.9.2.202309101412
2024-02-19 14:35:54,676 [INFO] MainUpdater:2868 - connection check result : 10
2024-02-19 14:35:54,677 [INFO] MainUpdater:285 - Updater Check For Update Now.
2024-02-19 14:35:54,677 [INFO] MicroXplorer:498 - Change Database Version : DB.6.0.92
2024-02-19 14:35:54,699 [INFO] McuFinderGlobals:63 - Set McuFinder mode to 2 (CubeIDE integrated)
2024-02-19 14:35:54,976 [INFO] CheckServerUpdateThread:120 - End of CheckServer Thread
2024-02-19 14:35:57,160 [WARN] PackLoader:240 - Cannot read IP mode file for STMicroelectronics.X-CUBE-SMBUS.2.1.0
2024-02-19 14:35:57,180 [WARN] PackLoader:240 - Cannot read IP mode file for STMicroelectronics.X-CUBE-TOUCHGFX.4.23.0
2024-02-19 14:35:57,263 [WARN] PackLoader:240 - Cannot read IP mode file for STMicroelectronics.X-CUBE-AZRTOS-F7.1.1.0
2024-02-19 14:35:57,300 [WARN] PackLoader:240 - Cannot read IP mode file for STMicroelectronics.FP-SNS-MOTENV1.4.3.2
2024-02-19 14:35:57,325 [WARN] PackLoader:240 - Cannot read IP mode file for STMicroelectronics.FP-SNS-FLIGHT1.5.0.2
2024-02-19 14:35:57,340 [WARN] PackLoader:240 - Cannot read IP mode file for STMicroelectronics.X-CUBE-DISPLAY.3.0.0
2024-02-19 14:35:57,363 [WARN] PackLoader:240 - Cannot read IP mode file for STMicroelectronics.X-CUBE-BLE1.7.0.0
2024-02-19 14:35:57,373 [WARN] PackLoader:240 - Cannot read IP mode file for emotas.I-CUBE-CANOPEN.1.3.0
2024-02-19 14:35:57,377 [WARN] PackLoader:240 - Cannot read IP mode file for STMicroelectronics.X-CUBE-TOUCHGFX.4.22.0
2024-02-19 14:35:57,389 [WARN] PackLoader:240 - Cannot read IP mode file for STMicroelectronics.X-CUBE-TOUCHGFX.4.22.1
2024-02-19 14:35:57,405 [WARN] PackLoader:240 - Cannot read IP mode file for STMicroelectronics.FP-SNS-SMARTAG2.1.2.0
2024-02-19 14:35:57,442 [INFO] LogOutputStream:77 - [STDOUT_REDIRECT] 1 : Invalid condition id : UX_CORESTACK_Condition cause : null
2024-02-19 14:35:57,444 [INFO] LogOutputStream:77 - [STDOUT_REDIRECT] 1 : Invalid condition id : UX_CORESTACK_Condition cause : null
2024-02-19 14:35:57,445 [INFO] LogOutputStream:77 - [STDOUT_REDIRECT] 1 : Invalid condition id : UX_CORESTACK_Condition cause : null
2024-02-19 14:35:57,445 [INFO] LogOutputStream:77 - [STDOUT_REDIRECT] 1 : Invalid condition id : UX_CORESTACK_Condition cause : null
2024-02-19 14:35:57,446 [INFO] LogOutputStream:77 - [STDOUT_REDIRECT] 1 : Invalid condition id : UX_CORESTACK_Condition cause : null
2024-02-19 14:35:57,457 [WARN] PackLoader:240 - Cannot read IP mode file for STMicroelectronics.X-CUBE-AZRTOS-WL.2.0.0
2024-02-19 14:35:57,478 [WARN] PackLoader:240 - Cannot read IP mode file for WES.I-CUBE-Cesium.1.3.0
2024-02-19 14:35:57,486 [WARN] PackLoader:240 - Cannot read IP mode file for STMicroelectronics.X-CUBE-BLE2.3.3.0
2024-02-19 14:35:57,508 [WARN] PackLoader:240 - Cannot read IP mode file for STMicroelectronics.X-CUBE-ALGOBUILD.1.3.0
2024-02-19 14:35:57,555 [WARN] PackLoader:240 - Cannot read IP mode file for STMicroelectronics.X-CUBE-AZRTOS-G0.1.1.0
2024-02-19 14:35:57,582 [WARN] PackLoader:240 - Cannot read IP mode file for STMicroelectronics.X-CUBE-NFC4.3.0.0
2024-02-19 14:35:57,616 [WARN] PackLoader:240 - Cannot read IP mode file for STMicroelectronics.X-CUBE-BLEMGR.3.0.0
2024-02-19 14:35:57,641 [WARN] PackLoader:240 - Cannot read IP mode file for STMicroelectronics.FP-ATR-SIGFOX1.3.2.0
2024-02-19 14:35:57,666 [WARN] PackLoader:240 - Cannot read IP mode file for STMicroelectronics.X-CUBE-EEPRMA1.5.1.0
2024-02-19 14:35:57,776 [WARN] PackLoader:240 - Cannot read IP mode file for SEGGER.I-CUBE-embOS.1.3.1
2024-02-19 14:35:57,855 [WARN] PackLoader:240 - Cannot read IP mode file for STMicroelectronics.X-CUBE-GNSS1.6.0.0
2024-02-19 14:35:57,894 [WARN] PackLoader:240 - Cannot read IP mode file for STMicroelectronics.X-CUBE-AZRTOS-F4.1.1.0
2024-02-19 14:35:57,904 [WARN] PackLoader:240 - Cannot read IP mode file for wolfSSL.I-CUBE-wolfSSL.5.6.3
2024-02-19 14:35:57,941 [WARN] PackLoader:240 - Cannot read IP mode file for STMicroelectronics.X-CUBE-AZRTOS-L5.2.0.0
2024-02-19 14:35:58,023 [WARN] PackLoader:240 - Cannot read IP mode file for STMicroelectronics.X-CUBE-MEMS1.9.6.0
2024-02-19 14:35:58,406 [WARN] PackLoader:240 - Cannot read IP mode file for STMicroelectronics.X-CUBE-EEPRMA1.4.2.0
2024-02-19 14:35:58,474 [WARN] PackLoader:240 - Cannot read IP mode file for ITTIA_DB.I-CUBE-ITTIADB.8.8.0
2024-02-19 14:35:58,496 [WARN] PackLoader:240 - Cannot read IP mode file for STMicroelectronics.X-CUBE-BLEMGR.2.0.0
2024-02-19 14:35:58,553 [WARN] ConditionMgr:438 - getConditionDescription Invalid condition id : UX DEVICE CLASS RTOS Condition cause : null
2024-02-19 14:35:58,554 [WARN] ConditionMgr:438 - getConditionDescription Invalid condition id : UX DEVICE CLASS RTOS Condition cause : null
2024-02-19 14:35:58,561 [WARN] PackLoader:240 - Cannot read IP mode file for STMicroelectronics.X-CUBE-AZRTOS-H7.3.1.0
2024-02-19 14:35:58,565 [WARN] ConditionMgr:1039 - genDependencies : Invalid condition id : UX DEVICE CLASS RTOS Condition cause : null
2024-02-19 14:35:58,565 [WARN] ConditionMgr:1039 - genDependencies : Invalid condition id : UX DEVICE CLASS RTOS Condition cause : null
2024-02-19 14:35:58,566 [WARN] ConditionMgr:1039 - genDependencies : Invalid condition id : UX DEVICE CLASS RTOS Condition cause : null
2024-02-19 14:35:58,567 [WARN] ConditionMgr:1039 - genDependencies : Invalid condition id : UX DEVICE CLASS RTOS Condition cause : null
2024-02-19 14:35:58,567 [WARN] ConditionMgr:1039 - genDependencies : Invalid condition id : UX DEVICE CLASS RTOS Condition cause : null
2024-02-19 14:35:58,588 [WARN] PackLoader:240 - Cannot read IP mode file for STMicroelectronics.X-CUBE-NFC7.1.0.1
2024-02-19 14:35:58,607 [WARN] PackLoader:240 - Cannot read IP mode file for STMicroelectronics.X-CUBE-NFC6.3.0.0
2024-02-19 14:35:58,630 [WARN] PackLoader:240 - Cannot read IP mode file for STMicroelectronics.X-CUBE-EEPRMA1.4.1.0
2024-02-19 14:35:58,650 [WARN] PackLoader:240 - Cannot read IP mode file for STMicroelectronics.X-CUBE-AI.8.1.0
2024-02-19 14:35:58,710 [WARN] ConditionMgr:438 - getConditionDescription Invalid condition id : LAN8742 Phy interface Condition cause : null
2024-02-19 14:35:58,711 [WARN] PackLoader:240 - Cannot read IP mode file for STMicroelectronics.X-CUBE-AZRTOS-L4.2.0.0
2024-02-19 14:35:58,714 [WARN] ConditionMgr:1039 - genDependencies : Invalid condition id : LAN8742 Phy interface Condition cause : null
2024-02-19 14:35:58,714 [WARN] ConditionMgr:1039 - genDependencies : Invalid condition id : LAN8742 Phy interface Condition cause : null
2024-02-19 14:35:58,716 [WARN] ConditionMgr:1039 - genDependencies : Invalid condition id : LAN8742 Phy interface Condition cause : null
2024-02-19 14:35:58,728 [WARN] PackLoader:240 - Cannot read IP mode file for STMicroelectronics.X-CUBE-SFXS2LP1.4.0.0
2024-02-19 14:35:58,735 [WARN] PackLoader:240 - Cannot read IP mode file for STMicroelectronics.X-CUBE-ISPU.1.1.0
2024-02-19 14:35:58,772 [WARN] ConditionMgr:438 - getConditionDescription Invalid condition id : UX DEVICE CLASS RTOS Condition cause : null
2024-02-19 14:35:58,773 [WARN] ConditionMgr:438 - getConditionDescription Invalid condition id : UX DEVICE CLASS RTOS Condition cause : null
2024-02-19 14:35:58,776 [WARN] PackLoader:240 - Cannot read IP mode file for STMicroelectronics.X-CUBE-AZRTOS-WB.2.0.0
2024-02-19 14:35:58,789 [WARN] ConditionMgr:1039 - genDependencies : Invalid condition id : UX DEVICE CLASS RTOS Condition cause : null
2024-02-19 14:35:58,789 [WARN] ConditionMgr:1039 - genDependencies : Invalid condition id : UX DEVICE CLASS RTOS Condition cause : null
2024-02-19 14:35:58,790 [WARN] ConditionMgr:1039 - genDependencies : Invalid condition id : UX DEVICE CLASS RTOS Condition cause : null
2024-02-19 14:35:58,791 [WARN] ConditionMgr:1039 - genDependencies : Invalid condition id : UX DEVICE CLASS RTOS Condition cause : null
2024-02-19 14:35:58,791 [WARN] ConditionMgr:1039 - genDependencies : Invalid condition id : UX DEVICE CLASS RTOS Condition cause : null
2024-02-19 14:35:58,813 [WARN] PackLoader:240 - Cannot read IP mode file for STMicroelectronics.X-CUBE-SUBG2.5.0.0
2024-02-19 14:35:58,837 [WARN] PackLoader:240 - Cannot read IP mode file for STMicroelectronics.X-CUBE-TOF1.3.3.1
2024-02-19 14:35:58,882 [WARN] PackLoader:240 - Cannot read IP mode file for STMicroelectronics.X-CUBE-AZRTOS-G4.2.0.0
2024-02-19 14:35:58,910 [WARN] PackLoader:240 - Cannot read IP mode file for Infineon.AIROC-Wi-Fi-Bluetooth-STM32.1.5.1
2024-02-19 14:35:58,923 [WARN] PackLoader:240 - Cannot read IP mode file for STMicroelectronics.FP-SNS-MOTENVWB1.1.3.1
2024-02-19 14:35:58,928 [WARN] PackLoader:240 - Cannot read IP mode file for STMicroelectronics.X-CUBE-ISPU.2.0.0
2024-02-19 14:35:59,005 [WARN] PackLoader:240 - Cannot read IP mode file for STMicroelectronics.X-CUBE-MEMS1.10.0.0
2024-02-19 14:35:59,243 [WARN] PackLoader:240 - Cannot read IP mode file for STMicroelectronics.X-CUBE-FREERTOS.1.1.0
2024-02-19 14:35:59,258 [WARN] PackLoader:240 - Cannot read IP mode file for portGmbH.I-Cube-SoM-uGOAL.1.1.0
2024-02-19 14:35:59,278 [WARN] PackLoader:240 - Cannot read IP mode file for STMicroelectronics.X-CUBE-ALS.1.0.1
2024-02-19 14:35:59,295 [WARN] PackLoader:240 - Cannot read IP mode file for STMicroelectronics.FP-ATR-ASTRA1.2.0.0
2024-02-19 14:35:59,331 [WARN] PackLoader:240 - Cannot read IP mode file for STMicroelectronics.X-CUBE-TOF1.3.4.0
2024-02-19 14:35:59,410 [WARN] PackLoader:240 - Cannot read IP mode file for STMicroelectronics.X-CUBE-AZRTOS-H7.3.2.0
2024-02-19 14:35:59,420 [INFO] ThirdParty:978 - Integrity check success = true
2024-02-19 14:35:59,420 [INFO] IntegrityCheckThread:100 - exiting critical section [integrity check]
2024-02-19 14:35:59,421 [INFO] IntegrityCheckThread:103 - End integrity checks thread
2024-02-19 14:36:16,397 [ERROR] LogOutputStream:75 - [STDERR_REDIRECT] SLF4J: Failed to load class "org.slf4j.impl.StaticLoggerBinder".
2024-02-19 14:36:16,398 [ERROR] LogOutputStream:75 - [STDERR_REDIRECT] SLF4J: Defaulting to no-operation (NOP) logger implementation
2024-02-19 14:36:16,398 [ERROR] LogOutputStream:75 - [STDERR_REDIRECT] SLF4J: See http://www.slf4j.org/codes.html#StaticLoggerBinder for further details.
