2024-02-18 22:55:05,276 [INFO] Activator:176 - 


2024-02-18 22:55:05,280 [INFO] Activator:177 - !SESSION log4j initialized
2024-02-18 22:55:09,349 [INFO] LogOutputStream:77 - [STDOUT_REDIRECT] 
2024-02-18 22:55:13,255 [INFO] ApplicationProperties:184 - Using Application install path: /opt/st/stm32cubeide_1.13.2/plugins/com.st.stm32cube.common.mx_6.9.2.202309101412
2024-02-18 22:55:13,284 [INFO] DbMcusXml:78 - Set database path to: /opt/st/stm32cubeide_1.13.2/plugins/com.st.stm32cube.common.mx_6.9.2.202309101412//db//mcu/
2024-02-18 22:55:13,285 [INFO] ApiDb:274 - Set plugin database path to: /opt/st/stm32cubeide_1.13.2/plugins/com.st.stm32cube.common.mx_6.9.2.202309101412//db//plugins/boardmanager/
2024-02-18 22:55:13,285 [WARN] ApiDb:259 - Overriding images path with different value:  => /opt/st/stm32cubeide_1.13.2/plugins/com.st.stm32cube.common.mx_6.9.2.202309101412//db//plugins/mcufinder/images/
2024-02-18 22:55:13,301 [INFO] ApiDb:250 - Set database path to: /home/sayeed/.stmcufinder/plugins/mcufinder//mcu/
2024-02-18 22:55:13,304 [INFO] DbMcusAds:125 - Set database path to: /home/sayeed/.stmcufinder/plugins/mcufinder//mcu/
2024-02-18 22:55:13,309 [INFO] CrossReferenceDbSqlite:203 - Set database path to: /home/sayeed/.stmcufinder/plugins/mcufinder//mcu/cs/
2024-02-18 22:55:13,607 [INFO] RulesReader:64 - Compatibility file has been processed (293 Rules)
2024-02-18 22:55:13,774 [INFO] DbMcusXml:78 - Set database path to: /opt/st/stm32cubeide_1.13.2/plugins/com.st.stm32cube.common.mx_6.9.2.202309101412//db//mcu/
2024-02-18 22:55:13,774 [INFO] ApiDb:274 - Set plugin database path to: /opt/st/stm32cubeide_1.13.2/plugins/com.st.stm32cube.common.mx_6.9.2.202309101412//db//plugins/boardmanager/
2024-02-18 22:55:13,774 [INFO] ApiDb:261 - Set plugin images path to: /opt/st/stm32cubeide_1.13.2/plugins/com.st.stm32cube.common.mx_6.9.2.202309101412//db//plugins/mcufinder/images/
2024-02-18 22:55:13,775 [WARN] DbFile:41 - Overriding database path with different value: /home/sayeed/.stmcufinder/plugins/mcufinder/ => /home/sayeed/.stmcufinder/plugins/mcufinder
2024-02-18 22:55:13,776 [INFO] ApiDb:250 - Set database path to: /home/sayeed/.stmcufinder/plugins/mcufinder//mcu/
2024-02-18 22:55:13,776 [WARN] DbFile:41 - Overriding database path with different value: /home/sayeed/.stmcufinder/plugins/mcufinder/ => /home/sayeed/.stmcufinder/plugins/mcufinder
2024-02-18 22:55:13,777 [INFO] DbMcusAds:125 - Set database path to: /home/sayeed/.stmcufinder/plugins/mcufinder//mcu/
2024-02-18 22:55:13,777 [WARN] DbFile:41 - Overriding database path with different value: /home/sayeed/.stmcufinder/plugins/mcufinder/ => /home/sayeed/.stmcufinder/plugins/mcufinder
2024-02-18 22:55:13,778 [WARN] DbFile:41 - Overriding database path with different value: /home/sayeed/.stmcufinder/plugins/mcufinder/ => /home/sayeed/.stmcufinder/plugins/mcufinder
2024-02-18 22:55:13,778 [INFO] CrossReferenceDbSqlite:203 - Set database path to: /home/sayeed/.stmcufinder/plugins/mcufinder//mcu/cs/
2024-02-18 22:55:13,924 [INFO] MainPanel:262 - HeapMemory: 268435456
2024-02-18 22:55:14,078 [INFO] DbMcusXml:78 - Set database path to: /opt/st/stm32cubeide_1.13.2/plugins/com.st.stm32cube.common.mx_6.9.2.202309101412//db//mcu/
2024-02-18 22:55:14,080 [INFO] ApiDb:274 - Set plugin database path to: /opt/st/stm32cubeide_1.13.2/plugins/com.st.stm32cube.common.mx_6.9.2.202309101412//db//plugins/boardmanager/
2024-02-18 22:55:14,080 [INFO] ApiDb:261 - Set plugin images path to: /opt/st/stm32cubeide_1.13.2/plugins/com.st.stm32cube.common.mx_6.9.2.202309101412//db//plugins/mcufinder/images/
2024-02-18 22:55:14,081 [WARN] DbFile:41 - Overriding database path with different value: /home/sayeed/.stmcufinder/plugins/mcufinder/ => /home/sayeed/.stmcufinder/plugins/mcufinder
2024-02-18 22:55:14,081 [INFO] ApiDb:250 - Set database path to: /home/sayeed/.stmcufinder/plugins/mcufinder//mcu/
2024-02-18 22:55:14,082 [WARN] DbFile:41 - Overriding database path with different value: /home/sayeed/.stmcufinder/plugins/mcufinder/ => /home/sayeed/.stmcufinder/plugins/mcufinder
2024-02-18 22:55:14,082 [INFO] DbMcusAds:125 - Set database path to: /home/sayeed/.stmcufinder/plugins/mcufinder//mcu/
2024-02-18 22:55:14,082 [WARN] DbFile:41 - Overriding database path with different value: /home/sayeed/.stmcufinder/plugins/mcufinder/ => /home/sayeed/.stmcufinder/plugins/mcufinder
2024-02-18 22:55:14,082 [WARN] DbFile:41 - Overriding database path with different value: /home/sayeed/.stmcufinder/plugins/mcufinder/ => /home/sayeed/.stmcufinder/plugins/mcufinder
2024-02-18 22:55:14,083 [INFO] CrossReferenceDbSqlite:203 - Set database path to: /home/sayeed/.stmcufinder/plugins/mcufinder//mcu/cs/
2024-02-18 22:55:14,118 [INFO] ApplicationProperties:184 - Using Application install path: /opt/st/stm32cubeide_1.13.2/plugins/com.st.stm32cube.common.mx_6.9.2.202309101412
2024-02-18 22:55:14,122 [INFO] PluginManage:196 - Search for loadable plugins [exclusion list=, ]
2024-02-18 22:55:14,124 [INFO] PluginManage:310 - Check plugin analytics
2024-02-18 22:55:14,514 [INFO] AnalyticsPlugin:253 - Accepted Software Licenses: 
2024-02-18 22:55:14,515 [INFO] AnalyticsPlugin:255 - Accepted CMSIS Pack Licenses: 
2024-02-18 22:55:14,516 [INFO] AnalyticsPlugin:257 - Accepted Firmware Licenses: FW.F4.1.27.0,FW.G4.1.5.0
2024-02-18 22:55:14,525 [INFO] PluginManage:359 - Loaded plugin analytics (category:tool,tabindex:-1)
2024-02-18 22:55:14,526 [INFO] PluginManage:310 - Check plugin cadmodel
2024-02-18 22:55:14,599 [INFO] CADModel:105 - Init CAD model plugin
2024-02-18 22:55:14,599 [INFO] PluginManage:359 - Loaded plugin cadmodel (category:power,tabindex:5)
2024-02-18 22:55:14,600 [INFO] PluginManage:310 - Check plugin clock
2024-02-18 22:55:14,619 [INFO] PluginManage:359 - Loaded plugin clock (category:base,tabindex:2)
2024-02-18 22:55:14,619 [INFO] PluginManage:310 - Check plugin ddr
2024-02-18 22:55:14,625 [INFO] PluginManage:359 - Loaded plugin ddr (category:tool,tabindex:6)
2024-02-18 22:55:14,625 [INFO] PluginManage:310 - Check plugin filemanager
2024-02-18 22:55:14,912 [INFO] PluginManage:359 - Loaded plugin filemanager (category:base,tabindex:10)
2024-02-18 22:55:14,912 [INFO] PluginManage:310 - Check plugin ipmanager
2024-02-18 22:55:14,932 [INFO] PluginManage:359 - Loaded plugin ipmanager (category:base,tabindex:5)
2024-02-18 22:55:14,933 [INFO] PluginManage:310 - Check plugin lpbam
2024-02-18 22:55:14,952 [INFO] PluginManage:359 - Loaded plugin lpbam (category:base,tabindex:0)
2024-02-18 22:55:14,952 [INFO] PluginManage:310 - Check plugin memorymap
2024-02-18 22:55:14,975 [INFO] PluginManage:359 - Loaded plugin memorymap (category:base,tabindex:4)
2024-02-18 22:55:14,976 [INFO] PluginManage:310 - Check plugin pinoutandconfiguration
2024-02-18 22:55:14,992 [INFO] PluginManage:359 - Loaded plugin pinoutandconfiguration (category:base,tabindex:1)
2024-02-18 22:55:14,993 [INFO] PluginManage:310 - Check plugin pinoutconfig
2024-02-18 22:55:15,203 [WARN] SupportedApi:132 - Cannot load RTOS API schema: s4s-elt-must-match.1: The content of 'definitions' must match (annotation?, (simpleType | complexType)?, (unique | key | keyref)*)). A problem was found starting at: attribute.
2024-02-18 22:55:15,516 [INFO] PluginManage:359 - Loaded plugin pinoutconfig (category:base,tabindex:0)
2024-02-18 22:55:15,517 [INFO] PluginManage:310 - Check plugin power
2024-02-18 22:55:15,536 [INFO] PluginManage:359 - Loaded plugin power (category:power,tabindex:4)
2024-02-18 22:55:15,536 [INFO] PluginManage:310 - Check plugin projectmanager
2024-02-18 22:55:15,582 [INFO] PluginManage:359 - Loaded plugin projectmanager (category:projectmanager,tabindex:3)
2024-02-18 22:55:15,583 [INFO] PluginManage:310 - Check plugin thirdparty
2024-02-18 22:55:15,897 [INFO] PluginManage:359 - Loaded plugin thirdparty (category:base,tabindex:-1)
2024-02-18 22:55:15,898 [INFO] PluginManage:310 - Check plugin tools
2024-02-18 22:55:15,902 [INFO] PluginManage:359 - Loaded plugin tools (category:base,tabindex:7)
2024-02-18 22:55:15,903 [INFO] PluginManage:310 - Check plugin tutovideos
2024-02-18 22:55:15,914 [WARN] IntegrityCheckThread:84 - waiting for thirdparty lock release [integrity check]
2024-02-18 22:55:15,915 [INFO] IntegrityCheckThread:86 - entering critical section [integrity check]
2024-02-18 22:55:15,916 [INFO] ThirdPartyUpdaterWithRetryManager:70 - Updater plugin not ready yet. [1/15]
2024-02-18 22:55:16,483 [INFO] PluginManage:359 - Loaded plugin tutovideos (category:base,tabindex:-1)
2024-02-18 22:55:16,483 [INFO] PluginManage:310 - Check plugin updater
2024-02-18 22:55:16,507 [INFO] PluginManage:359 - Loaded plugin updater (category:base,tabindex:12)
2024-02-18 22:55:16,508 [INFO] PluginManage:310 - Check plugin userauth
2024-02-18 22:55:16,515 [INFO] UserAuth:113 - Init User Auth plugin
2024-02-18 22:55:16,516 [INFO] PluginManage:359 - Loaded plugin userauth (category:base,tabindex:14)
2024-02-18 22:55:16,518 [INFO] PluginManage:283 - PluginManage : Loaded plugins [17]
2024-02-18 22:55:16,852 [INFO] PinOutPanel:1499 - setPackage(No Configuration,No Configuration)
2024-02-18 22:55:17,003 [INFO] CADModel:165 - CPN selected for project level
2024-02-18 22:55:17,003 [INFO] CADModel:114 - Register for checkConnection events
2024-02-18 22:55:17,019 [INFO] IPUIPlugin:80 - create IPUIPlugin
2024-02-18 22:55:17,020 [INFO] PluginManager:220 - loadIPPluginJar : add aes
2024-02-18 22:55:17,027 [INFO] IPUIPlugin:80 - create IPUIPlugin
2024-02-18 22:55:17,028 [INFO] PluginManager:220 - loadIPPluginJar : add fmc
2024-02-18 22:55:17,031 [INFO] IPUIPlugin:80 - create IPUIPlugin
2024-02-18 22:55:17,032 [INFO] PluginManager:220 - loadIPPluginJar : add openamp
2024-02-18 22:55:17,035 [INFO] IPUIPlugin:80 - create IPUIPlugin
2024-02-18 22:55:17,036 [INFO] PluginManager:220 - loadIPPluginJar : add spi
2024-02-18 22:55:17,039 [INFO] IPUIPlugin:80 - create IPUIPlugin
2024-02-18 22:55:17,039 [INFO] PluginManager:220 - loadIPPluginJar : add i2s
2024-02-18 22:55:17,043 [INFO] IPUIPlugin:80 - create IPUIPlugin
2024-02-18 22:55:17,044 [INFO] PluginManager:220 - loadIPPluginJar : add dma3
2024-02-18 22:55:17,048 [INFO] IPUIPlugin:80 - create IPUIPlugin
2024-02-18 22:55:17,048 [INFO] PluginManager:220 - loadIPPluginJar : add i2c
2024-02-18 22:55:17,052 [INFO] IPUIPlugin:80 - create IPUIPlugin
2024-02-18 22:55:17,053 [INFO] PluginManager:220 - loadIPPluginJar : add ipddr
2024-02-18 22:55:17,054 [INFO] IPUIPlugin:80 - create IPUIPlugin
2024-02-18 22:55:17,055 [INFO] PluginManager:220 - loadIPPluginJar : add ltdc
2024-02-18 22:55:17,059 [INFO] IPUIPlugin:80 - create IPUIPlugin
2024-02-18 22:55:17,060 [INFO] PluginManager:220 - loadIPPluginJar : add nvic
2024-02-18 22:55:17,063 [INFO] IPUIPlugin:80 - create IPUIPlugin
2024-02-18 22:55:17,064 [INFO] PluginManager:220 - loadIPPluginJar : add hash
2024-02-18 22:55:17,066 [INFO] IPUIPlugin:80 - create IPUIPlugin
2024-02-18 22:55:17,066 [INFO] PluginManager:220 - loadIPPluginJar : add comp
2024-02-18 22:55:17,075 [INFO] IPUIPlugin:80 - create IPUIPlugin
2024-02-18 22:55:17,075 [INFO] PluginManager:220 - loadIPPluginJar : add mdma
2024-02-18 22:55:17,078 [INFO] IPUIPlugin:80 - create IPUIPlugin
2024-02-18 22:55:17,079 [INFO] PluginManager:220 - loadIPPluginJar : add opamp
2024-02-18 22:55:17,086 [INFO] IPUIPlugin:80 - create IPUIPlugin
2024-02-18 22:55:17,086 [INFO] PluginManager:220 - loadIPPluginJar : add gic
2024-02-18 22:55:17,089 [INFO] IPUIPlugin:80 - create IPUIPlugin
2024-02-18 22:55:17,090 [INFO] PluginManager:220 - loadIPPluginJar : add ucpd
2024-02-18 22:55:17,094 [INFO] IPUIPlugin:80 - create IPUIPlugin
2024-02-18 22:55:17,094 [INFO] PluginManager:220 - loadIPPluginJar : add pdm2pcm
2024-02-18 22:55:17,096 [INFO] IPUIPlugin:80 - create IPUIPlugin
2024-02-18 22:55:17,096 [INFO] PluginManager:220 - loadIPPluginJar : add fatfs
2024-02-18 22:55:17,099 [INFO] IPUIPlugin:80 - create IPUIPlugin
2024-02-18 22:55:17,099 [INFO] PluginManager:220 - loadIPPluginJar : add genericplugin
2024-02-18 22:55:17,102 [INFO] IPUIPlugin:80 - create IPUIPlugin
2024-02-18 22:55:17,103 [INFO] PluginManager:220 - loadIPPluginJar : add cryp
2024-02-18 22:55:17,105 [INFO] IPUIPlugin:80 - create IPUIPlugin
2024-02-18 22:55:17,106 [INFO] PluginManager:220 - loadIPPluginJar : add ts
2024-02-18 22:55:17,108 [INFO] IPUIPlugin:80 - create IPUIPlugin
2024-02-18 22:55:17,108 [INFO] PluginManager:220 - loadIPPluginJar : add tim
2024-02-18 22:55:17,112 [INFO] IPUIPlugin:80 - create IPUIPlugin
2024-02-18 22:55:17,112 [INFO] PluginManager:220 - loadIPPluginJar : add can
2024-02-18 22:55:17,120 [INFO] IPUIPlugin:80 - create IPUIPlugin
2024-02-18 22:55:17,121 [INFO] PluginManager:220 - loadIPPluginJar : add adc
2024-02-18 22:55:17,130 [INFO] IPUIPlugin:80 - create IPUIPlugin
2024-02-18 22:55:17,131 [INFO] PluginManager:220 - loadIPPluginJar : add linkedlist
2024-02-18 22:55:17,135 [INFO] IPUIPlugin:80 - create IPUIPlugin
2024-02-18 22:55:17,136 [INFO] PluginManager:220 - loadIPPluginJar : add resmgrutility
2024-02-18 22:55:17,140 [INFO] IPUIPlugin:80 - create IPUIPlugin
2024-02-18 22:55:17,140 [INFO] PluginManager:220 - loadIPPluginJar : add usbx
2024-02-18 22:55:17,143 [INFO] IPUIPlugin:80 - create IPUIPlugin
2024-02-18 22:55:17,143 [INFO] PluginManager:220 - loadIPPluginJar : add usart
2024-02-18 22:55:17,147 [INFO] IPUIPlugin:80 - create IPUIPlugin
2024-02-18 22:55:17,147 [INFO] PluginManager:220 - loadIPPluginJar : add gpio
2024-02-18 22:55:17,152 [INFO] IPUIPlugin:80 - create IPUIPlugin
2024-02-18 22:55:17,152 [INFO] PluginManager:220 - loadIPPluginJar : add touchsensing
2024-02-18 22:55:17,156 [INFO] IPUIPlugin:80 - create IPUIPlugin
2024-02-18 22:55:17,156 [INFO] PluginManager:220 - loadIPPluginJar : add lorawan
2024-02-18 22:55:17,158 [INFO] IPUIPlugin:80 - create IPUIPlugin
2024-02-18 22:55:17,159 [INFO] PluginManager:220 - loadIPPluginJar : add tsc
2024-02-18 22:55:17,162 [INFO] IPUIPlugin:80 - create IPUIPlugin
2024-02-18 22:55:17,162 [INFO] PluginManager:220 - loadIPPluginJar : add tracer_emb
2024-02-18 22:55:17,166 [INFO] IPUIPlugin:80 - create IPUIPlugin
2024-02-18 22:55:17,166 [INFO] PluginManager:220 - loadIPPluginJar : add dfsdm
2024-02-18 22:55:17,168 [INFO] IPUIPlugin:80 - create IPUIPlugin
2024-02-18 22:55:17,169 [INFO] PluginManager:220 - loadIPPluginJar : add gfxmmu
2024-02-18 22:55:17,170 [INFO] IPUIPlugin:80 - create IPUIPlugin
2024-02-18 22:55:17,170 [INFO] PluginManager:220 - loadIPPluginJar : add quadspi
2024-02-18 22:55:17,175 [INFO] IPUIPlugin:80 - create IPUIPlugin
2024-02-18 22:55:17,175 [INFO] PluginManager:220 - loadIPPluginJar : add freertos
2024-02-18 22:55:17,178 [INFO] IPUIPlugin:80 - create IPUIPlugin
2024-02-18 22:55:17,178 [INFO] PluginManager:220 - loadIPPluginJar : add sai
2024-02-18 22:55:17,181 [INFO] IPUIPlugin:80 - create IPUIPlugin
2024-02-18 22:55:17,181 [INFO] PluginManager:220 - loadIPPluginJar : add gtzc
2024-02-18 22:55:17,185 [INFO] IPUIPlugin:80 - create IPUIPlugin
2024-02-18 22:55:17,186 [INFO] PluginManager:220 - loadIPPluginJar : add stm32_wpan
2024-02-18 22:55:17,191 [INFO] IPUIPlugin:80 - create IPUIPlugin
2024-02-18 22:55:17,191 [INFO] PluginManager:220 - loadIPPluginJar : add dma
2024-02-18 22:55:17,194 [INFO] IPUIPlugin:80 - create IPUIPlugin
2024-02-18 22:55:17,194 [INFO] PluginManager:220 - loadIPPluginJar : add i3c
2024-02-18 22:55:17,201 [INFO] IPUIPlugin:80 - create IPUIPlugin
2024-02-18 22:55:17,205 [INFO] PluginManager:220 - loadIPPluginJar : add plateformsettings
2024-02-18 22:55:17,367 [INFO] CADModel:165 - CPN selected for project level
2024-02-18 22:55:17,367 [INFO] CADModel:114 - Register for checkConnection events
2024-02-18 22:55:17,368 [FATAL] Updater:308 - Updater called before beeing initialized
2024-02-18 22:55:17,368 [ERROR] CADModel:125 - Updater not yet initialized, retry later 
2024-02-18 22:55:17,614 [INFO] CADModel:165 - CPN selected for project level
2024-02-18 22:55:17,614 [INFO] CADModel:114 - Register for checkConnection events
2024-02-18 22:55:17,614 [FATAL] Updater:308 - Updater called before beeing initialized
2024-02-18 22:55:17,614 [ERROR] CADModel:125 - Updater not yet initialized, retry later 
2024-02-18 22:55:17,623 [FATAL] Updater:308 - Updater called before beeing initialized
2024-02-18 22:55:17,825 [FATAL] Updater:308 - Updater called before beeing initialized
2024-02-18 22:55:17,839 [INFO] DbMcusAds:53 - JSON generation date=Wed Nov 29 16:22:27 IST 2023 (1701255147349)
2024-02-18 22:55:17,840 [FATAL] Updater:308 - Updater called before beeing initialized
2024-02-18 22:55:17,924 [WARN] DetailPanel:346 - Failed to get advertising image, set to default
2024-02-18 22:55:18,115 [FATAL] Updater:308 - Updater called before beeing initialized
2024-02-18 22:55:18,119 [FATAL] Updater:308 - Updater called before beeing initialized
2024-02-18 22:55:18,119 [FATAL] Updater:308 - Updater called before beeing initialized
2024-02-18 22:55:18,119 [WARN] DetailPanel:346 - Failed to get advertising image, set to default
2024-02-18 22:55:18,121 [FATAL] Updater:308 - Updater called before beeing initialized
2024-02-18 22:55:18,197 [ERROR] Updater:1120 - MainUpdater not yet initialized. External WinMGr cannot be set.
2024-02-18 22:55:18,202 [INFO] Updater:1056 - Updater Version found : 6.9.2
2024-02-18 22:55:18,231 [INFO] ApplicationProperties:184 - Using Application install path: /opt/st/stm32cubeide_1.13.2/plugins/com.st.stm32cube.common.mx_6.9.2.202309101412
2024-02-18 22:55:18,513 [INFO] MainUpdater:2868 - connection check result : 10
2024-02-18 22:55:18,516 [INFO] MainUpdater:285 - Updater Check For Update Now.
2024-02-18 22:55:18,517 [INFO] MicroXplorer:498 - Change Database Version : DB.6.0.92
2024-02-18 22:55:18,527 [INFO] McuFinderGlobals:63 - Set McuFinder mode to 2 (CubeIDE integrated)
2024-02-18 22:55:18,917 [WARN] MainUpdater:1189 - Updater busy. Cannot search thirdparties
2024-02-18 22:55:18,917 [INFO] ThirdPartyUpdaterWithRetryManager:96 - Updater plugin is busy. [1/15]
2024-02-18 22:55:18,949 [INFO] CheckServerUpdateThread:120 - End of CheckServer Thread
2024-02-18 22:55:22,178 [WARN] PackLoader:240 - Cannot read IP mode file for STMicroelectronics.X-CUBE-SMBUS.2.1.0
2024-02-18 22:55:22,189 [WARN] PackLoader:240 - Cannot read IP mode file for STMicroelectronics.X-CUBE-TOUCHGFX.4.23.0
2024-02-18 22:55:22,337 [WARN] PackLoader:240 - Cannot read IP mode file for STMicroelectronics.X-CUBE-AZRTOS-F7.1.1.0
2024-02-18 22:55:22,367 [WARN] PackLoader:240 - Cannot read IP mode file for STMicroelectronics.FP-SNS-MOTENV1.4.3.2
2024-02-18 22:55:22,384 [WARN] PackLoader:240 - Cannot read IP mode file for STMicroelectronics.FP-SNS-FLIGHT1.5.0.2
2024-02-18 22:55:22,410 [WARN] PackLoader:240 - Cannot read IP mode file for STMicroelectronics.X-CUBE-DISPLAY.3.0.0
2024-02-18 22:55:22,447 [WARN] PackLoader:240 - Cannot read IP mode file for STMicroelectronics.X-CUBE-BLE1.7.0.0
2024-02-18 22:55:22,461 [WARN] PackLoader:240 - Cannot read IP mode file for emotas.I-CUBE-CANOPEN.1.3.0
2024-02-18 22:55:22,468 [WARN] PackLoader:240 - Cannot read IP mode file for STMicroelectronics.X-CUBE-TOUCHGFX.4.22.0
2024-02-18 22:55:22,473 [WARN] PackLoader:240 - Cannot read IP mode file for STMicroelectronics.X-CUBE-TOUCHGFX.4.22.1
2024-02-18 22:55:22,485 [WARN] PackLoader:240 - Cannot read IP mode file for STMicroelectronics.FP-SNS-SMARTAG2.1.2.0
2024-02-18 22:55:22,523 [INFO] LogOutputStream:77 - [STDOUT_REDIRECT] 1 : Invalid condition id : UX_CORESTACK_Condition cause : null
2024-02-18 22:55:22,526 [INFO] LogOutputStream:77 - [STDOUT_REDIRECT] 1 : Invalid condition id : UX_CORESTACK_Condition cause : null
2024-02-18 22:55:22,527 [INFO] LogOutputStream:77 - [STDOUT_REDIRECT] 1 : Invalid condition id : UX_CORESTACK_Condition cause : null
2024-02-18 22:55:22,530 [INFO] LogOutputStream:77 - [STDOUT_REDIRECT] 1 : Invalid condition id : UX_CORESTACK_Condition cause : null
2024-02-18 22:55:22,534 [INFO] LogOutputStream:77 - [STDOUT_REDIRECT] 1 : Invalid condition id : UX_CORESTACK_Condition cause : null
2024-02-18 22:55:22,559 [WARN] PackLoader:240 - Cannot read IP mode file for STMicroelectronics.X-CUBE-AZRTOS-WL.2.0.0
2024-02-18 22:55:22,588 [WARN] PackLoader:240 - Cannot read IP mode file for WES.I-CUBE-Cesium.1.3.0
2024-02-18 22:55:22,604 [WARN] PackLoader:240 - Cannot read IP mode file for STMicroelectronics.X-CUBE-BLE2.3.3.0
2024-02-18 22:55:22,631 [WARN] PackLoader:240 - Cannot read IP mode file for STMicroelectronics.X-CUBE-ALGOBUILD.1.3.0
2024-02-18 22:55:22,710 [WARN] PackLoader:240 - Cannot read IP mode file for STMicroelectronics.X-CUBE-AZRTOS-G0.1.1.0
2024-02-18 22:55:22,741 [WARN] PackLoader:240 - Cannot read IP mode file for STMicroelectronics.X-CUBE-NFC4.3.0.0
2024-02-18 22:55:22,805 [WARN] PackLoader:240 - Cannot read IP mode file for STMicroelectronics.X-CUBE-BLEMGR.3.0.0
2024-02-18 22:55:22,822 [WARN] PackLoader:240 - Cannot read IP mode file for STMicroelectronics.FP-ATR-SIGFOX1.3.2.0
2024-02-18 22:55:22,855 [WARN] PackLoader:240 - Cannot read IP mode file for STMicroelectronics.X-CUBE-EEPRMA1.5.1.0
2024-02-18 22:55:23,115 [WARN] PackLoader:240 - Cannot read IP mode file for SEGGER.I-CUBE-embOS.1.3.1
2024-02-18 22:55:23,271 [WARN] PackLoader:240 - Cannot read IP mode file for STMicroelectronics.X-CUBE-GNSS1.6.0.0
2024-02-18 22:55:23,352 [WARN] PackLoader:240 - Cannot read IP mode file for STMicroelectronics.X-CUBE-AZRTOS-F4.1.1.0
2024-02-18 22:55:23,375 [WARN] PackLoader:240 - Cannot read IP mode file for wolfSSL.I-CUBE-wolfSSL.5.6.3
2024-02-18 22:55:23,466 [WARN] PackLoader:240 - Cannot read IP mode file for STMicroelectronics.X-CUBE-AZRTOS-L5.2.0.0
2024-02-18 22:55:23,658 [WARN] PackLoader:240 - Cannot read IP mode file for STMicroelectronics.X-CUBE-MEMS1.9.6.0
2024-02-18 22:55:24,120 [WARN] PackLoader:240 - Cannot read IP mode file for STMicroelectronics.X-CUBE-EEPRMA1.4.2.0
2024-02-18 22:55:24,129 [WARN] PackLoader:240 - Cannot read IP mode file for ITTIA_DB.I-CUBE-ITTIADB.8.8.0
2024-02-18 22:55:24,145 [WARN] PackLoader:240 - Cannot read IP mode file for STMicroelectronics.X-CUBE-BLEMGR.2.0.0
2024-02-18 22:55:24,205 [WARN] ConditionMgr:438 - getConditionDescription Invalid condition id : UX DEVICE CLASS RTOS Condition cause : null
2024-02-18 22:55:24,205 [WARN] ConditionMgr:438 - getConditionDescription Invalid condition id : UX DEVICE CLASS RTOS Condition cause : null
2024-02-18 22:55:24,213 [WARN] PackLoader:240 - Cannot read IP mode file for STMicroelectronics.X-CUBE-AZRTOS-H7.3.1.0
2024-02-18 22:55:24,216 [WARN] ConditionMgr:1039 - genDependencies : Invalid condition id : UX DEVICE CLASS RTOS Condition cause : null
2024-02-18 22:55:24,216 [WARN] ConditionMgr:1039 - genDependencies : Invalid condition id : UX DEVICE CLASS RTOS Condition cause : null
2024-02-18 22:55:24,218 [WARN] ConditionMgr:1039 - genDependencies : Invalid condition id : UX DEVICE CLASS RTOS Condition cause : null
2024-02-18 22:55:24,219 [WARN] ConditionMgr:1039 - genDependencies : Invalid condition id : UX DEVICE CLASS RTOS Condition cause : null
2024-02-18 22:55:24,220 [WARN] ConditionMgr:1039 - genDependencies : Invalid condition id : UX DEVICE CLASS RTOS Condition cause : null
2024-02-18 22:55:24,232 [WARN] PackLoader:240 - Cannot read IP mode file for STMicroelectronics.X-CUBE-NFC7.1.0.1
2024-02-18 22:55:24,260 [WARN] PackLoader:240 - Cannot read IP mode file for STMicroelectronics.X-CUBE-NFC6.3.0.0
2024-02-18 22:55:24,277 [WARN] PackLoader:240 - Cannot read IP mode file for STMicroelectronics.X-CUBE-EEPRMA1.4.1.0
2024-02-18 22:55:24,286 [WARN] PackLoader:240 - Cannot read IP mode file for STMicroelectronics.X-CUBE-AI.8.1.0
2024-02-18 22:55:24,328 [WARN] ConditionMgr:438 - getConditionDescription Invalid condition id : LAN8742 Phy interface Condition cause : null
2024-02-18 22:55:24,329 [WARN] PackLoader:240 - Cannot read IP mode file for STMicroelectronics.X-CUBE-AZRTOS-L4.2.0.0
2024-02-18 22:55:24,332 [WARN] ConditionMgr:1039 - genDependencies : Invalid condition id : LAN8742 Phy interface Condition cause : null
2024-02-18 22:55:24,333 [WARN] ConditionMgr:1039 - genDependencies : Invalid condition id : LAN8742 Phy interface Condition cause : null
2024-02-18 22:55:24,335 [WARN] ConditionMgr:1039 - genDependencies : Invalid condition id : LAN8742 Phy interface Condition cause : null
2024-02-18 22:55:24,349 [WARN] PackLoader:240 - Cannot read IP mode file for STMicroelectronics.X-CUBE-SFXS2LP1.4.0.0
2024-02-18 22:55:24,357 [WARN] PackLoader:240 - Cannot read IP mode file for STMicroelectronics.X-CUBE-ISPU.1.1.0
2024-02-18 22:55:24,386 [WARN] ConditionMgr:438 - getConditionDescription Invalid condition id : UX DEVICE CLASS RTOS Condition cause : null
2024-02-18 22:55:24,386 [WARN] ConditionMgr:438 - getConditionDescription Invalid condition id : UX DEVICE CLASS RTOS Condition cause : null
2024-02-18 22:55:24,391 [WARN] PackLoader:240 - Cannot read IP mode file for STMicroelectronics.X-CUBE-AZRTOS-WB.2.0.0
2024-02-18 22:55:24,392 [WARN] ConditionMgr:1039 - genDependencies : Invalid condition id : UX DEVICE CLASS RTOS Condition cause : null
2024-02-18 22:55:24,393 [WARN] ConditionMgr:1039 - genDependencies : Invalid condition id : UX DEVICE CLASS RTOS Condition cause : null
2024-02-18 22:55:24,394 [WARN] ConditionMgr:1039 - genDependencies : Invalid condition id : UX DEVICE CLASS RTOS Condition cause : null
2024-02-18 22:55:24,395 [WARN] ConditionMgr:1039 - genDependencies : Invalid condition id : UX DEVICE CLASS RTOS Condition cause : null
2024-02-18 22:55:24,395 [WARN] ConditionMgr:1039 - genDependencies : Invalid condition id : UX DEVICE CLASS RTOS Condition cause : null
2024-02-18 22:55:24,416 [WARN] PackLoader:240 - Cannot read IP mode file for STMicroelectronics.X-CUBE-SUBG2.5.0.0
2024-02-18 22:55:24,449 [WARN] PackLoader:240 - Cannot read IP mode file for STMicroelectronics.X-CUBE-TOF1.3.3.1
2024-02-18 22:55:24,500 [WARN] PackLoader:240 - Cannot read IP mode file for STMicroelectronics.X-CUBE-AZRTOS-G4.2.0.0
2024-02-18 22:55:24,537 [WARN] PackLoader:240 - Cannot read IP mode file for Infineon.AIROC-Wi-Fi-Bluetooth-STM32.1.5.1
2024-02-18 22:55:24,552 [WARN] PackLoader:240 - Cannot read IP mode file for STMicroelectronics.FP-SNS-MOTENVWB1.1.3.1
2024-02-18 22:55:24,559 [WARN] PackLoader:240 - Cannot read IP mode file for STMicroelectronics.X-CUBE-ISPU.2.0.0
2024-02-18 22:55:24,658 [WARN] PackLoader:240 - Cannot read IP mode file for STMicroelectronics.X-CUBE-MEMS1.10.0.0
2024-02-18 22:55:24,900 [WARN] PackLoader:240 - Cannot read IP mode file for STMicroelectronics.X-CUBE-FREERTOS.1.1.0
2024-02-18 22:55:24,908 [WARN] PackLoader:240 - Cannot read IP mode file for portGmbH.I-Cube-SoM-uGOAL.1.1.0
2024-02-18 22:55:24,914 [WARN] PackLoader:240 - Cannot read IP mode file for STMicroelectronics.X-CUBE-ALS.1.0.1
2024-02-18 22:55:24,920 [WARN] PackLoader:240 - Cannot read IP mode file for STMicroelectronics.FP-ATR-ASTRA1.2.0.0
2024-02-18 22:55:24,940 [WARN] PackLoader:240 - Cannot read IP mode file for STMicroelectronics.X-CUBE-TOF1.3.4.0
2024-02-18 22:55:25,007 [WARN] PackLoader:240 - Cannot read IP mode file for STMicroelectronics.X-CUBE-AZRTOS-H7.3.2.0
2024-02-18 22:55:25,021 [INFO] ThirdParty:978 - Integrity check success = true
2024-02-18 22:55:25,022 [INFO] IntegrityCheckThread:100 - exiting critical section [integrity check]
2024-02-18 22:55:25,023 [INFO] IntegrityCheckThread:103 - End integrity checks thread
2024-02-18 22:55:39,518 [ERROR] LogOutputStream:75 - [STDERR_REDIRECT] SLF4J: Failed to load class "org.slf4j.impl.StaticLoggerBinder".
2024-02-18 22:55:39,519 [ERROR] LogOutputStream:75 - [STDERR_REDIRECT] SLF4J: Defaulting to no-operation (NOP) logger implementation
2024-02-18 22:55:39,520 [ERROR] LogOutputStream:75 - [STDERR_REDIRECT] SLF4J: See http://www.slf4j.org/codes.html#StaticLoggerBinder for further details.
2024-02-18 22:57:10,428 [INFO] LogOutputStream:77 - [STDOUT_REDIRECT] Unexpected error loading extension: org.eclipse.equinox.p2.metadata.repository.compositeRepository
2024-02-18 22:57:10,429 [ERROR] LogOutputStream:75 - [STDERR_REDIRECT] java.lang.IllegalStateException: bundle org.eclipse.equinox.p2.repositoryis not started
2024-02-18 22:57:10,430 [ERROR] LogOutputStream:75 - [STDERR_REDIRECT] 	at org.eclipse.equinox.internal.p2.repository.Activator.getContext(Activator.java:65)
2024-02-18 22:57:10,430 [ERROR] LogOutputStream:75 - [STDERR_REDIRECT] 	at org.eclipse.equinox.internal.p2.repository.helpers.AbstractRepositoryManager.restoreFromSystemProperty(AbstractRepositoryManager.java:1013)
2024-02-18 22:57:10,431 [ERROR] LogOutputStream:75 - [STDERR_REDIRECT] 	at org.eclipse.equinox.internal.p2.repository.helpers.AbstractRepositoryManager.restoreRepositories(AbstractRepositoryManager.java:1033)
2024-02-18 22:57:10,431 [ERROR] LogOutputStream:75 - [STDERR_REDIRECT] 	at org.eclipse.equinox.internal.p2.repository.helpers.AbstractRepositoryManager.sortSuffixes(AbstractRepositoryManager.java:1112)
2024-02-18 22:57:10,431 [ERROR] LogOutputStream:75 - [STDERR_REDIRECT] 	at org.eclipse.equinox.internal.p2.repository.helpers.AbstractRepositoryManager.loadRepository(AbstractRepositoryManager.java:676)
2024-02-18 22:57:10,432 [ERROR] LogOutputStream:75 - [STDERR_REDIRECT] 	at org.eclipse.equinox.internal.p2.metadata.repository.MetadataRepositoryManager.loadRepository(MetadataRepositoryManager.java:110)
2024-02-18 22:57:10,432 [ERROR] LogOutputStream:75 - [STDERR_REDIRECT] 	at org.eclipse.equinox.internal.p2.metadata.repository.MetadataRepositoryManager.loadRepository(MetadataRepositoryManager.java:105)
2024-02-18 22:57:10,432 [ERROR] LogOutputStream:75 - [STDERR_REDIRECT] 	at org.eclipse.equinox.internal.p2.metadata.repository.CompositeMetadataRepository.addChild(CompositeMetadataRepository.java:171)
2024-02-18 22:57:10,433 [ERROR] LogOutputStream:75 - [STDERR_REDIRECT] 	at org.eclipse.equinox.internal.p2.metadata.repository.CompositeMetadataRepository.<init>(CompositeMetadataRepository.java:113)
2024-02-18 22:57:10,433 [ERROR] LogOutputStream:75 - [STDERR_REDIRECT] 	at org.eclipse.equinox.internal.p2.metadata.repository.CompositeMetadataRepositoryFactory.load(CompositeMetadataRepositoryFactory.java:124)
2024-02-18 22:57:10,434 [ERROR] LogOutputStream:75 - [STDERR_REDIRECT] 	at org.eclipse.equinox.internal.p2.metadata.repository.MetadataRepositoryManager.factoryLoad(MetadataRepositoryManager.java:63)
2024-02-18 22:57:10,434 [ERROR] LogOutputStream:75 - [STDERR_REDIRECT] 	at org.eclipse.equinox.internal.p2.repository.helpers.AbstractRepositoryManager.loadRepository(AbstractRepositoryManager.java:787)
2024-02-18 22:57:10,434 [ERROR] LogOutputStream:75 - [STDERR_REDIRECT] 	at org.eclipse.equinox.internal.p2.repository.helpers.AbstractRepositoryManager.loadRepository(AbstractRepositoryManager.java:685)
2024-02-18 22:57:10,435 [ERROR] LogOutputStream:75 - [STDERR_REDIRECT] 	at org.eclipse.equinox.internal.p2.metadata.repository.MetadataRepositoryManager.loadRepository(MetadataRepositoryManager.java:110)
2024-02-18 22:57:10,435 [ERROR] LogOutputStream:75 - [STDERR_REDIRECT] 	at org.eclipse.equinox.internal.p2.metadata.repository.MetadataRepositoryManager.loadRepository(MetadataRepositoryManager.java:105)
2024-02-18 22:57:10,436 [ERROR] LogOutputStream:75 - [STDERR_REDIRECT] 	at org.eclipse.equinox.internal.p2.updatechecker.UpdateChecker.getAvailableRepositories(UpdateChecker.java:152)
2024-02-18 22:57:10,436 [ERROR] LogOutputStream:75 - [STDERR_REDIRECT] 	at org.eclipse.equinox.internal.p2.updatechecker.UpdateChecker.checkForUpdates(UpdateChecker.java:130)
2024-02-18 22:57:10,436 [ERROR] LogOutputStream:75 - [STDERR_REDIRECT] 	at org.eclipse.equinox.internal.p2.updatechecker.UpdateChecker$UpdateCheckThread.run(UpdateChecker.java:78)
2024-02-18 22:57:10,437 [INFO] LogOutputStream:77 - [STDOUT_REDIRECT] Unexpected error loading extension: org.eclipse.equinox.p2.metadata.repository.simpleRepository
2024-02-18 22:57:10,438 [ERROR] LogOutputStream:75 - [STDERR_REDIRECT] java.lang.IllegalStateException: Attempt to access stopped agent: org.eclipse.equinox.internal.p2.core.ProvisioningAgent@15efd397
2024-02-18 22:57:10,443 [ERROR] LogOutputStream:75 - [STDERR_REDIRECT] 	at org.eclipse.equinox.internal.p2.core.ProvisioningAgent.checkRunning(ProvisioningAgent.java:86)
2024-02-18 22:57:10,444 [ERROR] LogOutputStream:75 - [STDERR_REDIRECT] 	at org.eclipse.equinox.internal.p2.core.ProvisioningAgent.getService(ProvisioningAgent.java:50)
2024-02-18 22:57:10,444 [ERROR] LogOutputStream:75 - [STDERR_REDIRECT] 	at org.eclipse.equinox.p2.core.IProvisioningAgent.getService(IProvisioningAgent.java:86)
2024-02-18 22:57:10,445 [ERROR] LogOutputStream:75 - [STDERR_REDIRECT] 	at org.eclipse.equinox.internal.p2.metadata.repository.SimpleMetadataRepositoryFactory.getLocalFile(SimpleMetadataRepositoryFactory.java:66)
2024-02-18 22:57:10,445 [ERROR] LogOutputStream:75 - [STDERR_REDIRECT] 	at org.eclipse.equinox.internal.p2.metadata.repository.SimpleMetadataRepositoryFactory.load(SimpleMetadataRepositoryFactory.java:89)
2024-02-18 22:57:10,447 [ERROR] LogOutputStream:75 - [STDERR_REDIRECT] 	at org.eclipse.equinox.internal.p2.metadata.repository.MetadataRepositoryManager.factoryLoad(MetadataRepositoryManager.java:63)
2024-02-18 22:57:10,449 [ERROR] LogOutputStream:75 - [STDERR_REDIRECT] 	at org.eclipse.equinox.internal.p2.repository.helpers.AbstractRepositoryManager.loadRepository(AbstractRepositoryManager.java:787)
2024-02-18 22:57:10,450 [ERROR] LogOutputStream:75 - [STDERR_REDIRECT] 	at org.eclipse.equinox.internal.p2.repository.helpers.AbstractRepositoryManager.loadRepository(AbstractRepositoryManager.java:685)
2024-02-18 22:57:10,450 [ERROR] LogOutputStream:75 - [STDERR_REDIRECT] 	at org.eclipse.equinox.internal.p2.metadata.repository.MetadataRepositoryManager.loadRepository(MetadataRepositoryManager.java:110)
2024-02-18 22:57:10,451 [ERROR] LogOutputStream:75 - [STDERR_REDIRECT] 	at org.eclipse.equinox.internal.p2.metadata.repository.MetadataRepositoryManager.loadRepository(MetadataRepositoryManager.java:105)
2024-02-18 22:57:10,451 [ERROR] LogOutputStream:75 - [STDERR_REDIRECT] 	at org.eclipse.equinox.internal.p2.updatechecker.UpdateChecker.getAvailableRepositories(UpdateChecker.java:152)
2024-02-18 22:57:10,451 [ERROR] LogOutputStream:75 - [STDERR_REDIRECT] 	at org.eclipse.equinox.internal.p2.updatechecker.UpdateChecker.checkForUpdates(UpdateChecker.java:130)
2024-02-18 22:57:10,452 [ERROR] LogOutputStream:75 - [STDERR_REDIRECT] 	at org.eclipse.equinox.internal.p2.updatechecker.UpdateChecker$UpdateCheckThread.run(UpdateChecker.java:78)
2024-02-18 22:57:28,581 [INFO] Activator:176 - 


2024-02-18 22:57:28,603 [INFO] Activator:177 - !SESSION log4j initialized
2024-02-18 22:57:31,452 [INFO] LogOutputStream:77 - [STDOUT_REDIRECT] 
2024-02-18 22:57:35,373 [INFO] ApplicationProperties:184 - Using Application install path: /opt/st/stm32cubeide_1.13.2/plugins/com.st.stm32cube.common.mx_6.9.2.202309101412
2024-02-18 22:57:35,400 [INFO] DbMcusXml:78 - Set database path to: /opt/st/stm32cubeide_1.13.2/plugins/com.st.stm32cube.common.mx_6.9.2.202309101412//db//mcu/
2024-02-18 22:57:35,401 [INFO] ApiDb:274 - Set plugin database path to: /opt/st/stm32cubeide_1.13.2/plugins/com.st.stm32cube.common.mx_6.9.2.202309101412//db//plugins/boardmanager/
2024-02-18 22:57:35,402 [WARN] ApiDb:259 - Overriding images path with different value:  => /opt/st/stm32cubeide_1.13.2/plugins/com.st.stm32cube.common.mx_6.9.2.202309101412//db//plugins/mcufinder/images/
2024-02-18 22:57:35,419 [INFO] ApiDb:250 - Set database path to: /home/sayeed/.stmcufinder/plugins/mcufinder//mcu/
2024-02-18 22:57:35,421 [INFO] DbMcusAds:125 - Set database path to: /home/sayeed/.stmcufinder/plugins/mcufinder//mcu/
2024-02-18 22:57:35,424 [INFO] CrossReferenceDbSqlite:203 - Set database path to: /home/sayeed/.stmcufinder/plugins/mcufinder//mcu/cs/
2024-02-18 22:57:35,638 [INFO] RulesReader:64 - Compatibility file has been processed (293 Rules)
2024-02-18 22:57:35,759 [INFO] DbMcusXml:78 - Set database path to: /opt/st/stm32cubeide_1.13.2/plugins/com.st.stm32cube.common.mx_6.9.2.202309101412//db//mcu/
2024-02-18 22:57:35,759 [INFO] ApiDb:274 - Set plugin database path to: /opt/st/stm32cubeide_1.13.2/plugins/com.st.stm32cube.common.mx_6.9.2.202309101412//db//plugins/boardmanager/
2024-02-18 22:57:35,760 [INFO] ApiDb:261 - Set plugin images path to: /opt/st/stm32cubeide_1.13.2/plugins/com.st.stm32cube.common.mx_6.9.2.202309101412//db//plugins/mcufinder/images/
2024-02-18 22:57:35,760 [WARN] DbFile:41 - Overriding database path with different value: /home/sayeed/.stmcufinder/plugins/mcufinder/ => /home/sayeed/.stmcufinder/plugins/mcufinder
2024-02-18 22:57:35,761 [INFO] ApiDb:250 - Set database path to: /home/sayeed/.stmcufinder/plugins/mcufinder//mcu/
2024-02-18 22:57:35,761 [WARN] DbFile:41 - Overriding database path with different value: /home/sayeed/.stmcufinder/plugins/mcufinder/ => /home/sayeed/.stmcufinder/plugins/mcufinder
2024-02-18 22:57:35,761 [INFO] DbMcusAds:125 - Set database path to: /home/sayeed/.stmcufinder/plugins/mcufinder//mcu/
2024-02-18 22:57:35,761 [WARN] DbFile:41 - Overriding database path with different value: /home/sayeed/.stmcufinder/plugins/mcufinder/ => /home/sayeed/.stmcufinder/plugins/mcufinder
2024-02-18 22:57:35,762 [WARN] DbFile:41 - Overriding database path with different value: /home/sayeed/.stmcufinder/plugins/mcufinder/ => /home/sayeed/.stmcufinder/plugins/mcufinder
2024-02-18 22:57:35,762 [INFO] CrossReferenceDbSqlite:203 - Set database path to: /home/sayeed/.stmcufinder/plugins/mcufinder//mcu/cs/
2024-02-18 22:57:35,882 [INFO] MainPanel:262 - HeapMemory: 268435456
2024-02-18 22:57:35,988 [INFO] DbMcusXml:78 - Set database path to: /opt/st/stm32cubeide_1.13.2/plugins/com.st.stm32cube.common.mx_6.9.2.202309101412//db//mcu/
2024-02-18 22:57:35,988 [INFO] ApiDb:274 - Set plugin database path to: /opt/st/stm32cubeide_1.13.2/plugins/com.st.stm32cube.common.mx_6.9.2.202309101412//db//plugins/boardmanager/
2024-02-18 22:57:35,989 [INFO] ApiDb:261 - Set plugin images path to: /opt/st/stm32cubeide_1.13.2/plugins/com.st.stm32cube.common.mx_6.9.2.202309101412//db//plugins/mcufinder/images/
2024-02-18 22:57:35,989 [WARN] DbFile:41 - Overriding database path with different value: /home/sayeed/.stmcufinder/plugins/mcufinder/ => /home/sayeed/.stmcufinder/plugins/mcufinder
2024-02-18 22:57:35,989 [INFO] ApiDb:250 - Set database path to: /home/sayeed/.stmcufinder/plugins/mcufinder//mcu/
2024-02-18 22:57:35,990 [WARN] DbFile:41 - Overriding database path with different value: /home/sayeed/.stmcufinder/plugins/mcufinder/ => /home/sayeed/.stmcufinder/plugins/mcufinder
2024-02-18 22:57:35,990 [INFO] DbMcusAds:125 - Set database path to: /home/sayeed/.stmcufinder/plugins/mcufinder//mcu/
2024-02-18 22:57:35,990 [WARN] DbFile:41 - Overriding database path with different value: /home/sayeed/.stmcufinder/plugins/mcufinder/ => /home/sayeed/.stmcufinder/plugins/mcufinder
2024-02-18 22:57:35,990 [WARN] DbFile:41 - Overriding database path with different value: /home/sayeed/.stmcufinder/plugins/mcufinder/ => /home/sayeed/.stmcufinder/plugins/mcufinder
2024-02-18 22:57:35,990 [INFO] CrossReferenceDbSqlite:203 - Set database path to: /home/sayeed/.stmcufinder/plugins/mcufinder//mcu/cs/
2024-02-18 22:57:36,011 [INFO] ApplicationProperties:184 - Using Application install path: /opt/st/stm32cubeide_1.13.2/plugins/com.st.stm32cube.common.mx_6.9.2.202309101412
2024-02-18 22:57:36,013 [INFO] PluginManage:196 - Search for loadable plugins [exclusion list=, ]
2024-02-18 22:57:36,015 [INFO] PluginManage:310 - Check plugin analytics
2024-02-18 22:57:36,323 [INFO] AnalyticsPlugin:253 - Accepted Software Licenses: 
2024-02-18 22:57:36,323 [INFO] AnalyticsPlugin:255 - Accepted CMSIS Pack Licenses: 
2024-02-18 22:57:36,323 [INFO] AnalyticsPlugin:257 - Accepted Firmware Licenses: FW.F4.1.27.0,FW.G4.1.5.0
2024-02-18 22:57:36,329 [INFO] PluginManage:359 - Loaded plugin analytics (category:tool,tabindex:-1)
2024-02-18 22:57:36,330 [INFO] PluginManage:310 - Check plugin cadmodel
2024-02-18 22:57:36,379 [INFO] CADModel:105 - Init CAD model plugin
2024-02-18 22:57:36,380 [INFO] PluginManage:359 - Loaded plugin cadmodel (category:power,tabindex:5)
2024-02-18 22:57:36,380 [INFO] PluginManage:310 - Check plugin clock
2024-02-18 22:57:36,395 [INFO] PluginManage:359 - Loaded plugin clock (category:base,tabindex:2)
2024-02-18 22:57:36,395 [INFO] PluginManage:310 - Check plugin ddr
2024-02-18 22:57:36,398 [INFO] PluginManage:359 - Loaded plugin ddr (category:tool,tabindex:6)
2024-02-18 22:57:36,398 [INFO] PluginManage:310 - Check plugin filemanager
2024-02-18 22:57:36,602 [INFO] PluginManage:359 - Loaded plugin filemanager (category:base,tabindex:10)
2024-02-18 22:57:36,602 [INFO] PluginManage:310 - Check plugin ipmanager
2024-02-18 22:57:36,611 [INFO] PluginManage:359 - Loaded plugin ipmanager (category:base,tabindex:5)
2024-02-18 22:57:36,612 [INFO] PluginManage:310 - Check plugin lpbam
2024-02-18 22:57:36,623 [INFO] PluginManage:359 - Loaded plugin lpbam (category:base,tabindex:0)
2024-02-18 22:57:36,623 [INFO] PluginManage:310 - Check plugin memorymap
2024-02-18 22:57:36,636 [INFO] PluginManage:359 - Loaded plugin memorymap (category:base,tabindex:4)
2024-02-18 22:57:36,636 [INFO] PluginManage:310 - Check plugin pinoutandconfiguration
2024-02-18 22:57:36,645 [INFO] PluginManage:359 - Loaded plugin pinoutandconfiguration (category:base,tabindex:1)
2024-02-18 22:57:36,645 [INFO] PluginManage:310 - Check plugin pinoutconfig
2024-02-18 22:57:36,780 [WARN] SupportedApi:132 - Cannot load RTOS API schema: s4s-elt-must-match.1: The content of 'definitions' must match (annotation?, (simpleType | complexType)?, (unique | key | keyref)*)). A problem was found starting at: attribute.
2024-02-18 22:57:37,005 [INFO] PluginManage:359 - Loaded plugin pinoutconfig (category:base,tabindex:0)
2024-02-18 22:57:37,005 [INFO] PluginManage:310 - Check plugin power
2024-02-18 22:57:37,020 [INFO] PluginManage:359 - Loaded plugin power (category:power,tabindex:4)
2024-02-18 22:57:37,020 [INFO] PluginManage:310 - Check plugin projectmanager
2024-02-18 22:57:37,048 [INFO] PluginManage:359 - Loaded plugin projectmanager (category:projectmanager,tabindex:3)
2024-02-18 22:57:37,049 [INFO] PluginManage:310 - Check plugin thirdparty
2024-02-18 22:57:37,268 [INFO] PluginManage:359 - Loaded plugin thirdparty (category:base,tabindex:-1)
2024-02-18 22:57:37,269 [INFO] PluginManage:310 - Check plugin tools
2024-02-18 22:57:37,268 [WARN] IntegrityCheckThread:84 - waiting for thirdparty lock release [integrity check]
2024-02-18 22:57:37,270 [INFO] IntegrityCheckThread:86 - entering critical section [integrity check]
2024-02-18 22:57:37,271 [INFO] ThirdPartyUpdaterWithRetryManager:70 - Updater plugin not ready yet. [1/15]
2024-02-18 22:57:37,272 [INFO] PluginManage:359 - Loaded plugin tools (category:base,tabindex:7)
2024-02-18 22:57:37,273 [INFO] PluginManage:310 - Check plugin tutovideos
2024-02-18 22:57:37,492 [INFO] PluginManage:359 - Loaded plugin tutovideos (category:base,tabindex:-1)
2024-02-18 22:57:37,493 [INFO] PluginManage:310 - Check plugin updater
2024-02-18 22:57:37,509 [INFO] PluginManage:359 - Loaded plugin updater (category:base,tabindex:12)
2024-02-18 22:57:37,510 [INFO] PluginManage:310 - Check plugin userauth
2024-02-18 22:57:37,517 [INFO] UserAuth:113 - Init User Auth plugin
2024-02-18 22:57:37,517 [INFO] PluginManage:359 - Loaded plugin userauth (category:base,tabindex:14)
2024-02-18 22:57:37,518 [INFO] PluginManage:283 - PluginManage : Loaded plugins [17]
2024-02-18 22:57:37,857 [INFO] PinOutPanel:1499 - setPackage(No Configuration,No Configuration)
2024-02-18 22:57:38,087 [INFO] CADModel:165 - CPN selected for project level
2024-02-18 22:57:38,087 [INFO] CADModel:114 - Register for checkConnection events
2024-02-18 22:57:38,106 [INFO] IPUIPlugin:80 - create IPUIPlugin
2024-02-18 22:57:38,106 [INFO] PluginManager:220 - loadIPPluginJar : add aes
2024-02-18 22:57:38,115 [INFO] IPUIPlugin:80 - create IPUIPlugin
2024-02-18 22:57:38,115 [INFO] PluginManager:220 - loadIPPluginJar : add fmc
2024-02-18 22:57:38,119 [INFO] IPUIPlugin:80 - create IPUIPlugin
2024-02-18 22:57:38,120 [INFO] PluginManager:220 - loadIPPluginJar : add openamp
2024-02-18 22:57:38,123 [INFO] IPUIPlugin:80 - create IPUIPlugin
2024-02-18 22:57:38,123 [INFO] PluginManager:220 - loadIPPluginJar : add spi
2024-02-18 22:57:38,127 [INFO] IPUIPlugin:80 - create IPUIPlugin
2024-02-18 22:57:38,127 [INFO] PluginManager:220 - loadIPPluginJar : add i2s
2024-02-18 22:57:38,131 [INFO] IPUIPlugin:80 - create IPUIPlugin
2024-02-18 22:57:38,132 [INFO] PluginManager:220 - loadIPPluginJar : add dma3
2024-02-18 22:57:38,136 [INFO] IPUIPlugin:80 - create IPUIPlugin
2024-02-18 22:57:38,136 [INFO] PluginManager:220 - loadIPPluginJar : add i2c
2024-02-18 22:57:38,140 [INFO] IPUIPlugin:80 - create IPUIPlugin
2024-02-18 22:57:38,141 [INFO] PluginManager:220 - loadIPPluginJar : add ipddr
2024-02-18 22:57:38,143 [INFO] IPUIPlugin:80 - create IPUIPlugin
2024-02-18 22:57:38,143 [INFO] PluginManager:220 - loadIPPluginJar : add ltdc
2024-02-18 22:57:38,148 [INFO] IPUIPlugin:80 - create IPUIPlugin
2024-02-18 22:57:38,148 [INFO] PluginManager:220 - loadIPPluginJar : add nvic
2024-02-18 22:57:38,152 [INFO] IPUIPlugin:80 - create IPUIPlugin
2024-02-18 22:57:38,152 [INFO] PluginManager:220 - loadIPPluginJar : add hash
2024-02-18 22:57:38,154 [INFO] IPUIPlugin:80 - create IPUIPlugin
2024-02-18 22:57:38,154 [INFO] PluginManager:220 - loadIPPluginJar : add comp
2024-02-18 22:57:38,164 [INFO] IPUIPlugin:80 - create IPUIPlugin
2024-02-18 22:57:38,164 [INFO] PluginManager:220 - loadIPPluginJar : add mdma
2024-02-18 22:57:38,169 [INFO] IPUIPlugin:80 - create IPUIPlugin
2024-02-18 22:57:38,170 [INFO] PluginManager:220 - loadIPPluginJar : add opamp
2024-02-18 22:57:38,178 [INFO] IPUIPlugin:80 - create IPUIPlugin
2024-02-18 22:57:38,179 [INFO] PluginManager:220 - loadIPPluginJar : add gic
2024-02-18 22:57:38,182 [INFO] IPUIPlugin:80 - create IPUIPlugin
2024-02-18 22:57:38,182 [INFO] PluginManager:220 - loadIPPluginJar : add ucpd
2024-02-18 22:57:38,187 [INFO] IPUIPlugin:80 - create IPUIPlugin
2024-02-18 22:57:38,187 [INFO] PluginManager:220 - loadIPPluginJar : add pdm2pcm
2024-02-18 22:57:38,189 [INFO] IPUIPlugin:80 - create IPUIPlugin
2024-02-18 22:57:38,190 [INFO] PluginManager:220 - loadIPPluginJar : add fatfs
2024-02-18 22:57:38,192 [INFO] IPUIPlugin:80 - create IPUIPlugin
2024-02-18 22:57:38,192 [INFO] PluginManager:220 - loadIPPluginJar : add genericplugin
2024-02-18 22:57:38,196 [INFO] IPUIPlugin:80 - create IPUIPlugin
2024-02-18 22:57:38,196 [INFO] PluginManager:220 - loadIPPluginJar : add cryp
2024-02-18 22:57:38,199 [INFO] IPUIPlugin:80 - create IPUIPlugin
2024-02-18 22:57:38,199 [INFO] PluginManager:220 - loadIPPluginJar : add ts
2024-02-18 22:57:38,202 [INFO] IPUIPlugin:80 - create IPUIPlugin
2024-02-18 22:57:38,202 [INFO] PluginManager:220 - loadIPPluginJar : add tim
2024-02-18 22:57:38,207 [INFO] IPUIPlugin:80 - create IPUIPlugin
2024-02-18 22:57:38,207 [INFO] PluginManager:220 - loadIPPluginJar : add can
2024-02-18 22:57:38,216 [INFO] IPUIPlugin:80 - create IPUIPlugin
2024-02-18 22:57:38,216 [INFO] PluginManager:220 - loadIPPluginJar : add adc
2024-02-18 22:57:38,226 [INFO] IPUIPlugin:80 - create IPUIPlugin
2024-02-18 22:57:38,226 [INFO] PluginManager:220 - loadIPPluginJar : add linkedlist
2024-02-18 22:57:38,231 [INFO] IPUIPlugin:80 - create IPUIPlugin
2024-02-18 22:57:38,231 [INFO] PluginManager:220 - loadIPPluginJar : add resmgrutility
2024-02-18 22:57:38,235 [INFO] IPUIPlugin:80 - create IPUIPlugin
2024-02-18 22:57:38,235 [INFO] PluginManager:220 - loadIPPluginJar : add usbx
2024-02-18 22:57:38,240 [INFO] IPUIPlugin:80 - create IPUIPlugin
2024-02-18 22:57:38,240 [INFO] PluginManager:220 - loadIPPluginJar : add usart
2024-02-18 22:57:38,246 [INFO] IPUIPlugin:80 - create IPUIPlugin
2024-02-18 22:57:38,247 [INFO] PluginManager:220 - loadIPPluginJar : add gpio
2024-02-18 22:57:38,251 [INFO] IPUIPlugin:80 - create IPUIPlugin
2024-02-18 22:57:38,252 [INFO] PluginManager:220 - loadIPPluginJar : add touchsensing
2024-02-18 22:57:38,256 [INFO] IPUIPlugin:80 - create IPUIPlugin
2024-02-18 22:57:38,256 [INFO] PluginManager:220 - loadIPPluginJar : add lorawan
2024-02-18 22:57:38,259 [INFO] IPUIPlugin:80 - create IPUIPlugin
2024-02-18 22:57:38,259 [INFO] PluginManager:220 - loadIPPluginJar : add tsc
2024-02-18 22:57:38,262 [INFO] IPUIPlugin:80 - create IPUIPlugin
2024-02-18 22:57:38,262 [INFO] PluginManager:220 - loadIPPluginJar : add tracer_emb
2024-02-18 22:57:38,267 [INFO] IPUIPlugin:80 - create IPUIPlugin
2024-02-18 22:57:38,267 [INFO] PluginManager:220 - loadIPPluginJar : add dfsdm
2024-02-18 22:57:38,271 [INFO] IPUIPlugin:80 - create IPUIPlugin
2024-02-18 22:57:38,271 [INFO] PluginManager:220 - loadIPPluginJar : add gfxmmu
2024-02-18 22:57:38,273 [INFO] IPUIPlugin:80 - create IPUIPlugin
2024-02-18 22:57:38,274 [INFO] PluginManager:220 - loadIPPluginJar : add quadspi
2024-02-18 22:57:38,282 [INFO] IPUIPlugin:80 - create IPUIPlugin
2024-02-18 22:57:38,282 [INFO] PluginManager:220 - loadIPPluginJar : add freertos
2024-02-18 22:57:38,287 [INFO] IPUIPlugin:80 - create IPUIPlugin
2024-02-18 22:57:38,287 [INFO] PluginManager:220 - loadIPPluginJar : add sai
2024-02-18 22:57:38,292 [INFO] IPUIPlugin:80 - create IPUIPlugin
2024-02-18 22:57:38,292 [INFO] PluginManager:220 - loadIPPluginJar : add gtzc
2024-02-18 22:57:38,299 [INFO] IPUIPlugin:80 - create IPUIPlugin
2024-02-18 22:57:38,300 [INFO] PluginManager:220 - loadIPPluginJar : add stm32_wpan
2024-02-18 22:57:38,308 [INFO] IPUIPlugin:80 - create IPUIPlugin
2024-02-18 22:57:38,309 [INFO] PluginManager:220 - loadIPPluginJar : add dma
2024-02-18 22:57:38,313 [INFO] IPUIPlugin:80 - create IPUIPlugin
2024-02-18 22:57:38,313 [INFO] PluginManager:220 - loadIPPluginJar : add i3c
2024-02-18 22:57:38,323 [INFO] IPUIPlugin:80 - create IPUIPlugin
2024-02-18 22:57:38,327 [INFO] PluginManager:220 - loadIPPluginJar : add plateformsettings
2024-02-18 22:57:38,454 [INFO] CADModel:165 - CPN selected for project level
2024-02-18 22:57:38,454 [INFO] CADModel:114 - Register for checkConnection events
2024-02-18 22:57:38,455 [FATAL] Updater:308 - Updater called before beeing initialized
2024-02-18 22:57:38,455 [ERROR] CADModel:125 - Updater not yet initialized, retry later 
2024-02-18 22:57:38,637 [INFO] CADModel:165 - CPN selected for project level
2024-02-18 22:57:38,638 [INFO] CADModel:114 - Register for checkConnection events
2024-02-18 22:57:38,638 [FATAL] Updater:308 - Updater called before beeing initialized
2024-02-18 22:57:38,638 [ERROR] CADModel:125 - Updater not yet initialized, retry later 
2024-02-18 22:57:38,643 [FATAL] Updater:308 - Updater called before beeing initialized
2024-02-18 22:57:38,799 [FATAL] Updater:308 - Updater called before beeing initialized
2024-02-18 22:57:38,810 [INFO] DbMcusAds:53 - JSON generation date=Wed Nov 29 16:22:27 IST 2023 (1701255147349)
2024-02-18 22:57:38,810 [FATAL] Updater:308 - Updater called before beeing initialized
2024-02-18 22:57:38,873 [WARN] DetailPanel:346 - Failed to get advertising image, set to default
2024-02-18 22:57:39,016 [FATAL] Updater:308 - Updater called before beeing initialized
2024-02-18 22:57:39,018 [FATAL] Updater:308 - Updater called before beeing initialized
2024-02-18 22:57:39,018 [FATAL] Updater:308 - Updater called before beeing initialized
2024-02-18 22:57:39,018 [WARN] DetailPanel:346 - Failed to get advertising image, set to default
2024-02-18 22:57:39,020 [FATAL] Updater:308 - Updater called before beeing initialized
2024-02-18 22:57:39,084 [ERROR] Updater:1120 - MainUpdater not yet initialized. External WinMGr cannot be set.
2024-02-18 22:57:39,087 [INFO] Updater:1056 - Updater Version found : 6.9.2
2024-02-18 22:57:39,116 [INFO] ApplicationProperties:184 - Using Application install path: /opt/st/stm32cubeide_1.13.2/plugins/com.st.stm32cube.common.mx_6.9.2.202309101412
2024-02-18 22:57:39,392 [INFO] MainUpdater:2868 - connection check result : 10
2024-02-18 22:57:39,393 [INFO] MainUpdater:285 - Updater Check For Update Now.
2024-02-18 22:57:39,393 [INFO] MicroXplorer:498 - Change Database Version : DB.6.0.92
2024-02-18 22:57:39,402 [INFO] McuFinderGlobals:63 - Set McuFinder mode to 2 (CubeIDE integrated)
2024-02-18 22:57:39,706 [INFO] CheckServerUpdateThread:120 - End of CheckServer Thread
2024-02-18 22:57:40,498 [WARN] PackLoader:240 - Cannot read IP mode file for STMicroelectronics.X-CUBE-SMBUS.2.1.0
2024-02-18 22:57:40,520 [WARN] PackLoader:240 - Cannot read IP mode file for STMicroelectronics.X-CUBE-TOUCHGFX.4.23.0
2024-02-18 22:57:40,608 [WARN] PackLoader:240 - Cannot read IP mode file for STMicroelectronics.X-CUBE-AZRTOS-F7.1.1.0
2024-02-18 22:57:40,636 [WARN] PackLoader:240 - Cannot read IP mode file for STMicroelectronics.FP-SNS-MOTENV1.4.3.2
2024-02-18 22:57:40,653 [WARN] PackLoader:240 - Cannot read IP mode file for STMicroelectronics.FP-SNS-FLIGHT1.5.0.2
2024-02-18 22:57:40,676 [WARN] PackLoader:240 - Cannot read IP mode file for STMicroelectronics.X-CUBE-DISPLAY.3.0.0
2024-02-18 22:57:40,706 [WARN] PackLoader:240 - Cannot read IP mode file for STMicroelectronics.X-CUBE-BLE1.7.0.0
2024-02-18 22:57:40,719 [WARN] PackLoader:240 - Cannot read IP mode file for emotas.I-CUBE-CANOPEN.1.3.0
2024-02-18 22:57:40,725 [WARN] PackLoader:240 - Cannot read IP mode file for STMicroelectronics.X-CUBE-TOUCHGFX.4.22.0
2024-02-18 22:57:40,730 [WARN] PackLoader:240 - Cannot read IP mode file for STMicroelectronics.X-CUBE-TOUCHGFX.4.22.1
2024-02-18 22:57:40,739 [WARN] PackLoader:240 - Cannot read IP mode file for STMicroelectronics.FP-SNS-SMARTAG2.1.2.0
2024-02-18 22:57:40,773 [INFO] LogOutputStream:77 - [STDOUT_REDIRECT] 1 : Invalid condition id : UX_CORESTACK_Condition cause : null
2024-02-18 22:57:40,775 [INFO] LogOutputStream:77 - [STDOUT_REDIRECT] 1 : Invalid condition id : UX_CORESTACK_Condition cause : null
2024-02-18 22:57:40,775 [INFO] LogOutputStream:77 - [STDOUT_REDIRECT] 1 : Invalid condition id : UX_CORESTACK_Condition cause : null
2024-02-18 22:57:40,776 [INFO] LogOutputStream:77 - [STDOUT_REDIRECT] 1 : Invalid condition id : UX_CORESTACK_Condition cause : null
2024-02-18 22:57:40,777 [INFO] LogOutputStream:77 - [STDOUT_REDIRECT] 1 : Invalid condition id : UX_CORESTACK_Condition cause : null
2024-02-18 22:57:40,791 [WARN] PackLoader:240 - Cannot read IP mode file for STMicroelectronics.X-CUBE-AZRTOS-WL.2.0.0
2024-02-18 22:57:40,814 [WARN] PackLoader:240 - Cannot read IP mode file for WES.I-CUBE-Cesium.1.3.0
2024-02-18 22:57:40,826 [WARN] PackLoader:240 - Cannot read IP mode file for STMicroelectronics.X-CUBE-BLE2.3.3.0
2024-02-18 22:57:40,843 [WARN] PackLoader:240 - Cannot read IP mode file for STMicroelectronics.X-CUBE-ALGOBUILD.1.3.0
2024-02-18 22:57:40,900 [WARN] PackLoader:240 - Cannot read IP mode file for STMicroelectronics.X-CUBE-AZRTOS-G0.1.1.0
2024-02-18 22:57:40,921 [WARN] PackLoader:240 - Cannot read IP mode file for STMicroelectronics.X-CUBE-NFC4.3.0.0
2024-02-18 22:57:40,950 [WARN] PackLoader:240 - Cannot read IP mode file for STMicroelectronics.X-CUBE-BLEMGR.3.0.0
2024-02-18 22:57:40,964 [WARN] PackLoader:240 - Cannot read IP mode file for STMicroelectronics.FP-ATR-SIGFOX1.3.2.0
2024-02-18 22:57:40,978 [WARN] PackLoader:240 - Cannot read IP mode file for STMicroelectronics.X-CUBE-EEPRMA1.5.1.0
2024-02-18 22:57:41,094 [WARN] PackLoader:240 - Cannot read IP mode file for SEGGER.I-CUBE-embOS.1.3.1
2024-02-18 22:57:41,217 [WARN] PackLoader:240 - Cannot read IP mode file for STMicroelectronics.X-CUBE-GNSS1.6.0.0
2024-02-18 22:57:41,312 [WARN] PackLoader:240 - Cannot read IP mode file for STMicroelectronics.X-CUBE-AZRTOS-F4.1.1.0
2024-02-18 22:57:41,343 [WARN] PackLoader:240 - Cannot read IP mode file for wolfSSL.I-CUBE-wolfSSL.5.6.3
2024-02-18 22:57:41,409 [WARN] PackLoader:240 - Cannot read IP mode file for STMicroelectronics.X-CUBE-AZRTOS-L5.2.0.0
2024-02-18 22:57:41,593 [WARN] PackLoader:240 - Cannot read IP mode file for STMicroelectronics.X-CUBE-MEMS1.9.6.0
2024-02-18 22:57:41,868 [WARN] PackLoader:240 - Cannot read IP mode file for STMicroelectronics.X-CUBE-EEPRMA1.4.2.0
2024-02-18 22:57:41,876 [WARN] PackLoader:240 - Cannot read IP mode file for ITTIA_DB.I-CUBE-ITTIADB.8.8.0
2024-02-18 22:57:41,884 [WARN] PackLoader:240 - Cannot read IP mode file for STMicroelectronics.X-CUBE-BLEMGR.2.0.0
2024-02-18 22:57:41,912 [WARN] ConditionMgr:438 - getConditionDescription Invalid condition id : UX DEVICE CLASS RTOS Condition cause : null
2024-02-18 22:57:41,912 [WARN] ConditionMgr:438 - getConditionDescription Invalid condition id : UX DEVICE CLASS RTOS Condition cause : null
2024-02-18 22:57:41,916 [WARN] PackLoader:240 - Cannot read IP mode file for STMicroelectronics.X-CUBE-AZRTOS-H7.3.1.0
2024-02-18 22:57:41,918 [WARN] ConditionMgr:1039 - genDependencies : Invalid condition id : UX DEVICE CLASS RTOS Condition cause : null
2024-02-18 22:57:41,918 [WARN] ConditionMgr:1039 - genDependencies : Invalid condition id : UX DEVICE CLASS RTOS Condition cause : null
2024-02-18 22:57:41,919 [WARN] ConditionMgr:1039 - genDependencies : Invalid condition id : UX DEVICE CLASS RTOS Condition cause : null
2024-02-18 22:57:41,920 [WARN] ConditionMgr:1039 - genDependencies : Invalid condition id : UX DEVICE CLASS RTOS Condition cause : null
2024-02-18 22:57:41,920 [WARN] ConditionMgr:1039 - genDependencies : Invalid condition id : UX DEVICE CLASS RTOS Condition cause : null
2024-02-18 22:57:41,929 [WARN] PackLoader:240 - Cannot read IP mode file for STMicroelectronics.X-CUBE-NFC7.1.0.1
2024-02-18 22:57:41,938 [WARN] PackLoader:240 - Cannot read IP mode file for STMicroelectronics.X-CUBE-NFC6.3.0.0
2024-02-18 22:57:41,947 [WARN] PackLoader:240 - Cannot read IP mode file for STMicroelectronics.X-CUBE-EEPRMA1.4.1.0
2024-02-18 22:57:41,954 [WARN] PackLoader:240 - Cannot read IP mode file for STMicroelectronics.X-CUBE-AI.8.1.0
2024-02-18 22:57:41,998 [WARN] ConditionMgr:438 - getConditionDescription Invalid condition id : LAN8742 Phy interface Condition cause : null
2024-02-18 22:57:41,999 [WARN] PackLoader:240 - Cannot read IP mode file for STMicroelectronics.X-CUBE-AZRTOS-L4.2.0.0
2024-02-18 22:57:42,002 [WARN] ConditionMgr:1039 - genDependencies : Invalid condition id : LAN8742 Phy interface Condition cause : null
2024-02-18 22:57:42,003 [WARN] ConditionMgr:1039 - genDependencies : Invalid condition id : LAN8742 Phy interface Condition cause : null
2024-02-18 22:57:42,034 [WARN] ConditionMgr:1039 - genDependencies : Invalid condition id : LAN8742 Phy interface Condition cause : null
2024-02-18 22:57:42,048 [WARN] PackLoader:240 - Cannot read IP mode file for STMicroelectronics.X-CUBE-SFXS2LP1.4.0.0
2024-02-18 22:57:42,056 [WARN] PackLoader:240 - Cannot read IP mode file for STMicroelectronics.X-CUBE-ISPU.1.1.0
2024-02-18 22:57:42,084 [WARN] ConditionMgr:438 - getConditionDescription Invalid condition id : UX DEVICE CLASS RTOS Condition cause : null
2024-02-18 22:57:42,084 [WARN] ConditionMgr:438 - getConditionDescription Invalid condition id : UX DEVICE CLASS RTOS Condition cause : null
2024-02-18 22:57:42,089 [WARN] PackLoader:240 - Cannot read IP mode file for STMicroelectronics.X-CUBE-AZRTOS-WB.2.0.0
2024-02-18 22:57:42,091 [WARN] ConditionMgr:1039 - genDependencies : Invalid condition id : UX DEVICE CLASS RTOS Condition cause : null
2024-02-18 22:57:42,091 [WARN] ConditionMgr:1039 - genDependencies : Invalid condition id : UX DEVICE CLASS RTOS Condition cause : null
2024-02-18 22:57:42,092 [WARN] ConditionMgr:1039 - genDependencies : Invalid condition id : UX DEVICE CLASS RTOS Condition cause : null
2024-02-18 22:57:42,093 [WARN] ConditionMgr:1039 - genDependencies : Invalid condition id : UX DEVICE CLASS RTOS Condition cause : null
2024-02-18 22:57:42,093 [WARN] ConditionMgr:1039 - genDependencies : Invalid condition id : UX DEVICE CLASS RTOS Condition cause : null
2024-02-18 22:57:42,121 [WARN] PackLoader:240 - Cannot read IP mode file for STMicroelectronics.X-CUBE-SUBG2.5.0.0
2024-02-18 22:57:42,147 [WARN] PackLoader:240 - Cannot read IP mode file for STMicroelectronics.X-CUBE-TOF1.3.3.1
2024-02-18 22:57:42,180 [WARN] PackLoader:240 - Cannot read IP mode file for STMicroelectronics.X-CUBE-AZRTOS-G4.2.0.0
2024-02-18 22:57:42,197 [WARN] PackLoader:240 - Cannot read IP mode file for Infineon.AIROC-Wi-Fi-Bluetooth-STM32.1.5.1
2024-02-18 22:57:42,207 [WARN] PackLoader:240 - Cannot read IP mode file for STMicroelectronics.FP-SNS-MOTENVWB1.1.3.1
2024-02-18 22:57:42,212 [WARN] PackLoader:240 - Cannot read IP mode file for STMicroelectronics.X-CUBE-ISPU.2.0.0
2024-02-18 22:57:42,277 [WARN] PackLoader:240 - Cannot read IP mode file for STMicroelectronics.X-CUBE-MEMS1.10.0.0
2024-02-18 22:57:42,623 [WARN] PackLoader:240 - Cannot read IP mode file for STMicroelectronics.X-CUBE-FREERTOS.1.1.0
2024-02-18 22:57:42,631 [WARN] PackLoader:240 - Cannot read IP mode file for portGmbH.I-Cube-SoM-uGOAL.1.1.0
2024-02-18 22:57:42,637 [WARN] PackLoader:240 - Cannot read IP mode file for STMicroelectronics.X-CUBE-ALS.1.0.1
2024-02-18 22:57:42,643 [WARN] PackLoader:240 - Cannot read IP mode file for STMicroelectronics.FP-ATR-ASTRA1.2.0.0
2024-02-18 22:57:42,664 [WARN] PackLoader:240 - Cannot read IP mode file for STMicroelectronics.X-CUBE-TOF1.3.4.0
2024-02-18 22:57:42,741 [WARN] PackLoader:240 - Cannot read IP mode file for STMicroelectronics.X-CUBE-AZRTOS-H7.3.2.0
2024-02-18 22:57:42,750 [INFO] ThirdParty:978 - Integrity check success = true
2024-02-18 22:57:42,750 [INFO] IntegrityCheckThread:100 - exiting critical section [integrity check]
2024-02-18 22:57:42,750 [INFO] IntegrityCheckThread:103 - End integrity checks thread
2024-02-18 22:57:43,708 [INFO] McuFinderGlobals:63 - Set McuFinder mode to 2 (CubeIDE integrated)
2024-02-18 22:58:05,431 [ERROR] LogOutputStream:75 - [STDERR_REDIRECT] SLF4J: Failed to load class "org.slf4j.impl.StaticLoggerBinder".
2024-02-18 22:58:05,432 [ERROR] LogOutputStream:75 - [STDERR_REDIRECT] SLF4J: Defaulting to no-operation (NOP) logger implementation
2024-02-18 22:58:05,433 [ERROR] LogOutputStream:75 - [STDERR_REDIRECT] SLF4J: See http://www.slf4j.org/codes.html#StaticLoggerBinder for further details.
